2025-11-30 00:47:10,237 [INFO] Activator:176 - 


2025-11-30 00:47:10,241 [INFO] Activator:177 - !SESSION log4j initialized
2025-11-30 00:47:15,077 [INFO] LogOutputStream:77 - [STDOUT_REDIRECT] 
2025-11-30 00:47:16,264 [INFO] ApplicationProperties:184 - Using Application install path: E:\STM32\STM32CubeIDE_1.18.1\STM32CubeIDE\plugins\com.st.stm32cube.common.mx_6.15.0.202507011659
2025-11-30 00:47:16,281 [INFO] DbMcusXml:78 - Set database path to: E:\STM32\STM32CubeIDE_1.18.1\STM32CubeIDE\plugins\com.st.stm32cube.common.mx_6.15.0.202507011659\\db\/mcu/
2025-11-30 00:47:16,281 [INFO] ApiDb:274 - Set plugin database path to: E:\STM32\STM32CubeIDE_1.18.1\STM32CubeIDE\plugins\com.st.stm32cube.common.mx_6.15.0.202507011659\\db\/plugins/boardmanager/
2025-11-30 00:47:16,282 [WARN] ApiDb:259 - Overriding images path with different value:  => E:\STM32\STM32CubeIDE_1.18.1\STM32CubeIDE\plugins\com.st.stm32cube.common.mx_6.15.0.202507011659\\db\/plugins/mcufinder/images/
2025-11-30 00:47:16,291 [INFO] ApiDb:250 - Set database path to: C:\Users\ACER\.stmcufinder\plugins\mcufinder//mcu/
2025-11-30 00:47:16,292 [INFO] DbMcusAds:125 - Set database path to: C:\Users\ACER\.stmcufinder\plugins\mcufinder//mcu/
2025-11-30 00:47:16,294 [INFO] CrossReferenceDbSqlite:203 - Set database path to: C:\Users\ACER\.stmcufinder\plugins\mcufinder//mcu/cs/
2025-11-30 00:47:16,389 [INFO] RulesReader:64 - Compatibility file has been processed (317 Rules)
2025-11-30 00:47:16,457 [INFO] DbMcusXml:78 - Set database path to: E:\STM32\STM32CubeIDE_1.18.1\STM32CubeIDE\plugins\com.st.stm32cube.common.mx_6.15.0.202507011659\\db\/mcu/
2025-11-30 00:47:16,457 [INFO] ApiDb:274 - Set plugin database path to: E:\STM32\STM32CubeIDE_1.18.1\STM32CubeIDE\plugins\com.st.stm32cube.common.mx_6.15.0.202507011659\\db\/plugins/boardmanager/
2025-11-30 00:47:16,457 [INFO] ApiDb:261 - Set plugin images path to: E:\STM32\STM32CubeIDE_1.18.1\STM32CubeIDE\plugins\com.st.stm32cube.common.mx_6.15.0.202507011659\\db\/plugins/mcufinder/images/
2025-11-30 00:47:16,458 [WARN] DbFile:41 - Overriding database path with different value: C:\Users\ACER\.stmcufinder\plugins\mcufinder/ => C:\Users\ACER\.stmcufinder\plugins\mcufinder
2025-11-30 00:47:16,458 [INFO] ApiDb:250 - Set database path to: C:\Users\ACER\.stmcufinder\plugins\mcufinder//mcu/
2025-11-30 00:47:16,458 [WARN] DbFile:41 - Overriding database path with different value: C:\Users\ACER\.stmcufinder\plugins\mcufinder/ => C:\Users\ACER\.stmcufinder\plugins\mcufinder
2025-11-30 00:47:16,458 [INFO] DbMcusAds:125 - Set database path to: C:\Users\ACER\.stmcufinder\plugins\mcufinder//mcu/
2025-11-30 00:47:16,458 [WARN] DbFile:41 - Overriding database path with different value: C:\Users\ACER\.stmcufinder\plugins\mcufinder/ => C:\Users\ACER\.stmcufinder\plugins\mcufinder
2025-11-30 00:47:16,458 [WARN] DbFile:41 - Overriding database path with different value: C:\Users\ACER\.stmcufinder\plugins\mcufinder/ => C:\Users\ACER\.stmcufinder\plugins\mcufinder
2025-11-30 00:47:16,458 [INFO] CrossReferenceDbSqlite:203 - Set database path to: C:\Users\ACER\.stmcufinder\plugins\mcufinder//mcu/cs/
2025-11-30 00:47:16,527 [INFO] MainPanel:274 - HeapMemory: 268435456
2025-11-30 00:47:16,642 [INFO] DbMcusXml:78 - Set database path to: E:\STM32\STM32CubeIDE_1.18.1\STM32CubeIDE\plugins\com.st.stm32cube.common.mx_6.15.0.202507011659\\db\/mcu/
2025-11-30 00:47:16,642 [INFO] ApiDb:274 - Set plugin database path to: E:\STM32\STM32CubeIDE_1.18.1\STM32CubeIDE\plugins\com.st.stm32cube.common.mx_6.15.0.202507011659\\db\/plugins/boardmanager/
2025-11-30 00:47:16,642 [INFO] ApiDb:261 - Set plugin images path to: E:\STM32\STM32CubeIDE_1.18.1\STM32CubeIDE\plugins\com.st.stm32cube.common.mx_6.15.0.202507011659\\db\/plugins/mcufinder/images/
2025-11-30 00:47:16,643 [WARN] DbFile:41 - Overriding database path with different value: C:\Users\ACER\.stmcufinder\plugins\mcufinder/ => C:\Users\ACER\.stmcufinder\plugins\mcufinder
2025-11-30 00:47:16,643 [INFO] ApiDb:250 - Set database path to: C:\Users\ACER\.stmcufinder\plugins\mcufinder//mcu/
2025-11-30 00:47:16,643 [WARN] DbFile:41 - Overriding database path with different value: C:\Users\ACER\.stmcufinder\plugins\mcufinder/ => C:\Users\ACER\.stmcufinder\plugins\mcufinder
2025-11-30 00:47:16,643 [INFO] DbMcusAds:125 - Set database path to: C:\Users\ACER\.stmcufinder\plugins\mcufinder//mcu/
2025-11-30 00:47:16,643 [WARN] DbFile:41 - Overriding database path with different value: C:\Users\ACER\.stmcufinder\plugins\mcufinder/ => C:\Users\ACER\.stmcufinder\plugins\mcufinder
2025-11-30 00:47:16,643 [WARN] DbFile:41 - Overriding database path with different value: C:\Users\ACER\.stmcufinder\plugins\mcufinder/ => C:\Users\ACER\.stmcufinder\plugins\mcufinder
2025-11-30 00:47:16,643 [INFO] CrossReferenceDbSqlite:203 - Set database path to: C:\Users\ACER\.stmcufinder\plugins\mcufinder//mcu/cs/
2025-11-30 00:47:16,677 [INFO] ApplicationProperties:184 - Using Application install path: E:\STM32\STM32CubeIDE_1.18.1\STM32CubeIDE\plugins\com.st.stm32cube.common.mx_6.15.0.202507011659
2025-11-30 00:47:16,678 [INFO] PluginManage:196 - Search for loadable plugins [exclusion list=, ]
2025-11-30 00:47:16,680 [INFO] PluginManage:310 - Check plugin analytics
2025-11-30 00:47:16,830 [INFO] AnalyticsPlugin:253 - Accepted Software Licenses: 
2025-11-30 00:47:16,831 [INFO] AnalyticsPlugin:255 - Accepted CMSIS Pack Licenses: 
2025-11-30 00:47:16,831 [INFO] AnalyticsPlugin:257 - Accepted Firmware Licenses: FW.F4.1.28.0
2025-11-30 00:47:16,832 [INFO] PluginManage:359 - Loaded plugin analytics (category:tool,tabindex:-1)
2025-11-30 00:47:16,833 [INFO] PluginManage:310 - Check plugin cadmodel
2025-11-30 00:47:16,839 [INFO] CADModel:105 - Init CAD model plugin
2025-11-30 00:47:16,839 [INFO] PluginManage:359 - Loaded plugin cadmodel (category:power,tabindex:5)
2025-11-30 00:47:16,839 [INFO] PluginManage:310 - Check plugin clock
2025-11-30 00:47:16,848 [INFO] PluginManage:359 - Loaded plugin clock (category:base,tabindex:2)
2025-11-30 00:47:16,848 [INFO] PluginManage:310 - Check plugin ddr
2025-11-30 00:47:16,850 [INFO] PluginManage:359 - Loaded plugin ddr (category:tool,tabindex:6)
2025-11-30 00:47:16,850 [INFO] PluginManage:310 - Check plugin filemanager
2025-11-30 00:47:16,980 [INFO] PluginManage:359 - Loaded plugin filemanager (category:base,tabindex:10)
2025-11-30 00:47:16,981 [INFO] PluginManage:310 - Check plugin ipmanager
2025-11-30 00:47:16,987 [INFO] PluginManage:359 - Loaded plugin ipmanager (category:base,tabindex:5)
2025-11-30 00:47:16,987 [INFO] PluginManage:310 - Check plugin lpbam
2025-11-30 00:47:16,994 [INFO] PluginManage:359 - Loaded plugin lpbam (category:base,tabindex:0)
2025-11-30 00:47:16,994 [INFO] PluginManage:310 - Check plugin memorymap
2025-11-30 00:47:17,009 [INFO] PluginManage:359 - Loaded plugin memorymap (category:base,tabindex:4)
2025-11-30 00:47:17,009 [INFO] PluginManage:310 - Check plugin pinoutandconfiguration
2025-11-30 00:47:17,017 [INFO] PluginManage:359 - Loaded plugin pinoutandconfiguration (category:base,tabindex:1)
2025-11-30 00:47:17,017 [INFO] PluginManage:310 - Check plugin pinoutconfig
2025-11-30 00:47:17,094 [WARN] SupportedApi:132 - Cannot load RTOS API schema: s4s-elt-must-match.1: The content of 'definitions' must match (annotation?, (simpleType | complexType)?, (unique | key | keyref)*)). A problem was found starting at: attribute.
2025-11-30 00:47:17,229 [INFO] PluginManage:359 - Loaded plugin pinoutconfig (category:base,tabindex:0)
2025-11-30 00:47:17,229 [INFO] PluginManage:310 - Check plugin power
2025-11-30 00:47:17,239 [INFO] PluginManage:359 - Loaded plugin power (category:power,tabindex:4)
2025-11-30 00:47:17,239 [INFO] PluginManage:310 - Check plugin projectmanager
2025-11-30 00:47:17,250 [INFO] PluginManage:359 - Loaded plugin projectmanager (category:projectmanager,tabindex:4)
2025-11-30 00:47:17,251 [INFO] PluginManage:310 - Check plugin rif
2025-11-30 00:47:17,261 [INFO] PluginManage:359 - Loaded plugin rif (category:base,tabindex:3)
2025-11-30 00:47:17,261 [INFO] PluginManage:310 - Check plugin thirdparty
2025-11-30 00:47:17,386 [INFO] PluginManage:359 - Loaded plugin thirdparty (category:base,tabindex:-1)
2025-11-30 00:47:17,386 [WARN] IntegrityCheckThread:84 - waiting for thirdparty lock release [integrity check]
2025-11-30 00:47:17,386 [INFO] IntegrityCheckThread:86 - entering critical section [integrity check]
2025-11-30 00:47:17,386 [INFO] PluginManage:310 - Check plugin tools
2025-11-30 00:47:17,387 [INFO] ThirdPartyUpdaterWithRetryManager:70 - Updater plugin not ready yet. [1/15]
2025-11-30 00:47:17,389 [INFO] PluginManage:359 - Loaded plugin tools (category:base,tabindex:7)
2025-11-30 00:47:17,389 [INFO] PluginManage:310 - Check plugin tutovideos
2025-11-30 00:47:17,571 [INFO] PluginManage:359 - Loaded plugin tutovideos (category:base,tabindex:-1)
2025-11-30 00:47:17,571 [INFO] PluginManage:310 - Check plugin updater
2025-11-30 00:47:17,588 [INFO] PluginManage:359 - Loaded plugin updater (category:base,tabindex:12)
2025-11-30 00:47:17,588 [INFO] PluginManage:310 - Check plugin userauth
2025-11-30 00:47:17,592 [INFO] UserAuth:118 - Init User Auth plugin
2025-11-30 00:47:17,593 [INFO] PluginManage:359 - Loaded plugin userauth (category:base,tabindex:14)
2025-11-30 00:47:17,593 [INFO] PluginManage:283 - PluginManage : Loaded plugins [18]
2025-11-30 00:47:17,782 [INFO] PinOutPanel:1589 - setPackage(No Configuration,No Configuration)
2025-11-30 00:47:17,848 [INFO] CADModel:165 - CPN selected for project level
2025-11-30 00:47:17,848 [INFO] CADModel:114 - Register for checkConnection events
2025-11-30 00:47:17,868 [INFO] IPUIPlugin:80 - create IPUIPlugin
2025-11-30 00:47:17,868 [INFO] PluginManager:220 - loadIPPluginJar : add adc
2025-11-30 00:47:17,870 [INFO] IPUIPlugin:80 - create IPUIPlugin
2025-11-30 00:47:17,870 [INFO] PluginManager:220 - loadIPPluginJar : add aes
2025-11-30 00:47:17,873 [INFO] IPUIPlugin:80 - create IPUIPlugin
2025-11-30 00:47:17,873 [INFO] PluginManager:220 - loadIPPluginJar : add can
2025-11-30 00:47:17,875 [INFO] IPUIPlugin:80 - create IPUIPlugin
2025-11-30 00:47:17,875 [INFO] PluginManager:220 - loadIPPluginJar : add comp
2025-11-30 00:47:17,880 [INFO] IPUIPlugin:80 - create IPUIPlugin
2025-11-30 00:47:17,880 [INFO] PluginManager:220 - loadIPPluginJar : add cryp
2025-11-30 00:47:17,884 [INFO] IPUIPlugin:80 - create IPUIPlugin
2025-11-30 00:47:17,884 [INFO] PluginManager:220 - loadIPPluginJar : add ddr_ctrl_phy
2025-11-30 00:47:17,886 [INFO] IPUIPlugin:80 - create IPUIPlugin
2025-11-30 00:47:17,886 [INFO] PluginManager:220 - loadIPPluginJar : add dfsdm
2025-11-30 00:47:17,891 [INFO] IPUIPlugin:80 - create IPUIPlugin
2025-11-30 00:47:17,891 [INFO] PluginManager:220 - loadIPPluginJar : add dma
2025-11-30 00:47:17,894 [INFO] IPUIPlugin:80 - create IPUIPlugin
2025-11-30 00:47:17,894 [INFO] PluginManager:220 - loadIPPluginJar : add dma3
2025-11-30 00:47:17,897 [INFO] IPUIPlugin:80 - create IPUIPlugin
2025-11-30 00:47:17,897 [INFO] PluginManager:220 - loadIPPluginJar : add extmemmanager
2025-11-30 00:47:17,898 [INFO] IPUIPlugin:80 - create IPUIPlugin
2025-11-30 00:47:17,899 [INFO] PluginManager:220 - loadIPPluginJar : add fatfs
2025-11-30 00:47:17,901 [INFO] IPUIPlugin:80 - create IPUIPlugin
2025-11-30 00:47:17,903 [INFO] PluginManager:220 - loadIPPluginJar : add fmc
2025-11-30 00:47:17,910 [INFO] IPUIPlugin:80 - create IPUIPlugin
2025-11-30 00:47:17,911 [INFO] PluginManager:220 - loadIPPluginJar : add freertos
2025-11-30 00:47:17,912 [INFO] IPUIPlugin:80 - create IPUIPlugin
2025-11-30 00:47:17,912 [INFO] PluginManager:220 - loadIPPluginJar : add genericplugin
2025-11-30 00:47:17,914 [INFO] IPUIPlugin:80 - create IPUIPlugin
2025-11-30 00:47:17,915 [INFO] PluginManager:220 - loadIPPluginJar : add gfxmmu
2025-11-30 00:47:17,918 [INFO] IPUIPlugin:80 - create IPUIPlugin
2025-11-30 00:47:17,919 [INFO] PluginManager:220 - loadIPPluginJar : add gic
2025-11-30 00:47:17,923 [INFO] IPUIPlugin:80 - create IPUIPlugin
2025-11-30 00:47:17,923 [INFO] PluginManager:220 - loadIPPluginJar : add gpio
2025-11-30 00:47:17,926 [INFO] IPUIPlugin:80 - create IPUIPlugin
2025-11-30 00:47:17,926 [INFO] PluginManager:220 - loadIPPluginJar : add gtzc
2025-11-30 00:47:17,929 [INFO] IPUIPlugin:80 - create IPUIPlugin
2025-11-30 00:47:17,929 [INFO] PluginManager:220 - loadIPPluginJar : add hash
2025-11-30 00:47:17,931 [INFO] IPUIPlugin:80 - create IPUIPlugin
2025-11-30 00:47:17,931 [INFO] PluginManager:220 - loadIPPluginJar : add i2c
2025-11-30 00:47:17,933 [INFO] IPUIPlugin:80 - create IPUIPlugin
2025-11-30 00:47:17,933 [INFO] PluginManager:220 - loadIPPluginJar : add i2s
2025-11-30 00:47:17,936 [INFO] IPUIPlugin:80 - create IPUIPlugin
2025-11-30 00:47:17,936 [INFO] PluginManager:220 - loadIPPluginJar : add i3c
2025-11-30 00:47:17,939 [INFO] IPUIPlugin:80 - create IPUIPlugin
2025-11-30 00:47:17,939 [INFO] PluginManager:220 - loadIPPluginJar : add ipddr
2025-11-30 00:47:17,946 [INFO] IPUIPlugin:80 - create IPUIPlugin
2025-11-30 00:47:17,947 [INFO] PluginManager:220 - loadIPPluginJar : add linkedlist
2025-11-30 00:47:17,950 [INFO] IPUIPlugin:80 - create IPUIPlugin
2025-11-30 00:47:17,950 [INFO] PluginManager:220 - loadIPPluginJar : add lorawan
2025-11-30 00:47:17,952 [INFO] IPUIPlugin:80 - create IPUIPlugin
2025-11-30 00:47:17,952 [INFO] PluginManager:220 - loadIPPluginJar : add ltdc
2025-11-30 00:47:17,956 [INFO] IPUIPlugin:80 - create IPUIPlugin
2025-11-30 00:47:17,956 [INFO] PluginManager:220 - loadIPPluginJar : add mdma
2025-11-30 00:47:17,960 [INFO] IPUIPlugin:80 - create IPUIPlugin
2025-11-30 00:47:17,960 [INFO] PluginManager:220 - loadIPPluginJar : add nvic
2025-11-30 00:47:17,963 [INFO] IPUIPlugin:80 - create IPUIPlugin
2025-11-30 00:47:17,964 [INFO] PluginManager:220 - loadIPPluginJar : add opamp
2025-11-30 00:47:17,967 [INFO] IPUIPlugin:80 - create IPUIPlugin
2025-11-30 00:47:17,967 [INFO] PluginManager:220 - loadIPPluginJar : add openamp
2025-11-30 00:47:17,970 [INFO] IPUIPlugin:80 - create IPUIPlugin
2025-11-30 00:47:17,971 [INFO] PluginManager:220 - loadIPPluginJar : add pdm2pcm
2025-11-30 00:47:17,976 [INFO] IPUIPlugin:80 - create IPUIPlugin
2025-11-30 00:47:17,978 [INFO] PluginManager:220 - loadIPPluginJar : add plateformsettings
2025-11-30 00:47:17,980 [INFO] IPUIPlugin:80 - create IPUIPlugin
2025-11-30 00:47:17,980 [INFO] PluginManager:220 - loadIPPluginJar : add quadspi
2025-11-30 00:47:17,984 [INFO] IPUIPlugin:80 - create IPUIPlugin
2025-11-30 00:47:17,984 [INFO] PluginManager:220 - loadIPPluginJar : add radio
2025-11-30 00:47:17,989 [INFO] IPUIPlugin:80 - create IPUIPlugin
2025-11-30 00:47:17,989 [INFO] PluginManager:220 - loadIPPluginJar : add resmgrutility
2025-11-30 00:47:17,992 [INFO] IPUIPlugin:80 - create IPUIPlugin
2025-11-30 00:47:17,992 [INFO] PluginManager:220 - loadIPPluginJar : add sai
2025-11-30 00:47:17,994 [INFO] IPUIPlugin:80 - create IPUIPlugin
2025-11-30 00:47:17,994 [INFO] PluginManager:220 - loadIPPluginJar : add spi
2025-11-30 00:47:17,999 [INFO] IPUIPlugin:80 - create IPUIPlugin
2025-11-30 00:47:17,999 [INFO] PluginManager:220 - loadIPPluginJar : add stm32_wpan
2025-11-30 00:47:18,001 [INFO] IPUIPlugin:80 - create IPUIPlugin
2025-11-30 00:47:18,002 [INFO] PluginManager:220 - loadIPPluginJar : add tim
2025-11-30 00:47:18,004 [INFO] IPUIPlugin:80 - create IPUIPlugin
2025-11-30 00:47:18,004 [INFO] PluginManager:220 - loadIPPluginJar : add touchsensing
2025-11-30 00:47:18,006 [INFO] IPUIPlugin:80 - create IPUIPlugin
2025-11-30 00:47:18,006 [INFO] PluginManager:220 - loadIPPluginJar : add tracer_emb
2025-11-30 00:47:18,008 [INFO] IPUIPlugin:80 - create IPUIPlugin
2025-11-30 00:47:18,008 [INFO] PluginManager:220 - loadIPPluginJar : add ts
2025-11-30 00:47:18,009 [INFO] IPUIPlugin:80 - create IPUIPlugin
2025-11-30 00:47:18,010 [INFO] PluginManager:220 - loadIPPluginJar : add tsc
2025-11-30 00:47:18,011 [INFO] IPUIPlugin:80 - create IPUIPlugin
2025-11-30 00:47:18,011 [INFO] PluginManager:220 - loadIPPluginJar : add ucpd
2025-11-30 00:47:18,013 [INFO] IPUIPlugin:80 - create IPUIPlugin
2025-11-30 00:47:18,013 [INFO] PluginManager:220 - loadIPPluginJar : add usart
2025-11-30 00:47:18,015 [INFO] IPUIPlugin:80 - create IPUIPlugin
2025-11-30 00:47:18,015 [INFO] PluginManager:220 - loadIPPluginJar : add usbx
2025-11-30 00:47:18,127 [FATAL] Updater:351 - Updater called before beeing initialized
2025-11-30 00:47:18,158 [INFO] RulesReader:64 - Compatibility file has been processed (317 Rules)
2025-11-30 00:47:18,168 [INFO] RulesReader:64 - Compatibility file has been processed (317 Rules)
2025-11-30 00:47:18,176 [INFO] CADModel:165 - CPN selected for project level
2025-11-30 00:47:18,176 [INFO] CADModel:114 - Register for checkConnection events
2025-11-30 00:47:18,176 [FATAL] Updater:351 - Updater called before beeing initialized
2025-11-30 00:47:18,176 [ERROR] CADModel:125 - Updater not yet initialized, retry later 
2025-11-30 00:47:18,305 [FATAL] Updater:351 - Updater called before beeing initialized
2025-11-30 00:47:18,308 [INFO] CADModel:165 - CPN selected for project level
2025-11-30 00:47:18,308 [INFO] CADModel:114 - Register for checkConnection events
2025-11-30 00:47:18,308 [FATAL] Updater:351 - Updater called before beeing initialized
2025-11-30 00:47:18,308 [ERROR] CADModel:125 - Updater not yet initialized, retry later 
2025-11-30 00:47:18,311 [FATAL] Updater:351 - Updater called before beeing initialized
2025-11-30 00:47:18,395 [FATAL] Updater:351 - Updater called before beeing initialized
2025-11-30 00:47:18,398 [INFO] DbMcusAds:53 - JSON generation date=Tue Nov 25 21:08:32 ICT 2025 (1764079712287)
2025-11-30 00:47:18,398 [FATAL] Updater:351 - Updater called before beeing initialized
2025-11-30 00:47:18,427 [WARN] DetailPanel:346 - Failed to get advertising image, set to default
2025-11-30 00:47:18,484 [FATAL] Updater:351 - Updater called before beeing initialized
2025-11-30 00:47:18,485 [FATAL] Updater:351 - Updater called before beeing initialized
2025-11-30 00:47:18,485 [FATAL] Updater:351 - Updater called before beeing initialized
2025-11-30 00:47:18,485 [WARN] DetailPanel:346 - Failed to get advertising image, set to default
2025-11-30 00:47:18,486 [FATAL] Updater:351 - Updater called before beeing initialized
2025-11-30 00:47:18,519 [ERROR] Updater:1198 - MainUpdater not yet initialized. External WinMGr cannot be set.
2025-11-30 00:47:18,520 [INFO] Updater:1134 - Updater Version found : 6.15.0
2025-11-30 00:47:18,536 [INFO] ApplicationProperties:184 - Using Application install path: E:\STM32\STM32CubeIDE_1.18.1\STM32CubeIDE\plugins\com.st.stm32cube.common.mx_6.15.0.202507011659
2025-11-30 00:47:20,111 [ERROR] LogOutputStream:75 - [STDERR_REDIRECT] Nov 30, 2025 12:47:20 AM java.util.prefs.WindowsPreferences <init>
2025-11-30 00:47:20,112 [ERROR] LogOutputStream:75 - [STDERR_REDIRECT] WARNING: Could not open/create prefs root node Software\JavaSoft\Prefs at root 0xffffffff80000002. Windows RegCreateKeyEx(...) returned error code 5.
2025-11-30 00:47:20,112 [ERROR] LogOutputStream:75 - [STDERR_REDIRECT] 
2025-11-30 00:47:20,388 [INFO] ThirdPartyUpdaterWithRetryManager:70 - Updater plugin not ready yet. [2/15]
2025-11-30 00:47:20,460 [INFO] MainUpdater:2872 - connection check result : 10
2025-11-30 00:47:20,460 [INFO] MainUpdater:3604 - Updater definition file requires update
2025-11-30 00:47:20,460 [INFO] MainUpdater:289 - Updater Check For Update Now.
2025-11-30 00:47:20,460 [INFO] MicroXplorer:498 - Change Database Version : DB.6.0.150
2025-11-30 00:47:20,466 [INFO] McuFinderGlobals:63 - Set McuFinder mode to 2 (CubeIDE integrated)
2025-11-30 00:47:20,467 [INFO] UserAuth:487 - Internet connection configuration mode: 1
2025-11-30 00:47:20,487 [INFO] JxBrowserEngine:152 - Initiate JxBrowser Engine with user profile folder
2025-11-30 00:47:20,661 [INFO] ServerAccessManage:452 - Complete download http(s) 200
2025-11-30 00:47:20,662 [INFO] ServerAccessManage:509 - Download File updaters.zip
2025-11-30 00:47:20,820 [INFO] FileExtend:248 - Unzip File : updaters.zip
2025-11-30 00:47:20,820 [INFO] FileExtend:263 - Standard Zip Deflate
2025-11-30 00:47:21,105 [INFO] ServerAccessManage:452 - Complete download http(s) 200
2025-11-30 00:47:21,105 [INFO] ServerAccessManage:509 - Download File PacksControlFlags.xml
2025-11-30 00:47:21,242 [INFO] ServerAccessManage:452 - Complete download http(s) 200
2025-11-30 00:47:21,242 [INFO] ServerAccessManage:509 - Download File cubemx.pidx
2025-11-30 00:47:21,393 [INFO] LoadServerUpdatesThread:375 - End of LoadServerUpdate Thread
2025-11-30 00:47:21,561 [INFO] CheckServerUpdateThread:120 - End of CheckServer Thread
2025-11-30 00:47:21,679 [INFO] WebApp:169 - Instantiating new browser for Auth
2025-11-30 00:47:22,379 [INFO] WebApp:463 - Apply proxy settings
2025-11-30 00:47:22,379 [INFO] WebApp:548 - Chromium requires no authentication
2025-11-30 00:47:22,390 [INFO] WebApp:491 - Direct internet connection detected
2025-11-30 00:47:22,416 [INFO] WebApp:900 - Register for checkConnection events
2025-11-30 00:47:22,416 [INFO] WebApp:463 - Apply proxy settings
2025-11-30 00:47:22,416 [INFO] WebApp:548 - Chromium requires no authentication
2025-11-30 00:47:22,417 [INFO] WebApp:491 - Direct internet connection detected
2025-11-30 00:47:22,617 [INFO] WebApp:225 - Starting web application
2025-11-30 00:47:22,617 [INFO] WebApp:593 - Web application path used E:\STM32\STM32CubeIDE_1.18.1\STM32CubeIDE\plugins\com.st.stm32cube.common.mx_6.15.0.202507011659\db\plugins\mcufinder\reactClient1\index.html
2025-11-30 00:47:22,643 [INFO] WebApp:191 - Connection restablished
2025-11-30 00:47:22,784 [INFO] UserAuth:487 - Internet connection configuration mode: 1
2025-11-30 00:47:23,593 [WARN] PackLoader:240 - Cannot read IP mode file for STMicroelectronics.FP-SNS-MOTENVWB1.1.4.0
2025-11-30 00:47:23,599 [WARN] PackLoader:240 - Cannot read IP mode file for STMicroelectronics.FP-ATR-ASTRA1.2.0.2
2025-11-30 00:47:23,606 [WARN] PackLoader:240 - Cannot read IP mode file for STMicroelectronics.X-CUBE-SMBUS.2.1.0
2025-11-30 00:47:23,609 [WARN] PackLoader:240 - Cannot read IP mode file for NimaLTD.I-CUBE-SPIF.2.3.2
2025-11-30 00:47:23,644 [WARN] PackLoader:240 - Cannot read IP mode file for STMicroelectronics.X-CUBE-ST60.1.0.0
2025-11-30 00:47:23,669 [WARN] PackLoader:240 - Cannot read IP mode file for STMicroelectronics.X-CUBE-AZRTOS-F7.1.1.0
2025-11-30 00:47:23,675 [WARN] PackLoader:240 - Cannot read IP mode file for Cesanta.I-CUBE-Mongoose.7.19.0
2025-11-30 00:47:23,677 [WARN] PackLoader:240 - Cannot read IP mode file for STMicroelectronics.FP-SNS-MOTENV1.5.1.0
2025-11-30 00:47:23,696 [WARN] PackLoader:240 - Cannot read IP mode file for Infineon.AIROC-Wi-Fi-Bluetooth-STM32.1.7.0
2025-11-30 00:47:23,716 [WARN] PackLoader:240 - Cannot read IP mode file for Infineon.AIROC-Wi-Fi-Bluetooth-STM32.1.7.1
2025-11-30 00:47:23,733 [WARN] PackLoader:240 - Cannot read IP mode file for STMicroelectronics.X-CUBE-AZRTOS-H7.3.4.0
2025-11-30 00:47:23,740 [WARN] PackLoader:240 - Cannot read IP mode file for STMicroelectronics.X-CUBE-DISPLAY.3.0.0
2025-11-30 00:47:23,749 [WARN] PackLoader:240 - Cannot read IP mode file for STMicroelectronics.X-CUBE-NFC10.1.0.0
2025-11-30 00:47:23,757 [WARN] PackLoader:240 - Cannot read IP mode file for STMicroelectronics.X-CUBE-BLEMGR.4.0.0
2025-11-30 00:47:23,762 [WARN] PackLoader:240 - Cannot read IP mode file for STMicroelectronics.X-CUBE-ST60.1.1.0
2025-11-30 00:47:23,771 [WARN] PackLoader:240 - Cannot read IP mode file for emotas.I-CUBE-CANOPEN.1.3.0
2025-11-30 00:47:23,778 [WARN] PackLoader:240 - Cannot read IP mode file for STMicroelectronics.X-CUBE-GNSS1.7.1.0
2025-11-30 00:47:23,787 [WARN] ConditionMgr:438 - getConditionDescription Invalid condition id : Cortex-A Device cause : null
2025-11-30 00:47:23,799 [WARN] ConditionMgr:1044 - genDependencies : Invalid condition id : Cortex-A Device cause : null
2025-11-30 00:47:23,800 [WARN] ConditionMgr:1044 - genDependencies : Invalid condition id : Cortex-A Device cause : null
2025-11-30 00:47:23,800 [WARN] ConditionMgr:1044 - genDependencies : Invalid condition id : Cortex-A Device cause : null
2025-11-30 00:47:23,805 [WARN] PackLoader:240 - Cannot read IP mode file for STMicroelectronics.X-CUBE-AI.10.0.0
2025-11-30 00:47:23,810 [WARN] PackLoader:240 - Cannot read IP mode file for STMicroelectronics.FP-SNS-STBOX1.2.1.0
2025-11-30 00:47:23,816 [WARN] PackLoader:240 - Cannot read IP mode file for STMicroelectronics.FP-SNS-SMARTAG2.1.2.0
2025-11-30 00:47:23,820 [WARN] PackLoader:240 - Cannot read IP mode file for STMicroelectronics.FP-SNS-FLIGHT1.5.1.0
2025-11-30 00:47:23,826 [INFO] LogOutputStream:77 - [STDOUT_REDIRECT] 1 : Invalid condition id : UX_CORESTACK_Condition cause : null
2025-11-30 00:47:23,826 [INFO] LogOutputStream:77 - [STDOUT_REDIRECT] 1 : Invalid condition id : UX_CORESTACK_Condition cause : null
2025-11-30 00:47:23,827 [INFO] LogOutputStream:77 - [STDOUT_REDIRECT] 1 : Invalid condition id : UX_CORESTACK_Condition cause : null
2025-11-30 00:47:23,828 [INFO] LogOutputStream:77 - [STDOUT_REDIRECT] 1 : Invalid condition id : UX_CORESTACK_Condition cause : null
2025-11-30 00:47:23,828 [INFO] LogOutputStream:77 - [STDOUT_REDIRECT] 1 : Invalid condition id : UX_CORESTACK_Condition cause : null
2025-11-30 00:47:23,832 [WARN] PackLoader:240 - Cannot read IP mode file for STMicroelectronics.X-CUBE-AZRTOS-WL.2.0.0
2025-11-30 00:47:23,835 [WARN] PackLoader:240 - Cannot read IP mode file for STMicroelectronics.FP-SNS-MOTENV1.5.0.0
2025-11-30 00:47:23,847 [WARN] PackLoader:240 - Cannot read IP mode file for STMicroelectronics.X-CUBE-AZRTOS-H7RS.1.2.0
2025-11-30 00:47:23,854 [WARN] PackLoader:240 - Cannot read IP mode file for WES.I-CUBE-Cesium.1.3.0
2025-11-30 00:47:23,858 [WARN] PackLoader:240 - Cannot read IP mode file for STMicroelectronics.X-CUBE-BLE2.3.3.0
2025-11-30 00:47:23,870 [WARN] PackLoader:240 - Cannot read IP mode file for STMicroelectronics.X-CUBE-NFC9.1.0.0
2025-11-30 00:47:23,876 [WARN] PackLoader:240 - Cannot read IP mode file for wolfSSL.I-CUBE-wolfSSL.5.8.0
2025-11-30 00:47:23,879 [WARN] PackLoader:240 - Cannot read IP mode file for wolfSSL.I-CUBE-wolfSSL.5.8.2
2025-11-30 00:47:23,883 [WARN] PackLoader:240 - Cannot read IP mode file for STMicroelectronics.X-CUBE-BLE1.7.1.0
2025-11-30 00:47:23,886 [WARN] PackLoader:240 - Cannot read IP mode file for wolfSSL.I-CUBE-wolfMQTT.1.19.2
2025-11-30 00:47:23,891 [WARN] PackLoader:240 - Cannot read IP mode file for STMicroelectronics.X-CUBE-FREERTOS.1.4.0
2025-11-30 00:47:23,896 [WARN] PackLoader:240 - Cannot read IP mode file for STMicroelectronics.X-CUBE-EEPRMA1.5.2.0
2025-11-30 00:47:23,900 [WARN] PackLoader:240 - Cannot read IP mode file for STMicroelectronics.X-CUBE-ST67W61.1.1.0
2025-11-30 00:47:23,929 [WARN] PackLoader:240 - Cannot read IP mode file for STMicroelectronics.X-CUBE-MEMS1.12.0.0
2025-11-30 00:47:24,026 [WARN] PackLoader:240 - Cannot read IP mode file for STMicroelectronics.X-CUBE-MEMS1.11.2.0
2025-11-30 00:47:24,120 [WARN] PackLoader:240 - Cannot read IP mode file for STMicroelectronics.X-CUBE-AZRTOS-G0.1.1.0
2025-11-30 00:47:24,126 [WARN] PackLoader:240 - Cannot read IP mode file for STMicroelectronics.X-CUBE-SAFEA1.1.2.2
2025-11-30 00:47:24,130 [WARN] PackLoader:240 - Cannot read IP mode file for STMicroelectronics.X-CUBE-NFC4.3.0.0
2025-11-30 00:47:24,136 [WARN] PackLoader:240 - Cannot read IP mode file for EmbeddedOffice.I-CUBE-FS-RTOS.1.0.1
2025-11-30 00:47:24,142 [WARN] PackLoader:240 - Cannot read IP mode file for STMicroelectronics.X-CUBE-WB05N.2.0.0
2025-11-30 00:47:24,146 [WARN] PackLoader:240 - Cannot read IP mode file for wolfSSL.I-CUBE-wolfTPM.3.8.0
2025-11-30 00:47:24,150 [WARN] PackLoader:240 - Cannot read IP mode file for STMicroelectronics.X-CUBE-TCPP.4.2.0
2025-11-30 00:47:24,156 [WARN] PackLoader:240 - Cannot read IP mode file for RealThread.X-CUBE-RT-Thread_Nano.4.1.1
2025-11-30 00:47:24,160 [WARN] PackLoader:240 - Cannot read IP mode file for STMicroelectronics.FP-ATR-SIGFOX1.3.2.0
2025-11-30 00:47:24,166 [WARN] PackLoader:240 - Cannot read IP mode file for STMicroelectronics.X-CUBE-EEPRMA1.5.1.0
2025-11-30 00:47:24,172 [WARN] PackLoader:240 - Cannot read IP mode file for ITTIA_DB.I-CUBE-ITTIADB.8.9.0
2025-11-30 00:47:24,178 [WARN] PackLoader:240 - Cannot read IP mode file for STMicroelectronics.X-CUBE-ST67W61.1.0.0
2025-11-30 00:47:24,182 [WARN] PackLoader:240 - Cannot read IP mode file for STMicroelectronics.X-CUBE-AI.10.2.0
2025-11-30 00:47:24,204 [WARN] PackLoader:240 - Cannot read IP mode file for SEGGER.I-CUBE-embOS.1.3.1
2025-11-30 00:47:24,247 [WARN] PackLoader:240 - Cannot read IP mode file for STMicroelectronics.X-CUBE-ALGOBUILD.1.4.0
2025-11-30 00:47:24,283 [WARN] PackLoader:240 - Cannot read IP mode file for STMicroelectronics.X-CUBE-MEMS1.11.3.0
2025-11-30 00:47:24,367 [WARN] PackLoader:240 - Cannot read IP mode file for STMicroelectronics.X-CUBE-PM33A1.1.0.0
2025-11-30 00:47:24,379 [WARN] PackLoader:240 - Cannot read IP mode file for STMicroelectronics.X-CUBE-AZRTOS-F4.1.1.0
2025-11-30 00:47:24,387 [WARN] PackLoader:240 - Cannot read IP mode file for Avnet-IotConnect.X-CUBE-IoTC-DA16k-PMOD.1.0.0
2025-11-30 00:47:24,392 [WARN] PackLoader:240 - Cannot read IP mode file for STMicroelectronics.X-CUBE-ISPU.2.1.0
2025-11-30 00:47:24,404 [WARN] PackLoader:240 - Cannot read IP mode file for STMicroelectronics.X-CUBE-IPS.3.2.0
2025-11-30 00:47:24,417 [WARN] PackLoader:240 - Cannot read IP mode file for STMicroelectronics.X-CUBE-NFC12.1.0.0
2025-11-30 00:47:24,429 [WARN] PackLoader:240 - Cannot read IP mode file for STMicroelectronics.X-CUBE-AZRTOS-L5.2.0.0
2025-11-30 00:47:24,437 [WARN] PackLoader:240 - Cannot read IP mode file for STMicroelectronics.X-CUBE-NFC6.3.1.0
2025-11-30 00:47:24,444 [WARN] PackLoader:240 - Cannot read IP mode file for NimaLTD.I-CUBE-SPIF.2.0.1
2025-11-30 00:47:24,478 [WARN] PackLoader:240 - Cannot read IP mode file for STMicroelectronics.X-CUBE-FREERTOS.1.3.1
2025-11-30 00:47:24,482 [WARN] PackLoader:240 - Cannot read IP mode file for STMicroelectronics.X-CUBE-FREERTOS.1.3.0
2025-11-30 00:47:24,488 [WARN] PackLoader:240 - Cannot read IP mode file for STMicroelectronics.X-CUBE-NFC7.1.0.1
2025-11-30 00:47:24,494 [WARN] PackLoader:240 - Cannot read IP mode file for STMicroelectronics.X-CUBE-TOUCHGFX.4.26.0
2025-11-30 00:47:24,499 [WARN] PackLoader:240 - Cannot read IP mode file for STMicroelectronics.FP-SNS-STAIOTCFT.1.0.0
2025-11-30 00:47:24,504 [WARN] PackLoader:240 - Cannot read IP mode file for STMicroelectronics.X-CUBE-DPower.1.3.0
2025-11-30 00:47:24,516 [WARN] ConditionMgr:438 - getConditionDescription Invalid condition id : LAN8742 Phy interface Condition cause : null
2025-11-30 00:47:24,517 [WARN] PackLoader:240 - Cannot read IP mode file for STMicroelectronics.X-CUBE-AZRTOS-L4.2.0.0
2025-11-30 00:47:24,517 [WARN] ConditionMgr:1044 - genDependencies : Invalid condition id : LAN8742 Phy interface Condition cause : null
2025-11-30 00:47:24,518 [WARN] ConditionMgr:1044 - genDependencies : Invalid condition id : LAN8742 Phy interface Condition cause : null
2025-11-30 00:47:24,518 [WARN] ConditionMgr:1044 - genDependencies : Invalid condition id : LAN8742 Phy interface Condition cause : null
2025-11-30 00:47:24,524 [WARN] PackLoader:240 - Cannot read IP mode file for STMicroelectronics.X-CUBE-SFXS2LP1.4.0.0
2025-11-30 00:47:24,537 [WARN] PackLoader:240 - Cannot read IP mode file for STMicroelectronics.X-CUBE-AZRTOS-H7.3.3.0
2025-11-30 00:47:24,546 [WARN] PackLoader:240 - Cannot read IP mode file for STMicroelectronics.X-CUBE-BLEMGR.4.1.0
2025-11-30 00:47:24,558 [WARN] ConditionMgr:438 - getConditionDescription Invalid condition id : UX DEVICE CLASS RTOS Condition cause : null
2025-11-30 00:47:24,558 [WARN] ConditionMgr:438 - getConditionDescription Invalid condition id : UX DEVICE CLASS RTOS Condition cause : null
2025-11-30 00:47:24,559 [WARN] PackLoader:240 - Cannot read IP mode file for STMicroelectronics.X-CUBE-AZRTOS-WB.2.0.0
2025-11-30 00:47:24,560 [WARN] ConditionMgr:1044 - genDependencies : Invalid condition id : UX DEVICE CLASS RTOS Condition cause : null
2025-11-30 00:47:24,560 [WARN] ConditionMgr:1044 - genDependencies : Invalid condition id : UX DEVICE CLASS RTOS Condition cause : null
2025-11-30 00:47:24,560 [WARN] ConditionMgr:1044 - genDependencies : Invalid condition id : UX DEVICE CLASS RTOS Condition cause : null
2025-11-30 00:47:24,561 [WARN] ConditionMgr:1044 - genDependencies : Invalid condition id : UX DEVICE CLASS RTOS Condition cause : null
2025-11-30 00:47:24,562 [WARN] ConditionMgr:1044 - genDependencies : Invalid condition id : UX DEVICE CLASS RTOS Condition cause : null
2025-11-30 00:47:24,566 [WARN] PackLoader:240 - Cannot read IP mode file for STMicroelectronics.X-CUBE-GNSS1.7.0.1
2025-11-30 00:47:24,571 [WARN] PackLoader:240 - Cannot read IP mode file for STMicroelectronics.X-CUBE-TOUCHGFX.4.25.0
2025-11-30 00:47:24,576 [WARN] PackLoader:240 - Cannot read IP mode file for STMicroelectronics.FP-SNS-STBOX1.2.0.0
2025-11-30 00:47:24,582 [WARN] ConditionMgr:438 - getConditionDescription Invalid condition id : Cortex-A Device cause : null
2025-11-30 00:47:24,590 [WARN] ConditionMgr:1044 - genDependencies : Invalid condition id : Cortex-A Device cause : null
2025-11-30 00:47:24,590 [WARN] ConditionMgr:1044 - genDependencies : Invalid condition id : Cortex-A Device cause : null
2025-11-30 00:47:24,590 [WARN] ConditionMgr:1044 - genDependencies : Invalid condition id : Cortex-A Device cause : null
2025-11-30 00:47:24,598 [WARN] PackLoader:240 - Cannot read IP mode file for STMicroelectronics.X-CUBE-SUBG2.5.0.0
2025-11-30 00:47:24,613 [WARN] PackLoader:240 - Cannot read IP mode file for STMicroelectronics.X-CUBE-AZRTOS-H7RS.1.1.0
2025-11-30 00:47:24,618 [WARN] PackLoader:240 - Cannot read IP mode file for Cesanta.I-CUBE-Mongoose.7.13.0
2025-11-30 00:47:24,630 [WARN] PackLoader:240 - Cannot read IP mode file for STMicroelectronics.X-CUBE-AZRTOS-G4.2.0.0
2025-11-30 00:47:24,636 [WARN] PackLoader:240 - Cannot read IP mode file for wolfSSL.I-CUBE-wolfSSH.1.4.20
2025-11-30 00:47:24,641 [WARN] PackLoader:240 - Cannot read IP mode file for STMicroelectronics.X-CUBE-NFC7.2.0.0
2025-11-30 00:47:24,650 [WARN] PackLoader:240 - Cannot read IP mode file for STMicroelectronics.X-CUBE-IPS.3.1.0
2025-11-30 00:47:24,659 [WARN] PackLoader:240 - Cannot read IP mode file for STMicroelectronics.X-CUBE-ALS.1.0.2
2025-11-30 00:47:24,665 [WARN] PackLoader:240 - Cannot read IP mode file for STMicroelectronics.X-CUBE-STSE01.1.0.0
2025-11-30 00:47:24,672 [WARN] PackLoader:240 - Cannot read IP mode file for portGmbH.I-Cube-SoM-uGOAL.1.1.0
2025-11-30 00:47:24,679 [WARN] PackLoader:240 - Cannot read IP mode file for STMicroelectronics.X-CUBE-TOF1.3.4.3
2025-11-30 00:47:24,689 [INFO] ThirdParty:978 - Integrity check success = true
2025-11-30 00:47:24,689 [INFO] IntegrityCheckThread:100 - exiting critical section [integrity check]
2025-11-30 00:47:24,689 [INFO] IntegrityCheckThread:103 - End integrity checks thread
2025-11-30 00:51:29,468 [INFO] WebApp:194 - Connection lost
2025-11-30 00:51:29,889 [INFO] WebApp:191 - Connection restablished
2025-11-30 00:57:12,061 [ERROR] LogOutputStream:75 - [STDERR_REDIRECT] 
