2025-12-08 17:37:50,788 [INFO] Activator:176 - 


2025-12-08 17:37:50,791 [INFO] Activator:177 - !SESSION log4j initialized
2025-12-08 17:37:56,009 [INFO] LogOutputStream:77 - [STDOUT_REDIRECT] 
2025-12-08 17:37:59,618 [INFO] ApplicationProperties:184 - Using Application install path: E:\STM32\STM32CubeIDE_1.18.1\STM32CubeIDE\plugins\com.st.stm32cube.common.mx_6.15.0.202507011659
2025-12-08 17:37:59,680 [INFO] DbMcusXml:78 - Set database path to: E:\STM32\STM32CubeIDE_1.18.1\STM32CubeIDE\plugins\com.st.stm32cube.common.mx_6.15.0.202507011659\\db\/mcu/
2025-12-08 17:37:59,680 [INFO] ApiDb:274 - Set plugin database path to: E:\STM32\STM32CubeIDE_1.18.1\STM32CubeIDE\plugins\com.st.stm32cube.common.mx_6.15.0.202507011659\\db\/plugins/boardmanager/
2025-12-08 17:37:59,680 [WARN] ApiDb:259 - Overriding images path with different value:  => E:\STM32\STM32CubeIDE_1.18.1\STM32CubeIDE\plugins\com.st.stm32cube.common.mx_6.15.0.202507011659\\db\/plugins/mcufinder/images/
2025-12-08 17:37:59,698 [INFO] ApiDb:250 - Set database path to: C:\Users\ACER\.stmcufinder\plugins\mcufinder//mcu/
2025-12-08 17:37:59,704 [INFO] DbMcusAds:125 - Set database path to: C:\Users\ACER\.stmcufinder\plugins\mcufinder//mcu/
2025-12-08 17:37:59,704 [INFO] CrossReferenceDbSqlite:203 - Set database path to: C:\Users\ACER\.stmcufinder\plugins\mcufinder//mcu/cs/
2025-12-08 17:37:59,994 [INFO] RulesReader:64 - Compatibility file has been processed (317 Rules)
2025-12-08 17:38:00,148 [INFO] DbMcusXml:78 - Set database path to: E:\STM32\STM32CubeIDE_1.18.1\STM32CubeIDE\plugins\com.st.stm32cube.common.mx_6.15.0.202507011659\\db\/mcu/
2025-12-08 17:38:00,148 [INFO] ApiDb:274 - Set plugin database path to: E:\STM32\STM32CubeIDE_1.18.1\STM32CubeIDE\plugins\com.st.stm32cube.common.mx_6.15.0.202507011659\\db\/plugins/boardmanager/
2025-12-08 17:38:00,148 [INFO] ApiDb:261 - Set plugin images path to: E:\STM32\STM32CubeIDE_1.18.1\STM32CubeIDE\plugins\com.st.stm32cube.common.mx_6.15.0.202507011659\\db\/plugins/mcufinder/images/
2025-12-08 17:38:00,148 [WARN] DbFile:41 - Overriding database path with different value: C:\Users\ACER\.stmcufinder\plugins\mcufinder/ => C:\Users\ACER\.stmcufinder\plugins\mcufinder
2025-12-08 17:38:00,148 [INFO] ApiDb:250 - Set database path to: C:\Users\ACER\.stmcufinder\plugins\mcufinder//mcu/
2025-12-08 17:38:00,148 [WARN] DbFile:41 - Overriding database path with different value: C:\Users\ACER\.stmcufinder\plugins\mcufinder/ => C:\Users\ACER\.stmcufinder\plugins\mcufinder
2025-12-08 17:38:00,148 [INFO] DbMcusAds:125 - Set database path to: C:\Users\ACER\.stmcufinder\plugins\mcufinder//mcu/
2025-12-08 17:38:00,148 [WARN] DbFile:41 - Overriding database path with different value: C:\Users\ACER\.stmcufinder\plugins\mcufinder/ => C:\Users\ACER\.stmcufinder\plugins\mcufinder
2025-12-08 17:38:00,148 [WARN] DbFile:41 - Overriding database path with different value: C:\Users\ACER\.stmcufinder\plugins\mcufinder/ => C:\Users\ACER\.stmcufinder\plugins\mcufinder
2025-12-08 17:38:00,154 [INFO] CrossReferenceDbSqlite:203 - Set database path to: C:\Users\ACER\.stmcufinder\plugins\mcufinder//mcu/cs/
2025-12-08 17:38:00,346 [INFO] MainPanel:274 - HeapMemory: 268435456
2025-12-08 17:38:00,634 [INFO] DbMcusXml:78 - Set database path to: E:\STM32\STM32CubeIDE_1.18.1\STM32CubeIDE\plugins\com.st.stm32cube.common.mx_6.15.0.202507011659\\db\/mcu/
2025-12-08 17:38:00,634 [INFO] ApiDb:274 - Set plugin database path to: E:\STM32\STM32CubeIDE_1.18.1\STM32CubeIDE\plugins\com.st.stm32cube.common.mx_6.15.0.202507011659\\db\/plugins/boardmanager/
2025-12-08 17:38:00,634 [INFO] ApiDb:261 - Set plugin images path to: E:\STM32\STM32CubeIDE_1.18.1\STM32CubeIDE\plugins\com.st.stm32cube.common.mx_6.15.0.202507011659\\db\/plugins/mcufinder/images/
2025-12-08 17:38:00,634 [WARN] DbFile:41 - Overriding database path with different value: C:\Users\ACER\.stmcufinder\plugins\mcufinder/ => C:\Users\ACER\.stmcufinder\plugins\mcufinder
2025-12-08 17:38:00,634 [INFO] ApiDb:250 - Set database path to: C:\Users\ACER\.stmcufinder\plugins\mcufinder//mcu/
2025-12-08 17:38:00,637 [WARN] DbFile:41 - Overriding database path with different value: C:\Users\ACER\.stmcufinder\plugins\mcufinder/ => C:\Users\ACER\.stmcufinder\plugins\mcufinder
2025-12-08 17:38:00,637 [INFO] DbMcusAds:125 - Set database path to: C:\Users\ACER\.stmcufinder\plugins\mcufinder//mcu/
2025-12-08 17:38:00,637 [WARN] DbFile:41 - Overriding database path with different value: C:\Users\ACER\.stmcufinder\plugins\mcufinder/ => C:\Users\ACER\.stmcufinder\plugins\mcufinder
2025-12-08 17:38:00,637 [WARN] DbFile:41 - Overriding database path with different value: C:\Users\ACER\.stmcufinder\plugins\mcufinder/ => C:\Users\ACER\.stmcufinder\plugins\mcufinder
2025-12-08 17:38:00,637 [INFO] CrossReferenceDbSqlite:203 - Set database path to: C:\Users\ACER\.stmcufinder\plugins\mcufinder//mcu/cs/
2025-12-08 17:38:00,674 [INFO] ApplicationProperties:184 - Using Application install path: E:\STM32\STM32CubeIDE_1.18.1\STM32CubeIDE\plugins\com.st.stm32cube.common.mx_6.15.0.202507011659
2025-12-08 17:38:00,674 [INFO] PluginManage:196 - Search for loadable plugins [exclusion list=, ]
2025-12-08 17:38:00,674 [INFO] PluginManage:310 - Check plugin analytics
2025-12-08 17:38:01,046 [INFO] AnalyticsPlugin:253 - Accepted Software Licenses: 
2025-12-08 17:38:01,050 [INFO] AnalyticsPlugin:255 - Accepted CMSIS Pack Licenses: 
2025-12-08 17:38:01,050 [INFO] AnalyticsPlugin:257 - Accepted Firmware Licenses: FW.F4.1.28.0
2025-12-08 17:38:01,054 [INFO] PluginManage:359 - Loaded plugin analytics (category:tool,tabindex:-1)
2025-12-08 17:38:01,054 [INFO] PluginManage:310 - Check plugin cadmodel
2025-12-08 17:38:01,064 [INFO] CADModel:105 - Init CAD model plugin
2025-12-08 17:38:01,064 [INFO] PluginManage:359 - Loaded plugin cadmodel (category:power,tabindex:5)
2025-12-08 17:38:01,064 [INFO] PluginManage:310 - Check plugin clock
2025-12-08 17:38:01,084 [INFO] PluginManage:359 - Loaded plugin clock (category:base,tabindex:2)
2025-12-08 17:38:01,084 [INFO] PluginManage:310 - Check plugin ddr
2025-12-08 17:38:01,093 [INFO] PluginManage:359 - Loaded plugin ddr (category:tool,tabindex:6)
2025-12-08 17:38:01,094 [INFO] PluginManage:310 - Check plugin filemanager
2025-12-08 17:38:01,389 [INFO] PluginManage:359 - Loaded plugin filemanager (category:base,tabindex:10)
2025-12-08 17:38:01,389 [INFO] PluginManage:310 - Check plugin ipmanager
2025-12-08 17:38:01,404 [INFO] PluginManage:359 - Loaded plugin ipmanager (category:base,tabindex:5)
2025-12-08 17:38:01,404 [INFO] PluginManage:310 - Check plugin lpbam
2025-12-08 17:38:01,424 [INFO] PluginManage:359 - Loaded plugin lpbam (category:base,tabindex:0)
2025-12-08 17:38:01,424 [INFO] PluginManage:310 - Check plugin memorymap
2025-12-08 17:38:01,454 [INFO] PluginManage:359 - Loaded plugin memorymap (category:base,tabindex:4)
2025-12-08 17:38:01,454 [INFO] PluginManage:310 - Check plugin pinoutandconfiguration
2025-12-08 17:38:01,478 [INFO] PluginManage:359 - Loaded plugin pinoutandconfiguration (category:base,tabindex:1)
2025-12-08 17:38:01,478 [INFO] PluginManage:310 - Check plugin pinoutconfig
2025-12-08 17:38:01,644 [WARN] SupportedApi:132 - Cannot load RTOS API schema: s4s-elt-must-match.1: The content of 'definitions' must match (annotation?, (simpleType | complexType)?, (unique | key | keyref)*)). A problem was found starting at: attribute.
2025-12-08 17:38:02,004 [INFO] PluginManage:359 - Loaded plugin pinoutconfig (category:base,tabindex:0)
2025-12-08 17:38:02,004 [INFO] PluginManage:310 - Check plugin power
2025-12-08 17:38:02,034 [INFO] PluginManage:359 - Loaded plugin power (category:power,tabindex:4)
2025-12-08 17:38:02,034 [INFO] PluginManage:310 - Check plugin projectmanager
2025-12-08 17:38:02,074 [INFO] PluginManage:359 - Loaded plugin projectmanager (category:projectmanager,tabindex:4)
2025-12-08 17:38:02,074 [INFO] PluginManage:310 - Check plugin rif
2025-12-08 17:38:02,090 [INFO] PluginManage:359 - Loaded plugin rif (category:base,tabindex:3)
2025-12-08 17:38:02,090 [INFO] PluginManage:310 - Check plugin thirdparty
2025-12-08 17:38:02,448 [INFO] PluginManage:359 - Loaded plugin thirdparty (category:base,tabindex:-1)
2025-12-08 17:38:02,448 [INFO] PluginManage:310 - Check plugin tools
2025-12-08 17:38:02,448 [WARN] IntegrityCheckThread:84 - waiting for thirdparty lock release [integrity check]
2025-12-08 17:38:02,448 [INFO] IntegrityCheckThread:86 - entering critical section [integrity check]
2025-12-08 17:38:02,448 [INFO] ThirdPartyUpdaterWithRetryManager:70 - Updater plugin not ready yet. [1/15]
2025-12-08 17:38:02,454 [INFO] PluginManage:359 - Loaded plugin tools (category:base,tabindex:7)
2025-12-08 17:38:02,454 [INFO] PluginManage:310 - Check plugin tutovideos
2025-12-08 17:38:03,069 [INFO] PluginManage:359 - Loaded plugin tutovideos (category:base,tabindex:-1)
2025-12-08 17:38:03,069 [INFO] PluginManage:310 - Check plugin updater
2025-12-08 17:38:03,124 [INFO] PluginManage:359 - Loaded plugin updater (category:base,tabindex:12)
2025-12-08 17:38:03,124 [INFO] PluginManage:310 - Check plugin userauth
2025-12-08 17:38:03,139 [INFO] UserAuth:118 - Init User Auth plugin
2025-12-08 17:38:03,144 [INFO] PluginManage:359 - Loaded plugin userauth (category:base,tabindex:14)
2025-12-08 17:38:03,144 [INFO] PluginManage:283 - PluginManage : Loaded plugins [18]
2025-12-08 17:38:03,854 [INFO] PinOutPanel:1589 - setPackage(No Configuration,No Configuration)
2025-12-08 17:38:04,158 [INFO] CADModel:165 - CPN selected for project level
2025-12-08 17:38:04,158 [INFO] CADModel:114 - Register for checkConnection events
2025-12-08 17:38:04,237 [INFO] IPUIPlugin:80 - create IPUIPlugin
2025-12-08 17:38:04,237 [INFO] PluginManager:220 - loadIPPluginJar : add adc
2025-12-08 17:38:04,244 [INFO] IPUIPlugin:80 - create IPUIPlugin
2025-12-08 17:38:04,244 [INFO] PluginManager:220 - loadIPPluginJar : add aes
2025-12-08 17:38:04,254 [INFO] IPUIPlugin:80 - create IPUIPlugin
2025-12-08 17:38:04,254 [INFO] PluginManager:220 - loadIPPluginJar : add can
2025-12-08 17:38:04,260 [INFO] IPUIPlugin:80 - create IPUIPlugin
2025-12-08 17:38:04,260 [INFO] PluginManager:220 - loadIPPluginJar : add comp
2025-12-08 17:38:04,264 [INFO] IPUIPlugin:80 - create IPUIPlugin
2025-12-08 17:38:04,264 [INFO] PluginManager:220 - loadIPPluginJar : add cryp
2025-12-08 17:38:04,274 [INFO] IPUIPlugin:80 - create IPUIPlugin
2025-12-08 17:38:04,274 [INFO] PluginManager:220 - loadIPPluginJar : add ddr_ctrl_phy
2025-12-08 17:38:04,286 [INFO] IPUIPlugin:80 - create IPUIPlugin
2025-12-08 17:38:04,286 [INFO] PluginManager:220 - loadIPPluginJar : add dfsdm
2025-12-08 17:38:04,304 [INFO] IPUIPlugin:80 - create IPUIPlugin
2025-12-08 17:38:04,304 [INFO] PluginManager:220 - loadIPPluginJar : add dma
2025-12-08 17:38:04,318 [INFO] IPUIPlugin:80 - create IPUIPlugin
2025-12-08 17:38:04,318 [INFO] PluginManager:220 - loadIPPluginJar : add dma3
2025-12-08 17:38:04,325 [INFO] IPUIPlugin:80 - create IPUIPlugin
2025-12-08 17:38:04,330 [INFO] PluginManager:220 - loadIPPluginJar : add extmemmanager
2025-12-08 17:38:04,334 [INFO] IPUIPlugin:80 - create IPUIPlugin
2025-12-08 17:38:04,334 [INFO] PluginManager:220 - loadIPPluginJar : add fatfs
2025-12-08 17:38:04,349 [INFO] IPUIPlugin:80 - create IPUIPlugin
2025-12-08 17:38:04,349 [INFO] PluginManager:220 - loadIPPluginJar : add fmc
2025-12-08 17:38:04,381 [INFO] IPUIPlugin:80 - create IPUIPlugin
2025-12-08 17:38:04,381 [INFO] PluginManager:220 - loadIPPluginJar : add freertos
2025-12-08 17:38:04,384 [INFO] IPUIPlugin:80 - create IPUIPlugin
2025-12-08 17:38:04,384 [INFO] PluginManager:220 - loadIPPluginJar : add genericplugin
2025-12-08 17:38:04,397 [INFO] IPUIPlugin:80 - create IPUIPlugin
2025-12-08 17:38:04,397 [INFO] PluginManager:220 - loadIPPluginJar : add gfxmmu
2025-12-08 17:38:04,414 [INFO] IPUIPlugin:80 - create IPUIPlugin
2025-12-08 17:38:04,416 [INFO] PluginManager:220 - loadIPPluginJar : add gic
2025-12-08 17:38:04,424 [INFO] IPUIPlugin:80 - create IPUIPlugin
2025-12-08 17:38:04,424 [INFO] PluginManager:220 - loadIPPluginJar : add gpio
2025-12-08 17:38:04,434 [INFO] IPUIPlugin:80 - create IPUIPlugin
2025-12-08 17:38:04,435 [INFO] PluginManager:220 - loadIPPluginJar : add gtzc
2025-12-08 17:38:04,441 [INFO] IPUIPlugin:80 - create IPUIPlugin
2025-12-08 17:38:04,441 [INFO] PluginManager:220 - loadIPPluginJar : add hash
2025-12-08 17:38:04,447 [INFO] IPUIPlugin:80 - create IPUIPlugin
2025-12-08 17:38:04,447 [INFO] PluginManager:220 - loadIPPluginJar : add i2c
2025-12-08 17:38:04,459 [INFO] IPUIPlugin:80 - create IPUIPlugin
2025-12-08 17:38:04,460 [INFO] PluginManager:220 - loadIPPluginJar : add i2s
2025-12-08 17:38:04,467 [INFO] IPUIPlugin:80 - create IPUIPlugin
2025-12-08 17:38:04,467 [INFO] PluginManager:220 - loadIPPluginJar : add i3c
2025-12-08 17:38:04,474 [INFO] IPUIPlugin:80 - create IPUIPlugin
2025-12-08 17:38:04,483 [INFO] PluginManager:220 - loadIPPluginJar : add ipddr
2025-12-08 17:38:04,509 [INFO] IPUIPlugin:80 - create IPUIPlugin
2025-12-08 17:38:04,509 [INFO] PluginManager:220 - loadIPPluginJar : add linkedlist
2025-12-08 17:38:04,514 [INFO] IPUIPlugin:80 - create IPUIPlugin
2025-12-08 17:38:04,514 [INFO] PluginManager:220 - loadIPPluginJar : add lorawan
2025-12-08 17:38:04,514 [INFO] IPUIPlugin:80 - create IPUIPlugin
2025-12-08 17:38:04,514 [INFO] PluginManager:220 - loadIPPluginJar : add ltdc
2025-12-08 17:38:04,524 [INFO] IPUIPlugin:80 - create IPUIPlugin
2025-12-08 17:38:04,524 [INFO] PluginManager:220 - loadIPPluginJar : add mdma
2025-12-08 17:38:04,546 [INFO] IPUIPlugin:80 - create IPUIPlugin
2025-12-08 17:38:04,546 [INFO] PluginManager:220 - loadIPPluginJar : add nvic
2025-12-08 17:38:04,564 [INFO] IPUIPlugin:80 - create IPUIPlugin
2025-12-08 17:38:04,564 [INFO] PluginManager:220 - loadIPPluginJar : add opamp
2025-12-08 17:38:04,564 [INFO] IPUIPlugin:80 - create IPUIPlugin
2025-12-08 17:38:04,564 [INFO] PluginManager:220 - loadIPPluginJar : add openamp
2025-12-08 17:38:04,578 [INFO] IPUIPlugin:80 - create IPUIPlugin
2025-12-08 17:38:04,578 [INFO] PluginManager:220 - loadIPPluginJar : add pdm2pcm
2025-12-08 17:38:04,584 [INFO] IPUIPlugin:80 - create IPUIPlugin
2025-12-08 17:38:04,594 [INFO] PluginManager:220 - loadIPPluginJar : add plateformsettings
2025-12-08 17:38:04,604 [INFO] IPUIPlugin:80 - create IPUIPlugin
2025-12-08 17:38:04,604 [INFO] PluginManager:220 - loadIPPluginJar : add quadspi
2025-12-08 17:38:04,620 [INFO] IPUIPlugin:80 - create IPUIPlugin
2025-12-08 17:38:04,620 [INFO] PluginManager:220 - loadIPPluginJar : add radio
2025-12-08 17:38:04,626 [INFO] IPUIPlugin:80 - create IPUIPlugin
2025-12-08 17:38:04,626 [INFO] PluginManager:220 - loadIPPluginJar : add resmgrutility
2025-12-08 17:38:04,644 [INFO] IPUIPlugin:80 - create IPUIPlugin
2025-12-08 17:38:04,644 [INFO] PluginManager:220 - loadIPPluginJar : add sai
2025-12-08 17:38:04,649 [INFO] IPUIPlugin:80 - create IPUIPlugin
2025-12-08 17:38:04,649 [INFO] PluginManager:220 - loadIPPluginJar : add spi
2025-12-08 17:38:04,659 [INFO] IPUIPlugin:80 - create IPUIPlugin
2025-12-08 17:38:04,659 [INFO] PluginManager:220 - loadIPPluginJar : add stm32_wpan
2025-12-08 17:38:04,663 [INFO] IPUIPlugin:80 - create IPUIPlugin
2025-12-08 17:38:04,663 [INFO] PluginManager:220 - loadIPPluginJar : add tim
2025-12-08 17:38:04,667 [INFO] IPUIPlugin:80 - create IPUIPlugin
2025-12-08 17:38:04,669 [INFO] PluginManager:220 - loadIPPluginJar : add touchsensing
2025-12-08 17:38:04,674 [INFO] IPUIPlugin:80 - create IPUIPlugin
2025-12-08 17:38:04,674 [INFO] PluginManager:220 - loadIPPluginJar : add tracer_emb
2025-12-08 17:38:04,690 [INFO] IPUIPlugin:80 - create IPUIPlugin
2025-12-08 17:38:04,690 [INFO] PluginManager:220 - loadIPPluginJar : add ts
2025-12-08 17:38:04,697 [INFO] IPUIPlugin:80 - create IPUIPlugin
2025-12-08 17:38:04,697 [INFO] PluginManager:220 - loadIPPluginJar : add tsc
2025-12-08 17:38:04,697 [INFO] IPUIPlugin:80 - create IPUIPlugin
2025-12-08 17:38:04,697 [INFO] PluginManager:220 - loadIPPluginJar : add ucpd
2025-12-08 17:38:04,705 [INFO] IPUIPlugin:80 - create IPUIPlugin
2025-12-08 17:38:04,705 [INFO] PluginManager:220 - loadIPPluginJar : add usart
2025-12-08 17:38:04,705 [INFO] IPUIPlugin:80 - create IPUIPlugin
2025-12-08 17:38:04,705 [INFO] PluginManager:220 - loadIPPluginJar : add usbx
2025-12-08 17:38:04,949 [FATAL] Updater:351 - Updater called before beeing initialized
2025-12-08 17:38:05,120 [INFO] RulesReader:64 - Compatibility file has been processed (317 Rules)
2025-12-08 17:38:05,230 [INFO] RulesReader:64 - Compatibility file has been processed (317 Rules)
2025-12-08 17:38:05,314 [INFO] CADModel:165 - CPN selected for project level
2025-12-08 17:38:05,314 [INFO] CADModel:114 - Register for checkConnection events
2025-12-08 17:38:05,314 [FATAL] Updater:351 - Updater called before beeing initialized
2025-12-08 17:38:05,314 [ERROR] CADModel:125 - Updater not yet initialized, retry later 
2025-12-08 17:38:05,470 [INFO] ThirdPartyUpdaterWithRetryManager:70 - Updater plugin not ready yet. [2/15]
2025-12-08 17:38:05,902 [FATAL] Updater:351 - Updater called before beeing initialized
2025-12-08 17:38:05,904 [INFO] CADModel:165 - CPN selected for project level
2025-12-08 17:38:05,904 [INFO] CADModel:114 - Register for checkConnection events
2025-12-08 17:38:05,904 [FATAL] Updater:351 - Updater called before beeing initialized
2025-12-08 17:38:05,904 [ERROR] CADModel:125 - Updater not yet initialized, retry later 
2025-12-08 17:38:05,918 [FATAL] Updater:351 - Updater called before beeing initialized
2025-12-08 17:38:06,279 [FATAL] Updater:351 - Updater called before beeing initialized
2025-12-08 17:38:06,290 [INFO] DbMcusAds:53 - JSON generation date=Tue Nov 25 21:08:32 ICT 2025 (1764079712287)
2025-12-08 17:38:06,290 [FATAL] Updater:351 - Updater called before beeing initialized
2025-12-08 17:38:06,385 [WARN] DetailPanel:346 - Failed to get advertising image, set to default
2025-12-08 17:38:06,684 [FATAL] Updater:351 - Updater called before beeing initialized
2025-12-08 17:38:06,687 [FATAL] Updater:351 - Updater called before beeing initialized
2025-12-08 17:38:06,687 [FATAL] Updater:351 - Updater called before beeing initialized
2025-12-08 17:38:06,687 [WARN] DetailPanel:346 - Failed to get advertising image, set to default
2025-12-08 17:38:06,687 [FATAL] Updater:351 - Updater called before beeing initialized
2025-12-08 17:38:06,824 [ERROR] Updater:1198 - MainUpdater not yet initialized. External WinMGr cannot be set.
2025-12-08 17:38:06,824 [INFO] Updater:1134 - Updater Version found : 6.15.0
2025-12-08 17:38:06,859 [INFO] ApplicationProperties:184 - Using Application install path: E:\STM32\STM32CubeIDE_1.18.1\STM32CubeIDE\plugins\com.st.stm32cube.common.mx_6.15.0.202507011659
2025-12-08 17:38:08,473 [FATAL] Updater:351 - Updater called before beeing initialized
2025-12-08 17:38:08,473 [ERROR] IntegrityCheckThread:130 - Cannot retrieve database content from updater: error 21
2025-12-08 17:38:08,473 [INFO] ThirdParty:978 - Integrity check success = false
2025-12-08 17:38:08,473 [INFO] IntegrityCheckThread:100 - exiting critical section [integrity check]
2025-12-08 17:38:08,473 [INFO] IntegrityCheckThread:103 - End integrity checks thread
2025-12-08 17:38:08,531 [ERROR] LogOutputStream:75 - [STDERR_REDIRECT] Dec 08, 2025 5:38:08 PM java.util.prefs.WindowsPreferences <init>
2025-12-08 17:38:08,533 [ERROR] LogOutputStream:75 - [STDERR_REDIRECT] WARNING: Could not open/create prefs root node Software\JavaSoft\Prefs at root 0xffffffff80000002. Windows RegCreateKeyEx(...) returned error code 5.
2025-12-08 17:38:08,533 [ERROR] LogOutputStream:75 - [STDERR_REDIRECT] 
2025-12-08 17:38:09,498 [INFO] MainUpdater:2872 - connection check result : 10
2025-12-08 17:38:09,504 [INFO] MainUpdater:289 - Updater Check For Update Now.
2025-12-08 17:38:09,504 [INFO] MicroXplorer:498 - Change Database Version : DB.6.0.150
2025-12-08 17:38:09,524 [INFO] McuFinderGlobals:63 - Set McuFinder mode to 2 (CubeIDE integrated)
2025-12-08 17:38:09,534 [INFO] UserAuth:487 - Internet connection configuration mode: 1
2025-12-08 17:38:09,641 [INFO] JxBrowserEngine:152 - Initiate JxBrowser Engine with user profile folder
2025-12-08 17:38:10,146 [INFO] CheckServerUpdateThread:120 - End of CheckServer Thread
2025-12-08 17:38:12,045 [INFO] WebApp:169 - Instantiating new browser for Auth
2025-12-08 17:38:13,576 [INFO] WebApp:463 - Apply proxy settings
2025-12-08 17:38:13,576 [INFO] WebApp:548 - Chromium requires no authentication
2025-12-08 17:38:13,594 [INFO] WebApp:491 - Direct internet connection detected
2025-12-08 17:38:13,634 [INFO] WebApp:900 - Register for checkConnection events
2025-12-08 17:38:13,634 [INFO] WebApp:463 - Apply proxy settings
2025-12-08 17:38:13,634 [INFO] WebApp:548 - Chromium requires no authentication
2025-12-08 17:38:13,634 [INFO] WebApp:491 - Direct internet connection detected
2025-12-08 17:38:13,964 [INFO] WebApp:191 - Connection restablished
2025-12-08 17:38:14,632 [INFO] WebApp:225 - Starting web application
2025-12-08 17:38:14,632 [INFO] WebApp:593 - Web application path used E:\STM32\STM32CubeIDE_1.18.1\STM32CubeIDE\plugins\com.st.stm32cube.common.mx_6.15.0.202507011659\db\plugins\mcufinder\reactClient1\index.html
2025-12-08 17:38:15,714 [INFO] UserAuth:487 - Internet connection configuration mode: 1
2025-12-08 18:04:22,451 [INFO] WebApp:194 - Connection lost
2025-12-08 18:04:22,832 [INFO] WebApp:191 - Connection restablished
2025-12-08 18:34:31,896 [INFO] WebApp:194 - Connection lost
2025-12-08 18:34:32,168 [INFO] WebApp:191 - Connection restablished
2025-12-08 19:04:41,905 [INFO] WebApp:194 - Connection lost
2025-12-08 19:04:42,285 [INFO] WebApp:191 - Connection restablished
2025-12-08 19:34:51,944 [INFO] WebApp:194 - Connection lost
2025-12-08 19:34:52,228 [INFO] WebApp:191 - Connection restablished
2025-12-08 20:05:02,454 [INFO] WebApp:194 - Connection lost
2025-12-08 20:05:02,725 [INFO] WebApp:191 - Connection restablished
2025-12-08 20:35:12,422 [INFO] WebApp:194 - Connection lost
2025-12-08 20:35:12,848 [INFO] WebApp:191 - Connection restablished
2025-12-08 20:38:16,937 [INFO] WebApp:194 - Connection lost
2025-12-08 20:38:17,224 [INFO] WebApp:191 - Connection restablished
2025-12-08 21:08:27,474 [INFO] WebApp:194 - Connection lost
2025-12-08 21:08:27,789 [INFO] WebApp:191 - Connection restablished
2025-12-08 21:38:37,442 [INFO] WebApp:194 - Connection lost
2025-12-08 21:38:37,837 [INFO] WebApp:191 - Connection restablished
2025-12-08 22:08:47,424 [INFO] WebApp:194 - Connection lost
2025-12-08 22:08:47,721 [INFO] WebApp:191 - Connection restablished
2025-12-08 22:38:57,914 [INFO] WebApp:194 - Connection lost
2025-12-08 22:38:58,198 [INFO] WebApp:191 - Connection restablished
2025-12-08 23:09:07,934 [INFO] WebApp:194 - Connection lost
2025-12-08 23:09:08,457 [INFO] WebApp:191 - Connection restablished
2025-12-08 23:09:12,922 [INFO] WebApp:194 - Connection lost
2025-12-08 23:09:13,067 [INFO] WebApp:191 - Connection restablished
2025-12-08 23:39:23,438 [INFO] WebApp:194 - Connection lost
2025-12-08 23:39:23,869 [INFO] WebApp:191 - Connection restablished
2025-12-08 23:42:27,144 [ERROR] LogOutputStream:75 - [STDERR_REDIRECT] 
2025-12-08 23:42:27,147 [ERROR] LogOutputStream:75 - [STDERR_REDIRECT] 
