2025-11-22 00:00:37,977 [INFO] MainUpdater:2872 - connection check result : 10
2025-11-22 00:00:38,154 [INFO] McuFinderGlobals:76 - Set McuFinderConnectedMode to true
2025-11-22 00:00:38,163 [INFO] MultiScanPanel:200 - Auto-refresh data requested => check proxy status ongoing
2025-11-22 00:00:38,169 [INFO] FinderPluginLoader:96 - Searching for filters in installed packs
2025-11-22 00:00:39,273 [INFO] LoadUrlFilesThread:185 - End of LoadServerUrlFiles without Thread
2025-11-22 00:00:39,306 [INFO] DetailPanel:341 - Set advertising image to C:/Users/ACER/STM32Cube/Repository/\en.mcu-finder-preevent.jpg
2025-11-22 00:00:56,620 [INFO] MainUpdater:2872 - connection check result : 10
2025-11-22 00:00:56,620 [INFO] MainUpdater:2872 - connection check result : 10
2025-11-22 00:00:56,641 [INFO] MicroXplorer:468 - Change Database Path : 
2025-11-22 00:00:56,641 [INFO] MicroXplorer:498 - Change Database Version : DB.6.0.150
2025-11-22 00:00:56,668 [ERROR] ProjectManagerView:395 - 
java.lang.NullPointerException: Cannot invoke "javax.swing.JTextField.getText()" because the return value of "java.util.List.get(int)" is null
	at com.st.microxplorer.plugins.projectmanager.gui.ProjectChoiceTab$9.caretUpdate(ProjectChoiceTab.java:2706) ~[filemanager.jar:?]
	at javax.swing.text.JTextComponent.fireCaretUpdate(JTextComponent.java:408) ~[?:?]
	at javax.swing.text.JTextComponent$MutableCaretEvent.fire(JTextComponent.java:4484) ~[?:?]
	at javax.swing.text.JTextComponent$MutableCaretEvent.stateChanged(JTextComponent.java:4506) ~[?:?]
	at javax.swing.text.DefaultCaret.fireStateChanged(DefaultCaret.java:857) ~[?:?]
	at javax.swing.text.DefaultCaret.changeCaretPosition(DefaultCaret.java:1343) ~[?:?]
	at javax.swing.text.DefaultCaret.handleSetDot(DefaultCaret.java:1242) ~[?:?]
	at javax.swing.text.DefaultCaret.setDot(DefaultCaret.java:1223) ~[?:?]
	at javax.swing.text.DefaultCaret$Handler.insertUpdate(DefaultCaret.java:1819) ~[?:?]
	at javax.swing.text.AbstractDocument.fireInsertUpdate(AbstractDocument.java:227) ~[?:?]
	at javax.swing.text.AbstractDocument.handleInsertString(AbstractDocument.java:781) ~[?:?]
	at javax.swing.text.AbstractDocument.insertString(AbstractDocument.java:740) ~[?:?]
	at javax.swing.text.PlainDocument.insertString(PlainDocument.java:131) ~[?:?]
	at javax.swing.text.AbstractDocument.replace(AbstractDocument.java:699) ~[?:?]
	at javax.swing.text.JTextComponent.setText(JTextComponent.java:1725) ~[?:?]
	at com.st.microxplorer.plugins.projectmanager.gui.ProjectChoiceTab.createHeapStackFields(ProjectChoiceTab.java:993) ~[filemanager.jar:?]
	at com.st.microxplorer.plugins.projectmanager.gui.ProjectChoiceTab.buildLinkSettingsPanel(ProjectChoiceTab.java:3813) ~[filemanager.jar:?]
	at com.st.microxplorer.plugins.projectmanager.gui.ProjectChoiceTab.defineWindowsFields(ProjectChoiceTab.java:1987) ~[filemanager.jar:?]
	at com.st.microxplorer.plugins.projectmanager.gui.ProjectChoiceTab.updateSettings(ProjectChoiceTab.java:558) ~[filemanager.jar:?]
	at com.st.microxplorer.plugins.projectmanager.gui.ProjectSettingsPanel.UpdateDialog(ProjectSettingsPanel.java:247) ~[filemanager.jar:?]
	at com.st.microxplorer.plugins.projectmanager.ProjectManagerView.propertyChange(ProjectManagerView.java:392) ~[filemanager.jar:?]
	at java.beans.PropertyChangeSupport.fire(PropertyChangeSupport.java:343) ~[?:?]
	at java.beans.PropertyChangeSupport.firePropertyChange(PropertyChangeSupport.java:335) ~[?:?]
	at java.beans.PropertyChangeSupport.firePropertyChange(PropertyChangeSupport.java:268) ~[?:?]
	at com.st.microxplorer.util.MXPropertyChangeSupport.firePropertyChange(MXPropertyChangeSupport.java:54) ~[STM32CubeMX.jar:?]
	at com.st.microxplorer.mxsystem.MxSystem.closeConfig(MxSystem.java:899) ~[STM32CubeMX.jar:?]
	at com.st.microxplorer.maingui.MainPanel.closeConfig(MainPanel.java:792) ~[STM32CubeMX.jar:?]
	at com.st.microxplorer.plugins.filemanager.engine.OpenFileManager.loadConfigurationFile(OpenFileManager.java:288) ~[filemanager.jar:?]
	at com.st.microxplorer.plugins.filemanager.engine.MainFileManager.userLoadConfig(MainFileManager.java:364) ~[filemanager.jar:?]
	at com.st.microxplorer.plugins.filemanager.engine.MainFileManager.userLoadConfig(MainFileManager.java:342) ~[filemanager.jar:?]
	at com.st.microxplorer.plugins.filemanager.FileManagerView.getSpecificTask(FileManagerView.java:264) ~[filemanager.jar:?]
	at com.st.stm32cube.common.mx.editor.CubeMxEditor.getMxTabbedPaneInstance(CubeMxEditor.java:1198) ~[com.st.stm32cube.common.mx_6.15.0.202507011659/:?]
	at com.st.stm32cube.common.mx.editor.CubeMxEditor$12$1.createSwingComponent(CubeMxEditor.java:1068) ~[com.st.stm32cube.common.mx_6.15.0.202507011659/:?]
	at com.st.stm32cube.common.mx.oss.core.awtswtbridge.EmbeddedSwingComposite.doComponentCreation(EmbeddedSwingComposite.java:492) ~[com.st.stm32cube.common.mx.oss_6.15.0.202507011659/:?]
	at com.st.stm32cube.common.mx.oss.core.awtswtbridge.EmbeddedSwingComposite$4.run(EmbeddedSwingComposite.java:291) ~[com.st.stm32cube.common.mx.oss_6.15.0.202507011659/:?]
	at com.st.stm32cube.common.mx.oss.core.awtswtbridge.AwtEnvironment$2.run(AwtEnvironment.java:166) ~[com.st.stm32cube.common.mx.oss_6.15.0.202507011659/:?]
	at java.awt.event.InvocationEvent.dispatch(InvocationEvent.java:318) ~[?:?]
	at java.awt.EventQueue.dispatchEventImpl(EventQueue.java:773) ~[?:?]
	at java.awt.EventQueue$4.run(EventQueue.java:720) ~[?:?]
	at java.awt.EventQueue$4.run(EventQueue.java:714) ~[?:?]
	at java.security.AccessController.doPrivileged(AccessController.java:400) ~[?:?]
	at java.security.ProtectionDomain$JavaSecurityAccessImpl.doIntersectionPrivilege(ProtectionDomain.java:87) ~[?:?]
	at java.awt.EventQueue.dispatchEvent(EventQueue.java:742) ~[?:?]
	at java.awt.EventDispatchThread.pumpOneEventForFilters(EventDispatchThread.java:203) ~[?:?]
	at java.awt.EventDispatchThread.pumpEventsForFilter(EventDispatchThread.java:124) ~[?:?]
	at java.awt.EventDispatchThread.pumpEventsForHierarchy(EventDispatchThread.java:113) ~[?:?]
	at java.awt.EventDispatchThread.pumpEvents(EventDispatchThread.java:109) ~[?:?]
	at java.awt.EventDispatchThread.pumpEvents(EventDispatchThread.java:101) ~[?:?]
	at java.awt.EventDispatchThread.run(EventDispatchThread.java:90) ~[?:?]
2025-11-22 00:00:56,683 [WARN] ThirdParty:871 - waiting for thirdparty lock release [close project]
2025-11-22 00:00:56,683 [INFO] ThirdParty:873 - entering critical section [close project]
2025-11-22 00:00:56,683 [INFO] ThirdParty:883 - exiting critical section [close project]
2025-11-22 00:00:56,685 [INFO] PinOutPanel:1589 - setPackage(No Configuration,No Configuration)
2025-11-22 00:00:56,696 [WARN] IpParametersView:155 - Warning: This peripheral hasn't parameters
2025-11-22 00:00:56,703 [WARN] MainPanel:289 - <html><b><center>Warning: This peripheral has no parameters to be configured<br></b></html>
2025-11-22 00:00:56,710 [INFO] UtilMem:75 - Begin LoadConfig() Used Memory: 780054224 Bytes (1073741824)
2025-11-22 00:00:56,711 [INFO] MicroXplorer:468 - Change Database Path : 
2025-11-22 00:00:56,711 [INFO] MicroXplorer:498 - Change Database Version : DB.6.0.150
2025-11-22 00:00:56,711 [INFO] OpenFileManager:355 - Change cursor
2025-11-22 00:00:56,740 [INFO] RulesReader:64 - Compatibility file has been processed (317 Rules)
2025-11-22 00:00:56,753 [INFO] Mcu:2029 - Initializing MCU STM32F407VETx STM32F407VETx STM32F407VET6
2025-11-22 00:00:58,077 [INFO] Context:786 - Trying to add GPIOservice into a context  which must be forbidden
2025-11-22 00:00:58,450 [INFO] ImportTextPane:234 - (OptionalMessage_ERROR) Unable to find key (Mcu.ThirdPartyNb) in loaded IOC file
2025-11-22 00:00:58,452 [INFO] ImportTextPane:234 - (OptionalMessage_ERROR) Unable to find key (Mcu.PinsNb) in loaded IOC file
2025-11-22 00:00:58,452 [INFO] ImportTextPane:234 - (OptionalMessage_ERROR) Pin0 (VP_RIF_VS_RIF1) cannot be retrieved for this MCU
2025-11-22 00:00:58,452 [INFO] ImportTextPane:234 - (OptionalMessage_ERROR) Unable to find key (Mcu.IPNb) in loaded IOC file
2025-11-22 00:00:58,478 [INFO] RtosManager:558 - Registered RTOS mode: class=CMSIS, group=RTOS, mode=CMSIS_V1, owner=FREERTOS
2025-11-22 00:00:58,478 [INFO] RtosManager:558 - Registered RTOS mode: class=CMSIS, group=RTOS2, mode=CMSIS_V2, owner=FREERTOS
2025-11-22 00:00:58,478 [INFO] RtosManager:558 - Registered RTOS mode: class=RTOS, group=Core, mode=CMSIS_V1, owner=FREERTOS
2025-11-22 00:00:58,478 [INFO] RtosManager:558 - Registered RTOS mode: class=RTOS, group=Core, mode=CMSIS_V2, owner=FREERTOS
2025-11-22 00:00:58,478 [WARN] ModelIntegratedComponent:184 - Missing modes for component STMicroelectronics:FreeRTOS:0.0.1:STMicroelectronics:RTOS:FreeRTOS:Core:::10.2.0:
2025-11-22 00:00:58,488 [WARN] ModelIntegratedComponent:63 - No mode defined for component null
2025-11-22 00:00:58,488 [WARN] ModelIntegratedComponent:63 - No mode defined for component null
2025-11-22 00:00:58,488 [WARN] ModelIntegratedComponent:63 - No mode defined for component null
2025-11-22 00:00:58,488 [WARN] ModelIntegratedComponent:63 - No mode defined for component null
2025-11-22 00:00:58,488 [WARN] ModelIntegratedComponent:63 - No mode defined for component null
2025-11-22 00:00:58,488 [WARN] ModelIntegratedComponent:63 - No mode defined for component null
2025-11-22 00:00:58,488 [WARN] ModelIntegratedComponent:63 - No mode defined for component null
2025-11-22 00:00:58,488 [WARN] ModelIntegratedComponent:63 - No mode defined for component null
2025-11-22 00:00:58,488 [WARN] ModelIntegratedComponent:63 - No mode defined for component null
2025-11-22 00:00:58,488 [WARN] ModelIntegratedComponent:63 - No mode defined for component null
2025-11-22 00:00:58,488 [WARN] ModelIntegratedComponent:63 - No mode defined for component null
2025-11-22 00:00:58,488 [WARN] ModelIntegratedComponent:63 - No mode defined for component null
2025-11-22 00:00:58,488 [WARN] ModelIntegratedComponent:63 - No mode defined for component null
2025-11-22 00:00:58,488 [WARN] ModelIntegratedComponent:63 - No mode defined for component null
2025-11-22 00:00:58,488 [WARN] ModelIntegratedComponent:63 - No mode defined for component null
2025-11-22 00:00:58,488 [WARN] ModelIntegratedComponent:63 - No mode defined for component null
2025-11-22 00:00:58,488 [WARN] ModelIntegratedComponent:63 - No mode defined for component null
2025-11-22 00:00:58,488 [WARN] ModelIntegratedComponent:63 - No mode defined for component null
2025-11-22 00:00:58,488 [WARN] ModelIntegratedComponent:63 - No mode defined for component null
2025-11-22 00:00:58,488 [WARN] ModelIntegratedComponent:63 - No mode defined for component null
2025-11-22 00:00:58,488 [WARN] ModelIntegratedComponent:63 - No mode defined for component null
2025-11-22 00:00:58,488 [WARN] ModelIntegratedComponent:63 - No mode defined for component null
2025-11-22 00:00:58,489 [WARN] ModelIntegratedComponent:63 - No mode defined for component null
2025-11-22 00:00:58,489 [WARN] ModelIntegratedComponent:63 - No mode defined for component null
2025-11-22 00:00:58,489 [WARN] ModelIntegratedComponent:63 - No mode defined for component null
2025-11-22 00:00:58,489 [WARN] ModelIntegratedComponent:63 - No mode defined for component null
2025-11-22 00:00:58,489 [WARN] ModelIntegratedComponent:63 - No mode defined for component null
2025-11-22 00:00:58,489 [WARN] ModelIntegratedComponent:63 - No mode defined for component null
2025-11-22 00:00:58,489 [WARN] ModelIntegratedComponent:63 - No mode defined for component null
2025-11-22 00:00:58,489 [WARN] ModelIntegratedComponent:63 - No mode defined for component null
2025-11-22 00:00:58,489 [WARN] ModelIntegratedComponent:63 - No mode defined for component null
2025-11-22 00:00:58,489 [WARN] ModelIntegratedComponent:63 - No mode defined for component null
2025-11-22 00:00:58,489 [WARN] ModelIntegratedComponent:63 - No mode defined for component null
2025-11-22 00:00:58,489 [WARN] ModelIntegratedComponent:63 - No mode defined for component null
2025-11-22 00:00:58,489 [WARN] ModelIntegratedComponent:63 - No mode defined for component null
2025-11-22 00:00:58,489 [WARN] ModelPack:524 - Component already loaded: STMicroelectronics:HAL Drivers:0.0.0:STMicroelectronics:Device:STMicro_Driver:XSPI:HAL::0.0.1:HAL_XSPI
2025-11-22 00:00:58,621 [INFO] ThirdPartyModel:298 - Start build external matchings
2025-11-22 00:00:59,382 [INFO] ThirdPartyModel:316 - End build external matchings
2025-11-22 00:00:59,650 [INFO] UtilMem:75 - End LoadConfig() Used Memory: 840053312 Bytes (1073741824)
2025-11-22 00:00:59,678 [WARN] ThirdParty:833 - waiting for thirdparty lock release [change project]
2025-11-22 00:00:59,678 [INFO] ThirdParty:835 - entering critical section [change project]
2025-11-22 00:00:59,678 [INFO] ThirdParty:1030 - CMSIS Pack Vendor :STMicroelectronics X-CUBE-PM33A1 1.0.0
2025-11-22 00:00:59,678 [INFO] ThirdParty:1030 - CMSIS Pack Vendor :STMicroelectronics USBPD 4.1
2025-11-22 00:00:59,678 [INFO] ThirdParty:1030 - CMSIS Pack Vendor :STMicroelectronics USB_HOST 2.0.0
2025-11-22 00:00:59,679 [INFO] ThirdParty:1030 - CMSIS Pack Vendor :STMicroelectronics FP-SNS-MOTENVWB1 1.4.0
2025-11-22 00:00:59,679 [INFO] ThirdParty:1030 - CMSIS Pack Vendor :STMicroelectronics X-CUBE-AZRTOS-F4 1.1.0
2025-11-22 00:00:59,679 [INFO] ThirdParty:1030 - CMSIS Pack Vendor :STMicroelectronics LIBJPEG 8.0.0
2025-11-22 00:00:59,679 [INFO] ThirdParty:1030 - CMSIS Pack Vendor :STMicroelectronics FP-ATR-ASTRA1 2.0.2
2025-11-22 00:00:59,679 [INFO] ThirdParty:1030 - CMSIS Pack Vendor :Avnet-IotConnect X-CUBE-IoTC-DA16k-PMOD 1.0.0
2025-11-22 00:00:59,679 [INFO] ThirdParty:1030 - CMSIS Pack Vendor :STMicroelectronics X-CUBE-SMBUS 2.1.0
2025-11-22 00:00:59,679 [INFO] ThirdParty:1030 - CMSIS Pack Vendor :NimaLTD I-CUBE-SPIF 2.3.2
2025-11-22 00:00:59,679 [INFO] ThirdParty:1030 - CMSIS Pack Vendor :STMicroelectronics X-CUBE-ISPU 2.1.0
2025-11-22 00:00:59,679 [INFO] ThirdParty:1030 - CMSIS Pack Vendor :STMicroelectronics X-CUBE-IPS 3.2.0
2025-11-22 00:00:59,679 [INFO] ThirdParty:1030 - CMSIS Pack Vendor :STMicroelectronics X-CUBE-ST60 1.0.0
2025-11-22 00:00:59,679 [INFO] ThirdParty:1030 - CMSIS Pack Vendor :STMicroelectronics X-CUBE-NFC12 1.0.0
2025-11-22 00:00:59,679 [INFO] ThirdParty:1030 - CMSIS Pack Vendor :STMicroelectronics X-CUBE-AZRTOS-F7 1.1.0
2025-11-22 00:00:59,679 [INFO] ThirdParty:1030 - CMSIS Pack Vendor :STMicroelectronics X-CUBE-AZRTOS-L5 2.0.0
2025-11-22 00:00:59,679 [INFO] ThirdParty:1030 - CMSIS Pack Vendor :STMicroelectronics USB_DEVICE 2.0.0
2025-11-22 00:00:59,679 [INFO] ThirdParty:1030 - CMSIS Pack Vendor :STMicroelectronics X-CUBE-NFC6 3.1.0
2025-11-22 00:00:59,679 [INFO] ThirdParty:1030 - CMSIS Pack Vendor :Cesanta I-CUBE-Mongoose 7.19.0
2025-11-22 00:00:59,679 [INFO] ThirdParty:1030 - CMSIS Pack Vendor :STMicroelectronics FP-SNS-MOTENV1 5.1.0
2025-11-22 00:00:59,679 [INFO] ThirdParty:1030 - CMSIS Pack Vendor :STMicroelectronics FreeRTOS 0.0.1
2025-11-22 00:00:59,679 [INFO] ThirdParty:1030 - CMSIS Pack Vendor :Infineon AIROC-Wi-Fi-Bluetooth-STM32 1.7.0
2025-11-22 00:00:59,679 [INFO] ThirdParty:1030 - CMSIS Pack Vendor :Infineon AIROC-Wi-Fi-Bluetooth-STM32 1.7.1
2025-11-22 00:00:59,679 [INFO] ThirdParty:1030 - CMSIS Pack Vendor :STMicroelectronics PDM2PCM 3.3.0
2025-11-22 00:00:59,679 [INFO] ThirdParty:1030 - CMSIS Pack Vendor :STMicroelectronics X-CUBE-AZRTOS-H7 3.4.0
2025-11-22 00:00:59,679 [INFO] ThirdParty:1030 - CMSIS Pack Vendor :NimaLTD I-CUBE-SPIF 2.0.1
2025-11-22 00:00:59,679 [INFO] ThirdParty:1030 - CMSIS Pack Vendor :STMicroelectronics X-CUBE-DISPLAY 3.0.0
2025-11-22 00:00:59,679 [INFO] ThirdParty:1030 - CMSIS Pack Vendor :STMicroelectronics X-CUBE-NFC10 1.0.0
2025-11-22 00:00:59,679 [INFO] ThirdParty:1030 - CMSIS Pack Vendor :STMicroelectronics X-CUBE-BLEMGR 4.0.0
2025-11-22 00:00:59,679 [INFO] ThirdParty:1030 - CMSIS Pack Vendor :STMicroelectronics X-CUBE-FREERTOS 1.3.1
2025-11-22 00:00:59,679 [INFO] ThirdParty:1030 - CMSIS Pack Vendor :STMicroelectronics HAL Drivers 0.0.0
2025-11-22 00:00:59,679 [INFO] ThirdParty:1030 - CMSIS Pack Vendor :STMicroelectronics X-CUBE-ST60 1.1.0
2025-11-22 00:00:59,679 [INFO] ThirdParty:1030 - CMSIS Pack Vendor :emotas I-CUBE-CANOPEN 1.3.0
2025-11-22 00:00:59,679 [INFO] ThirdParty:1030 - CMSIS Pack Vendor :STMicroelectronics X-CUBE-FREERTOS 1.3.0
2025-11-22 00:00:59,679 [INFO] ThirdParty:1030 - CMSIS Pack Vendor :STMicroelectronics X-CUBE-NFC7 1.0.1
2025-11-22 00:00:59,680 [INFO] ThirdParty:1030 - CMSIS Pack Vendor :STMicroelectronics MBEDTLS 2.14.1
2025-11-22 00:00:59,680 [INFO] ThirdParty:1030 - CMSIS Pack Vendor :STMicroelectronics X-CUBE-GNSS1 7.1.0
2025-11-22 00:00:59,680 [INFO] ThirdParty:1030 - CMSIS Pack Vendor :STMicroelectronics X-CUBE-TOUCHGFX 4.26.0
2025-11-22 00:00:59,680 [INFO] ThirdParty:1030 - CMSIS Pack Vendor :quantropi X-CUBE-qispace-sdk-base 2.0.0
2025-11-22 00:00:59,680 [INFO] ThirdParty:1030 - CMSIS Pack Vendor :STMicroelectronics X-CUBE-AI 10.0.0
2025-11-22 00:00:59,680 [INFO] ThirdParty:1030 - CMSIS Pack Vendor :STMicroelectronics FP-SNS-STBOX1 2.1.0
2025-11-22 00:00:59,680 [INFO] ThirdParty:1030 - CMSIS Pack Vendor :STMicroelectronics FP-SNS-STAIOTCFT 1.0.0
2025-11-22 00:00:59,680 [INFO] ThirdParty:1030 - CMSIS Pack Vendor :STMicroelectronics FP-SNS-SMARTAG2 1.2.0
2025-11-22 00:00:59,680 [INFO] ThirdParty:1030 - CMSIS Pack Vendor :STMicroelectronics FP-SNS-FLIGHT1 5.1.0
2025-11-22 00:00:59,680 [INFO] ThirdParty:1030 - CMSIS Pack Vendor :STMicroelectronics X-CUBE-AZRTOS-WL 2.0.0
2025-11-22 00:00:59,680 [INFO] ThirdParty:1030 - CMSIS Pack Vendor :STMicroelectronics X-CUBE-DPower 1.3.0
2025-11-22 00:00:59,680 [INFO] ThirdParty:1030 - CMSIS Pack Vendor :STMicroelectronics FP-SNS-MOTENV1 5.0.0
2025-11-22 00:00:59,680 [INFO] ThirdParty:1030 - CMSIS Pack Vendor :STMicroelectronics USB_DEVICE 1.0.0
2025-11-22 00:00:59,680 [INFO] ThirdParty:1030 - CMSIS Pack Vendor :STMicroelectronics X-CUBE-AZRTOS-L4 2.0.0
2025-11-22 00:00:59,680 [INFO] ThirdParty:1030 - CMSIS Pack Vendor :STMicroelectronics ThreadX 0.0.2
2025-11-22 00:00:59,680 [INFO] ThirdParty:1030 - CMSIS Pack Vendor :WES I-CUBE-Cesium 1.3.0
2025-11-22 00:00:59,680 [INFO] ThirdParty:1030 - CMSIS Pack Vendor :STMicroelectronics lwIP 2.1.2
2025-11-22 00:00:59,680 [INFO] ThirdParty:1030 - CMSIS Pack Vendor :STMicroelectronics X-CUBE-SFXS2LP1 4.0.0
2025-11-22 00:00:59,680 [INFO] ThirdParty:1030 - CMSIS Pack Vendor :STMicroelectronics X-CUBE-BLE2 3.3.0
2025-11-22 00:00:59,680 [INFO] ThirdParty:1030 - CMSIS Pack Vendor :Avnet-IOTCONNECT X-CUBE-iotc-st67-sdk 1.0.0
2025-11-22 00:00:59,680 [INFO] ThirdParty:1030 - CMSIS Pack Vendor :STMicroelectronics PDM2PCM 3.2.0
2025-11-22 00:00:59,680 [INFO] ThirdParty:1030 - CMSIS Pack Vendor :STMicroelectronics X-CUBE-AZRTOS-H7 3.3.0
2025-11-22 00:00:59,680 [INFO] ThirdParty:1030 - CMSIS Pack Vendor :STMicroelectronics X-CUBE-NFC9 1.0.0
2025-11-22 00:00:59,680 [INFO] ThirdParty:1030 - CMSIS Pack Vendor :wolfSSL I-CUBE-wolfSSL 5.8.0
2025-11-22 00:00:59,680 [INFO] ThirdParty:1030 - CMSIS Pack Vendor :wolfSSL I-CUBE-wolfSSL 5.8.2
2025-11-22 00:00:59,680 [INFO] ThirdParty:1030 - CMSIS Pack Vendor :STMicroelectronics X-CUBE-BLE1 7.1.0
2025-11-22 00:00:59,680 [INFO] ThirdParty:1030 - CMSIS Pack Vendor :wolfSSL I-CUBE-wolfMQTT 1.19.2
2025-11-22 00:00:59,681 [INFO] ThirdParty:1030 - CMSIS Pack Vendor :STMicroelectronics USB_DEVICE 3.0.0
2025-11-22 00:00:59,681 [INFO] ThirdParty:1030 - CMSIS Pack Vendor :STMicroelectronics X-CUBE-EEPRMA1 5.2.0
2025-11-22 00:00:59,681 [INFO] ThirdParty:1030 - CMSIS Pack Vendor :STMicroelectronics X-CUBE-BLEMGR 4.1.0
2025-11-22 00:00:59,681 [INFO] ThirdParty:1030 - CMSIS Pack Vendor :STMicroelectronics X-CUBE-AZRTOS-WB 2.0.0
2025-11-22 00:00:59,681 [INFO] ThirdParty:1030 - CMSIS Pack Vendor :STMicroelectronics X-CUBE-GNSS1 7.0.1
2025-11-22 00:00:59,681 [INFO] ThirdParty:1030 - CMSIS Pack Vendor :STMicroelectronics X-CUBE-TOUCHGFX 4.25.0
2025-11-22 00:00:59,681 [INFO] ThirdParty:1030 - CMSIS Pack Vendor :STMicroelectronics X-CUBE-ST67W61 1.1.0
2025-11-22 00:00:59,681 [INFO] ThirdParty:1030 - CMSIS Pack Vendor :STMicroelectronics FP-SNS-STBOX1 2.0.0
2025-11-22 00:00:59,681 [INFO] ThirdParty:1030 - CMSIS Pack Vendor :quantropi X-CUBE-qispace-sdk-base 2.1.0
2025-11-22 00:00:59,681 [INFO] ThirdParty:1030 - CMSIS Pack Vendor :STMicroelectronics X-CUBE-MEMS1 11.2.0
2025-11-22 00:00:59,681 [INFO] ThirdParty:1030 - CMSIS Pack Vendor :STMicroelectronics X-CUBE-AZRTOS-G0 1.1.0
2025-11-22 00:00:59,681 [INFO] ThirdParty:1030 - CMSIS Pack Vendor :STMicroelectronics X-CUBE-SAFEA1 1.2.2
2025-11-22 00:00:59,681 [INFO] ThirdParty:1030 - CMSIS Pack Vendor :STMicroelectronics X-CUBE-NFC4 3.0.0
2025-11-22 00:00:59,681 [INFO] ThirdParty:1030 - CMSIS Pack Vendor :STMicroelectronics X-CUBE-SUBG2 5.0.0
2025-11-22 00:00:59,681 [INFO] ThirdParty:1030 - CMSIS Pack Vendor :STMicroelectronics X-CUBE-AZRTOS-H7RS 1.1.0
2025-11-22 00:00:59,681 [INFO] ThirdParty:1030 - CMSIS Pack Vendor :STMicroelectronics STM32_WPAN 1.0.0
2025-11-22 00:00:59,681 [INFO] ThirdParty:1030 - CMSIS Pack Vendor :EmbeddedOffice I-CUBE-FS-RTOS 1.0.1
2025-11-22 00:00:59,681 [INFO] ThirdParty:1030 - CMSIS Pack Vendor :STMicroelectronics lwIP 2.0.3
2025-11-22 00:00:59,682 [INFO] ThirdParty:1030 - CMSIS Pack Vendor :Cesanta I-CUBE-Mongoose 7.13.0
2025-11-22 00:00:59,682 [INFO] ThirdParty:1030 - CMSIS Pack Vendor :STMicroelectronics USB_HOST 1.0.0
2025-11-22 00:00:59,682 [INFO] ThirdParty:1030 - CMSIS Pack Vendor :STMicroelectronics X-CUBE-AZRTOS-G4 2.0.0
2025-11-22 00:00:59,682 [INFO] ThirdParty:1030 - CMSIS Pack Vendor :STMicroelectronics X-CUBE-WB05N 2.0.0
2025-11-22 00:00:59,682 [INFO] ThirdParty:1030 - CMSIS Pack Vendor :STMicroelectronics PDM2PCM 3.1.0
2025-11-22 00:00:59,682 [INFO] ThirdParty:1030 - CMSIS Pack Vendor :wolfSSL I-CUBE-wolfTPM 3.8.0
2025-11-22 00:00:59,682 [INFO] ThirdParty:1030 - CMSIS Pack Vendor :wolfSSL I-CUBE-wolfSSH 1.4.20
2025-11-22 00:00:59,682 [INFO] ThirdParty:1030 - CMSIS Pack Vendor :STMicroelectronics X-CUBE-NFC7 2.0.0
2025-11-22 00:00:59,682 [INFO] ThirdParty:1030 - CMSIS Pack Vendor :STMicroelectronics X-CUBE-TCPP 4.2.0
2025-11-22 00:00:59,682 [INFO] ThirdParty:1030 - CMSIS Pack Vendor :RealThread X-CUBE-RT-Thread_Nano 4.1.1
2025-11-22 00:00:59,683 [INFO] ThirdParty:1030 - CMSIS Pack Vendor :STMicroelectronics FP-ATR-SIGFOX1 3.2.0
2025-11-22 00:00:59,683 [INFO] ThirdParty:1030 - CMSIS Pack Vendor :STMicroelectronics X-CUBE-EEPRMA1 5.1.0
2025-11-22 00:00:59,683 [INFO] ThirdParty:1030 - CMSIS Pack Vendor :STMicroelectronics MBEDTLS 2.16.2
2025-11-22 00:00:59,683 [INFO] ThirdParty:1030 - CMSIS Pack Vendor :STMicroelectronics X-CUBE-IPS 3.1.0
2025-11-22 00:00:59,683 [INFO] ThirdParty:1030 - CMSIS Pack Vendor :STMicroelectronics X-CUBE-ALS 1.0.2
2025-11-22 00:00:59,683 [INFO] ThirdParty:1030 - CMSIS Pack Vendor :ITTIA_DB I-CUBE-ITTIADB 8.9.0
2025-11-22 00:00:59,683 [INFO] ThirdParty:1030 - CMSIS Pack Vendor :STMicroelectronics X-CUBE-STSE01 1.0.0
2025-11-22 00:00:59,683 [INFO] ThirdParty:1030 - CMSIS Pack Vendor :portGmbH I-Cube-SoM-uGOAL 1.1.0
2025-11-22 00:00:59,683 [INFO] ThirdParty:1030 - CMSIS Pack Vendor :STMicroelectronics X-CUBE-ST67W61 1.0.0
2025-11-22 00:00:59,683 [INFO] ThirdParty:1030 - CMSIS Pack Vendor :STMicroelectronics X-CUBE-AI 10.2.0
2025-11-22 00:00:59,683 [INFO] ThirdParty:1030 - CMSIS Pack Vendor :STMicroelectronics ThreadX 1.0.0
2025-11-22 00:00:59,683 [INFO] ThirdParty:1030 - CMSIS Pack Vendor :SEGGER I-CUBE-embOS 1.3.1
2025-11-22 00:00:59,683 [INFO] ThirdParty:1030 - CMSIS Pack Vendor :STMicroelectronics X-CUBE-ALGOBUILD 1.4.0
2025-11-22 00:00:59,683 [INFO] ThirdParty:1030 - CMSIS Pack Vendor :STMicroelectronics X-CUBE-MEMS1 11.3.0
2025-11-22 00:00:59,683 [INFO] ThirdParty:1030 - CMSIS Pack Vendor :STMicroelectronics X-CUBE-TOF1 3.4.3
2025-11-22 00:00:59,684 [INFO] ThirdParty:841 - exiting critical section [change project]
2025-11-22 00:00:59,872 [INFO] PinOutPanel:1589 - setPackage(No Configuration,No Configuration)
2025-11-22 00:00:59,872 [INFO] PinOutPanel:1589 - setPackage(STM32F407VETx,LQFP100)
2025-11-22 00:01:00,077 [INFO] UtilMem:75 - Before build in PCC Used Memory: 769035144 Bytes (1073741824)
2025-11-22 00:01:00,309 [INFO] UtilMem:75 - After build in PCC Used Memory: 815172488 Bytes (1073741824)
2025-11-22 00:01:00,328 [INFO] IPUIPlugin:80 - create IPUIPlugin
2025-11-22 00:01:00,328 [INFO] IPUIPlugin:80 - create IPUIPlugin
2025-11-22 00:01:00,328 [INFO] IPUIPlugin:80 - create IPUIPlugin
2025-11-22 00:01:00,328 [INFO] IPUIPlugin:80 - create IPUIPlugin
2025-11-22 00:01:00,328 [INFO] IPUIPlugin:80 - create IPUIPlugin
2025-11-22 00:01:00,328 [INFO] IPUIPlugin:80 - create IPUIPlugin
2025-11-22 00:01:00,328 [INFO] IPUIPlugin:80 - create IPUIPlugin
2025-11-22 00:01:00,328 [INFO] IPUIPlugin:80 - create IPUIPlugin
2025-11-22 00:01:00,328 [INFO] IPUIPlugin:80 - create IPUIPlugin
2025-11-22 00:01:00,328 [INFO] IPUIPlugin:80 - create IPUIPlugin
2025-11-22 00:01:00,328 [INFO] IPUIPlugin:80 - create IPUIPlugin
2025-11-22 00:01:00,329 [INFO] IPUIPlugin:80 - create IPUIPlugin
2025-11-22 00:01:00,329 [INFO] IPUIPlugin:80 - create IPUIPlugin
2025-11-22 00:01:00,329 [INFO] IPUIPlugin:80 - create IPUIPlugin
2025-11-22 00:01:00,329 [INFO] IPUIPlugin:80 - create IPUIPlugin
2025-11-22 00:01:00,329 [INFO] IPUIPlugin:80 - create IPUIPlugin
2025-11-22 00:01:00,329 [INFO] IPUIPlugin:80 - create IPUIPlugin
2025-11-22 00:01:00,329 [INFO] IPUIPlugin:80 - create IPUIPlugin
2025-11-22 00:01:00,329 [INFO] IPUIPlugin:80 - create IPUIPlugin
2025-11-22 00:01:00,329 [INFO] IPUIPlugin:80 - create IPUIPlugin
2025-11-22 00:01:00,329 [INFO] IPUIPlugin:80 - create IPUIPlugin
2025-11-22 00:01:00,329 [INFO] IPUIPlugin:80 - create IPUIPlugin
2025-11-22 00:01:00,330 [INFO] IPUIPlugin:80 - create IPUIPlugin
2025-11-22 00:01:00,330 [INFO] IPUIPlugin:80 - create IPUIPlugin
2025-11-22 00:01:00,330 [INFO] IPUIPlugin:80 - create IPUIPlugin
2025-11-22 00:01:00,330 [INFO] IPUIPlugin:80 - create IPUIPlugin
2025-11-22 00:01:00,330 [INFO] IPUIPlugin:80 - create IPUIPlugin
2025-11-22 00:01:00,331 [INFO] IPUIPlugin:80 - create IPUIPlugin
2025-11-22 00:01:00,331 [INFO] IPUIPlugin:80 - create IPUIPlugin
2025-11-22 00:01:00,331 [INFO] IPUIPlugin:80 - create IPUIPlugin
2025-11-22 00:01:00,331 [INFO] IPUIPlugin:80 - create IPUIPlugin
2025-11-22 00:01:00,332 [INFO] IPUIPlugin:80 - create IPUIPlugin
2025-11-22 00:01:00,332 [INFO] IPUIPlugin:80 - create IPUIPlugin
2025-11-22 00:01:00,332 [INFO] IPUIPlugin:80 - create IPUIPlugin
2025-11-22 00:01:00,332 [INFO] IPUIPlugin:80 - create IPUIPlugin
2025-11-22 00:01:00,332 [INFO] IPUIPlugin:80 - create IPUIPlugin
2025-11-22 00:01:00,332 [INFO] IPUIPlugin:80 - create IPUIPlugin
2025-11-22 00:01:00,332 [INFO] IPUIPlugin:80 - create IPUIPlugin
2025-11-22 00:01:00,332 [INFO] IPUIPlugin:80 - create IPUIPlugin
2025-11-22 00:01:00,333 [INFO] IPUIPlugin:80 - create IPUIPlugin
2025-11-22 00:01:00,333 [INFO] IPUIPlugin:80 - create IPUIPlugin
2025-11-22 00:01:00,333 [INFO] IPUIPlugin:80 - create IPUIPlugin
2025-11-22 00:01:00,333 [INFO] IPUIPlugin:80 - create IPUIPlugin
2025-11-22 00:01:00,333 [INFO] IPUIPlugin:80 - create IPUIPlugin
2025-11-22 00:01:00,333 [INFO] IPUIPlugin:80 - create IPUIPlugin
2025-11-22 00:01:00,333 [INFO] IPUIPlugin:80 - create IPUIPlugin
2025-11-22 00:01:00,333 [INFO] IPUIPlugin:80 - create IPUIPlugin
2025-11-22 00:01:00,334 [INFO] IPUIPlugin:80 - create IPUIPlugin
2025-11-22 00:01:00,335 [INFO] IPUIPlugin:80 - create IPUIPlugin
2025-11-22 00:01:00,335 [INFO] IPUIPlugin:80 - create IPUIPlugin
2025-11-22 00:01:00,335 [INFO] IPUIPlugin:80 - create IPUIPlugin
2025-11-22 00:01:00,335 [INFO] IPUIPlugin:80 - create IPUIPlugin
2025-11-22 00:01:00,336 [INFO] IPUIPlugin:80 - create IPUIPlugin
2025-11-22 00:01:00,336 [INFO] IPUIPlugin:80 - create IPUIPlugin
2025-11-22 00:01:00,336 [INFO] IPUIPlugin:80 - create IPUIPlugin
2025-11-22 00:01:00,336 [INFO] IPUIPlugin:80 - create IPUIPlugin
2025-11-22 00:01:00,336 [INFO] IPUIPlugin:80 - create IPUIPlugin
2025-11-22 00:01:00,337 [INFO] IPUIPlugin:80 - create IPUIPlugin
2025-11-22 00:01:00,339 [INFO] ApiDbMcu:532 - Load IP Config File for PDM2PCM
2025-11-22 00:01:00,363 [INFO] CADModel:165 - CPN selected for project levelSTM32F407VET6
2025-11-22 00:01:00,363 [INFO] CADModel:114 - Register for checkConnection events
2025-11-22 00:01:00,418 [INFO] OpenFileManager:386 - Restore cursor
2025-11-22 00:01:00,802 [INFO] UtilMem:75 - End SaveConfig() Used Memory: 921031320 Bytes (1073741824)
2025-11-22 00:01:00,852 [INFO] UtilMem:75 - End SaveConfig() Used Memory: 945958696 Bytes (1073741824)
2025-11-22 00:01:01,029 [INFO] BlockDiagram:2775 - set Specific Code input for plugin: RCC
2025-11-22 00:01:01,029 [INFO] BlockDiagram:2775 - set Specific Code input for plugin: NVIC
2025-11-22 00:01:01,030 [INFO] CodeGenerator:892 - code generatio: config db path: E:\STM32\STM32CubeIDE_1.18.1\STM32CubeIDE\plugins\com.st.stm32cube.common.mx_6.15.0.202507011659\\db\
2025-11-22 00:01:01,089 [INFO] CodeEngine:265 - oldGeneratedFile, E:\UIT\HeThongNhung\DoAn\final\ENCODER\MXTmpFiles\license.tmp_save
2025-11-22 00:01:01,274 [INFO] CodeEngine:289 - Generated code: E:\UIT\HeThongNhung\DoAn\final\ENCODER\MXTmpFiles\license.tmp
2025-11-22 00:01:01,280 [INFO] CodeEngine:265 - oldGeneratedFile, E:\UIT\HeThongNhung\DoAn\final\ENCODER\Core\Src\stm32f4xx_it.c_save
2025-11-22 00:01:01,457 [INFO] CodeEngine:289 - Generated code: E:\UIT\HeThongNhung\DoAn\final\ENCODER\Core\Src\stm32f4xx_it.c
2025-11-22 00:01:01,460 [INFO] CodeEngine:265 - oldGeneratedFile, E:\UIT\HeThongNhung\DoAn\final\ENCODER\Core\Inc\stm32f4xx_it.h_save
2025-11-22 00:01:01,512 [INFO] CodeEngine:289 - Generated code: E:\UIT\HeThongNhung\DoAn\final\ENCODER\Core\Inc\stm32f4xx_it.h
2025-11-22 00:01:01,540 [INFO] CodeEngine:265 - oldGeneratedFile, E:\UIT\HeThongNhung\DoAn\final\ENCODER\Core\Src\stm32f4xx_hal_msp.c_save
2025-11-22 00:01:01,610 [INFO] CodeEngine:289 - Generated code: E:\UIT\HeThongNhung\DoAn\final\ENCODER\Core\Src\stm32f4xx_hal_msp.c
2025-11-22 00:01:01,614 [INFO] CodeEngine:265 - oldGeneratedFile, E:\UIT\HeThongNhung\DoAn\final\ENCODER\MXTmpFiles\system.tmp_save
2025-11-22 00:01:01,651 [INFO] CodeEngine:289 - Generated code: E:\UIT\HeThongNhung\DoAn\final\ENCODER\MXTmpFiles\system.tmp
2025-11-22 00:01:01,660 [INFO] CodeEngine:321 - oldGeneratedFile, E:\UIT\HeThongNhung\DoAn\final\ENCODER\Core\Inc\stm32f4xx_hal_conf.h_save
2025-11-22 00:01:01,702 [INFO] CodeEngine:345 - Generated code: E:\UIT\HeThongNhung\DoAn\final\ENCODER\Core\Inc\stm32f4xx_hal_conf.h
2025-11-22 00:01:01,718 [INFO] ApiDbMcu:532 - Load IP Config File for RCC
2025-11-22 00:01:01,724 [INFO] CodeEngine:265 - oldGeneratedFile, E:\UIT\HeThongNhung\DoAn\final\ENCODER\Core\Inc\main.h_save
2025-11-22 00:01:01,779 [INFO] CodeEngine:289 - Generated code: E:\UIT\HeThongNhung\DoAn\final\ENCODER\Core\Inc\main.h
2025-11-22 00:01:01,782 [INFO] CodeEngine:265 - oldGeneratedFile, E:\UIT\HeThongNhung\DoAn\final\ENCODER\Core\Src\main.c_save
2025-11-22 00:01:01,854 [INFO] CodeEngine:289 - Generated code: E:\UIT\HeThongNhung\DoAn\final\ENCODER\Core\Src\main.c
2025-11-22 00:01:02,066 [INFO] ProjectBuilder:3606 - Time for Copy HAL[1] : 80mS.
2025-11-22 00:01:02,070 [INFO] ProjectBuilder:5216 - Project Generator version: 4.7.0-B52
2025-11-22 00:01:02,172 [INFO] ConfigFileManager:1595 - The Die is : DIE413
2025-11-22 00:01:02,174 [INFO] ApiDbMcu:532 - Load IP Config File for FATFS
2025-11-22 00:01:02,178 [INFO] ApiDbMcu:532 - Load IP Config File for FREERTOS
2025-11-22 00:01:02,180 [INFO] ApiDbMcu:532 - Load IP Config File for LIBJPEG
2025-11-22 00:01:02,184 [INFO] ApiDbMcu:532 - Load IP Config File for LWIP
2025-11-22 00:01:02,187 [INFO] ApiDbMcu:532 - Load IP Config File for MBEDTLS
2025-11-22 00:01:02,190 [INFO] ApiDbMcu:532 - Load IP Config File for USB_DEVICE
2025-11-22 00:01:02,194 [INFO] ApiDbMcu:532 - Load IP Config File for USB_HOST
2025-11-22 00:01:04,029 [INFO] ProjectBuilder:5496 - Time for Generating toolchain IDE Files: 1959mS.
2025-11-22 00:01:04,029 [INFO] ProjectBuilder:3463 - Time for Copy CMSIS : 0mS.
2025-11-22 00:01:04,030 [INFO] ProjectBuilder:3463 - Time for Copy CMSIS : 0mS.
2025-11-22 00:01:04,543 [INFO] McuFinderGlobals:76 - Set McuFinderConnectedMode to true
2025-11-22 00:01:04,547 [INFO] ApiDb:448 - Save user favorites file C:\Users\ACER/.stm32cubeide/favorites.mcus.txt: 0 item(s)
2025-11-22 00:01:04,547 [INFO] ApiDb:452 - User favorites MCUs=[]
2025-11-22 00:01:51,192 [INFO] NvicIntPanel:101 - NVIC parent = com.st.microxplorer.plugins.ip.nvic.MultiNvicIntPanel[,0,0,0x0,invalid,layout=javax.swing.BoxLayout,alignmentX=0.0,alignmentY=0.0,border=,flags=9,maximumSize=,minimumSize=,preferredSize=]
2025-11-22 00:05:05,479 [INFO] UtilMem:75 - End SaveConfig() Used Memory: 954629928 Bytes (1073741824)
2025-11-22 00:05:06,291 [INFO] UtilMem:75 - End SaveConfig() Used Memory: 676075672 Bytes (1073741824)
2025-11-22 00:05:07,744 [INFO] UtilMem:75 - End SaveConfig() Used Memory: 806625432 Bytes (1073741824)
2025-11-22 00:05:07,955 [INFO] BlockDiagram:2775 - set Specific Code input for plugin: TIM1_8
2025-11-22 00:05:07,955 [INFO] BlockDiagram:2775 - set Specific Code input for plugin: SYS
2025-11-22 00:05:07,955 [INFO] BlockDiagram:2775 - set Specific Code input for plugin: RCC
2025-11-22 00:05:07,955 [INFO] BlockDiagram:2775 - set Specific Code input for plugin: NVIC
2025-11-22 00:05:07,956 [INFO] BlockDiagram:2775 - set Specific Code input for plugin: GPIO
2025-11-22 00:05:07,957 [INFO] CodeGenerator:892 - code generatio: config db path: E:\STM32\STM32CubeIDE_1.18.1\STM32CubeIDE\plugins\com.st.stm32cube.common.mx_6.15.0.202507011659\\db\
2025-11-22 00:05:08,045 [INFO] CodeEngine:265 - oldGeneratedFile, E:\UIT\HeThongNhung\DoAn\final\ENCODER\MXTmpFiles\license.tmp_save
2025-11-22 00:05:08,197 [INFO] CodeEngine:289 - Generated code: E:\UIT\HeThongNhung\DoAn\final\ENCODER\MXTmpFiles\license.tmp
2025-11-22 00:05:08,247 [INFO] CodeEngine:265 - oldGeneratedFile, E:\UIT\HeThongNhung\DoAn\final\ENCODER\MXTmpFiles\gpio.tmp_save
2025-11-22 00:05:08,327 [INFO] CodeEngine:289 - Generated code: E:\UIT\HeThongNhung\DoAn\final\ENCODER\MXTmpFiles\gpio.tmp
2025-11-22 00:05:08,413 [INFO] CodeEngine:265 - oldGeneratedFile, E:\UIT\HeThongNhung\DoAn\final\ENCODER\Core\Src\stm32f4xx_it.c_save
2025-11-22 00:05:08,482 [INFO] CodeEngine:289 - Generated code: E:\UIT\HeThongNhung\DoAn\final\ENCODER\Core\Src\stm32f4xx_it.c
2025-11-22 00:05:08,487 [INFO] CodeEngine:265 - oldGeneratedFile, E:\UIT\HeThongNhung\DoAn\final\ENCODER\Core\Inc\stm32f4xx_it.h_save
2025-11-22 00:05:08,556 [INFO] CodeEngine:289 - Generated code: E:\UIT\HeThongNhung\DoAn\final\ENCODER\Core\Inc\stm32f4xx_it.h
2025-11-22 00:05:08,564 [INFO] CodeEngine:265 - oldGeneratedFile, E:\UIT\HeThongNhung\DoAn\final\ENCODER\Core\Src\stm32f4xx_hal_msp.c_save
2025-11-22 00:05:08,658 [INFO] CodeEngine:289 - Generated code: E:\UIT\HeThongNhung\DoAn\final\ENCODER\Core\Src\stm32f4xx_hal_msp.c
2025-11-22 00:05:08,661 [INFO] CodeEngine:265 - oldGeneratedFile, E:\UIT\HeThongNhung\DoAn\final\ENCODER\MXTmpFiles\system.tmp_save
2025-11-22 00:05:08,719 [INFO] CodeEngine:289 - Generated code: E:\UIT\HeThongNhung\DoAn\final\ENCODER\MXTmpFiles\system.tmp
2025-11-22 00:05:08,726 [INFO] CodeEngine:321 - oldGeneratedFile, E:\UIT\HeThongNhung\DoAn\final\ENCODER\Core\Inc\stm32f4xx_hal_conf.h_save
2025-11-22 00:05:08,779 [INFO] CodeEngine:345 - Generated code: E:\UIT\HeThongNhung\DoAn\final\ENCODER\Core\Inc\stm32f4xx_hal_conf.h
2025-11-22 00:05:08,809 [INFO] ApiDbMcu:532 - Load IP Config File for TIM2
2025-11-22 00:05:08,810 [WARN] IPConfigManager:3811 - IP not found : TIM
2025-11-22 00:05:08,810 [WARN] CodeGenerator:4259 - IP not found : null
2025-11-22 00:05:08,815 [INFO] CodeEngine:265 - oldGeneratedFile, E:\UIT\HeThongNhung\DoAn\final\ENCODER\Core\Inc\main.h_save
2025-11-22 00:05:08,866 [INFO] CodeEngine:289 - Generated code: E:\UIT\HeThongNhung\DoAn\final\ENCODER\Core\Inc\main.h
2025-11-22 00:05:08,869 [INFO] CodeEngine:265 - oldGeneratedFile, E:\UIT\HeThongNhung\DoAn\final\ENCODER\Core\Src\main.c_save
2025-11-22 00:05:08,941 [INFO] CodeEngine:289 - Generated code: E:\UIT\HeThongNhung\DoAn\final\ENCODER\Core\Src\main.c
2025-11-22 00:05:09,137 [INFO] ProjectBuilder:3606 - Time for Copy HAL[1] : 85mS.
2025-11-22 00:05:09,139 [INFO] ProjectBuilder:5216 - Project Generator version: 4.7.0-B52
2025-11-22 00:05:09,187 [INFO] ConfigFileManager:1595 - The Die is : DIE413
2025-11-22 00:05:09,796 [INFO] ProjectBuilder:5496 - Time for Generating toolchain IDE Files: 656mS.
2025-11-22 00:05:09,796 [INFO] ProjectBuilder:3463 - Time for Copy CMSIS : 0mS.
2025-11-22 00:05:09,797 [INFO] ProjectBuilder:3463 - Time for Copy CMSIS : 0mS.
2025-11-22 00:07:17,661 [INFO] WebApp:194 - Connection lost
2025-11-22 00:07:17,991 [INFO] WebApp:191 - Connection restablished
2025-11-22 00:37:28,127 [INFO] WebApp:194 - Connection lost
2025-11-22 00:37:28,428 [INFO] WebApp:191 - Connection restablished
2025-11-22 00:49:27,447 [INFO] Gpio:278 - dependency for GPIO [SYS, TIM2]
2025-11-22 00:50:01,771 [INFO] Gpio:278 - dependency for GPIO [SYS, TIM2]
2025-11-22 00:50:01,815 [INFO] NvicIntPanel:101 - NVIC parent = com.st.microxplorer.plugins.ip.nvic.MultiNvicIntPanel[,0,0,0x0,invalid,layout=javax.swing.BoxLayout,alignmentX=0.0,alignmentY=0.0,border=,flags=9,maximumSize=,minimumSize=,preferredSize=]
2025-11-22 00:50:09,502 [INFO] Gpio:278 - dependency for GPIO [SYS, TIM2]
2025-11-22 00:50:09,562 [INFO] NvicIntPanel:101 - NVIC parent = com.st.microxplorer.plugins.ip.nvic.MultiNvicIntPanel[,0,0,0x0,invalid,layout=javax.swing.BoxLayout,alignmentX=0.0,alignmentY=0.0,border=,flags=9,maximumSize=,minimumSize=,preferredSize=]
2025-11-22 00:51:35,563 [INFO] UtilMem:75 - End SaveConfig() Used Memory: 815268352 Bytes (1073741824)
2025-11-22 00:51:36,297 [INFO] UtilMem:75 - End SaveConfig() Used Memory: 865077760 Bytes (1073741824)
2025-11-22 00:51:37,516 [INFO] UtilMem:75 - End SaveConfig() Used Memory: 952631808 Bytes (1073741824)
2025-11-22 00:51:37,806 [INFO] BlockDiagram:2775 - set Specific Code input for plugin: TIM1_8
2025-11-22 00:51:37,807 [INFO] BlockDiagram:2775 - set Specific Code input for plugin: SYS
2025-11-22 00:51:37,807 [INFO] BlockDiagram:2775 - set Specific Code input for plugin: RCC
2025-11-22 00:51:37,807 [INFO] BlockDiagram:2775 - set Specific Code input for plugin: NVIC
2025-11-22 00:51:37,807 [INFO] BlockDiagram:2775 - set Specific Code input for plugin: GPIO
2025-11-22 00:51:37,808 [INFO] CodeGenerator:892 - code generatio: config db path: E:\STM32\STM32CubeIDE_1.18.1\STM32CubeIDE\plugins\com.st.stm32cube.common.mx_6.15.0.202507011659\\db\
2025-11-22 00:51:37,877 [INFO] CodeEngine:265 - oldGeneratedFile, E:\UIT\HeThongNhung\DoAn\final\ENCODER\MXTmpFiles\license.tmp_save
2025-11-22 00:51:38,050 [INFO] CodeEngine:289 - Generated code: E:\UIT\HeThongNhung\DoAn\final\ENCODER\MXTmpFiles\license.tmp
2025-11-22 00:51:38,068 [INFO] CodeEngine:265 - oldGeneratedFile, E:\UIT\HeThongNhung\DoAn\final\ENCODER\MXTmpFiles\gpio.tmp_save
2025-11-22 00:51:38,160 [INFO] CodeEngine:289 - Generated code: E:\UIT\HeThongNhung\DoAn\final\ENCODER\MXTmpFiles\gpio.tmp
2025-11-22 00:51:38,247 [INFO] CodeEngine:265 - oldGeneratedFile, E:\UIT\HeThongNhung\DoAn\final\ENCODER\Core\Src\stm32f4xx_it.c_save
2025-11-22 00:51:38,419 [INFO] CodeEngine:289 - Generated code: E:\UIT\HeThongNhung\DoAn\final\ENCODER\Core\Src\stm32f4xx_it.c
2025-11-22 00:51:38,423 [INFO] CodeEngine:265 - oldGeneratedFile, E:\UIT\HeThongNhung\DoAn\final\ENCODER\Core\Inc\stm32f4xx_it.h_save
2025-11-22 00:51:38,484 [INFO] CodeEngine:289 - Generated code: E:\UIT\HeThongNhung\DoAn\final\ENCODER\Core\Inc\stm32f4xx_it.h
2025-11-22 00:51:38,493 [INFO] CodeEngine:265 - oldGeneratedFile, E:\UIT\HeThongNhung\DoAn\final\ENCODER\Core\Src\stm32f4xx_hal_msp.c_save
2025-11-22 00:51:38,597 [INFO] CodeEngine:289 - Generated code: E:\UIT\HeThongNhung\DoAn\final\ENCODER\Core\Src\stm32f4xx_hal_msp.c
2025-11-22 00:51:38,602 [INFO] CodeEngine:265 - oldGeneratedFile, E:\UIT\HeThongNhung\DoAn\final\ENCODER\MXTmpFiles\system.tmp_save
2025-11-22 00:51:38,661 [INFO] CodeEngine:289 - Generated code: E:\UIT\HeThongNhung\DoAn\final\ENCODER\MXTmpFiles\system.tmp
2025-11-22 00:51:38,668 [INFO] CodeEngine:321 - oldGeneratedFile, E:\UIT\HeThongNhung\DoAn\final\ENCODER\Core\Inc\stm32f4xx_hal_conf.h_save
2025-11-22 00:51:38,730 [INFO] CodeEngine:345 - Generated code: E:\UIT\HeThongNhung\DoAn\final\ENCODER\Core\Inc\stm32f4xx_hal_conf.h
2025-11-22 00:51:38,747 [WARN] IPConfigManager:3811 - IP not found : TIM
2025-11-22 00:51:38,748 [WARN] CodeGenerator:4259 - IP not found : null
2025-11-22 00:51:38,756 [INFO] CodeEngine:265 - oldGeneratedFile, E:\UIT\HeThongNhung\DoAn\final\ENCODER\Core\Inc\main.h_save
2025-11-22 00:51:38,820 [INFO] CodeEngine:289 - Generated code: E:\UIT\HeThongNhung\DoAn\final\ENCODER\Core\Inc\main.h
2025-11-22 00:51:38,823 [INFO] CodeEngine:265 - oldGeneratedFile, E:\UIT\HeThongNhung\DoAn\final\ENCODER\Core\Src\main.c_save
2025-11-22 00:51:38,898 [INFO] CodeEngine:289 - Generated code: E:\UIT\HeThongNhung\DoAn\final\ENCODER\Core\Src\main.c
2025-11-22 00:51:39,156 [INFO] ProjectBuilder:3606 - Time for Copy HAL[1] : 116mS.
2025-11-22 00:51:39,167 [INFO] ProjectBuilder:5216 - Project Generator version: 4.7.0-B52
2025-11-22 00:51:39,238 [INFO] ConfigFileManager:1595 - The Die is : DIE413
2025-11-22 00:51:40,013 [INFO] ProjectBuilder:5496 - Time for Generating toolchain IDE Files: 846mS.
2025-11-22 00:51:40,013 [INFO] ProjectBuilder:3463 - Time for Copy CMSIS : 0mS.
2025-11-22 00:51:40,014 [INFO] ProjectBuilder:3463 - Time for Copy CMSIS : 0mS.
2025-11-22 01:07:38,680 [INFO] WebApp:194 - Connection lost
2025-11-22 01:07:39,106 [INFO] WebApp:191 - Connection restablished
2025-11-22 01:12:41,250 [INFO] UtilMem:75 - End SaveConfig() Used Memory: 931900752 Bytes (1073741824)
2025-11-22 01:12:41,679 [INFO] UtilMem:75 - End SaveConfig() Used Memory: 969127248 Bytes (1073741824)
2025-11-22 01:12:42,628 [INFO] UtilMem:75 - End SaveConfig() Used Memory: 725094872 Bytes (1073741824)
2025-11-22 01:12:42,991 [INFO] BlockDiagram:2775 - set Specific Code input for plugin: TIM1_8
2025-11-22 01:12:42,992 [INFO] BlockDiagram:2775 - set Specific Code input for plugin: SYS
2025-11-22 01:12:42,992 [INFO] BlockDiagram:2775 - set Specific Code input for plugin: RCC
2025-11-22 01:12:42,992 [INFO] BlockDiagram:2775 - set Specific Code input for plugin: NVIC
2025-11-22 01:12:42,992 [INFO] BlockDiagram:2775 - set Specific Code input for plugin: GPIO
2025-11-22 01:12:42,993 [INFO] CodeGenerator:892 - code generatio: config db path: E:\STM32\STM32CubeIDE_1.18.1\STM32CubeIDE\plugins\com.st.stm32cube.common.mx_6.15.0.202507011659\\db\
2025-11-22 01:12:43,097 [INFO] CodeEngine:265 - oldGeneratedFile, E:\UIT\HeThongNhung\DoAn\final\ENCODER\MXTmpFiles\license.tmp_save
2025-11-22 01:12:43,263 [INFO] CodeEngine:289 - Generated code: E:\UIT\HeThongNhung\DoAn\final\ENCODER\MXTmpFiles\license.tmp
2025-11-22 01:12:43,284 [INFO] CodeEngine:265 - oldGeneratedFile, E:\UIT\HeThongNhung\DoAn\final\ENCODER\MXTmpFiles\gpio.tmp_save
2025-11-22 01:12:43,374 [INFO] CodeEngine:289 - Generated code: E:\UIT\HeThongNhung\DoAn\final\ENCODER\MXTmpFiles\gpio.tmp
2025-11-22 01:12:43,465 [INFO] CodeEngine:265 - oldGeneratedFile, E:\UIT\HeThongNhung\DoAn\final\ENCODER\Core\Src\stm32f4xx_it.c_save
2025-11-22 01:12:43,632 [INFO] CodeEngine:289 - Generated code: E:\UIT\HeThongNhung\DoAn\final\ENCODER\Core\Src\stm32f4xx_it.c
2025-11-22 01:12:43,635 [INFO] CodeEngine:265 - oldGeneratedFile, E:\UIT\HeThongNhung\DoAn\final\ENCODER\Core\Inc\stm32f4xx_it.h_save
2025-11-22 01:12:43,694 [INFO] CodeEngine:289 - Generated code: E:\UIT\HeThongNhung\DoAn\final\ENCODER\Core\Inc\stm32f4xx_it.h
2025-11-22 01:12:43,703 [INFO] CodeEngine:265 - oldGeneratedFile, E:\UIT\HeThongNhung\DoAn\final\ENCODER\Core\Src\stm32f4xx_hal_msp.c_save
2025-11-22 01:12:43,806 [INFO] CodeEngine:289 - Generated code: E:\UIT\HeThongNhung\DoAn\final\ENCODER\Core\Src\stm32f4xx_hal_msp.c
2025-11-22 01:12:43,808 [INFO] CodeEngine:265 - oldGeneratedFile, E:\UIT\HeThongNhung\DoAn\final\ENCODER\MXTmpFiles\system.tmp_save
2025-11-22 01:12:43,873 [INFO] CodeEngine:289 - Generated code: E:\UIT\HeThongNhung\DoAn\final\ENCODER\MXTmpFiles\system.tmp
2025-11-22 01:12:43,881 [INFO] CodeEngine:321 - oldGeneratedFile, E:\UIT\HeThongNhung\DoAn\final\ENCODER\Core\Inc\stm32f4xx_hal_conf.h_save
2025-11-22 01:12:43,938 [INFO] CodeEngine:345 - Generated code: E:\UIT\HeThongNhung\DoAn\final\ENCODER\Core\Inc\stm32f4xx_hal_conf.h
2025-11-22 01:12:43,960 [WARN] IPConfigManager:3811 - IP not found : TIM
2025-11-22 01:12:43,961 [WARN] CodeGenerator:4259 - IP not found : null
2025-11-22 01:12:43,965 [INFO] CodeEngine:265 - oldGeneratedFile, E:\UIT\HeThongNhung\DoAn\final\ENCODER\Core\Inc\main.h_save
2025-11-22 01:12:44,046 [INFO] CodeEngine:289 - Generated code: E:\UIT\HeThongNhung\DoAn\final\ENCODER\Core\Inc\main.h
2025-11-22 01:12:44,048 [INFO] CodeEngine:265 - oldGeneratedFile, E:\UIT\HeThongNhung\DoAn\final\ENCODER\Core\Src\main.c_save
2025-11-22 01:12:44,136 [INFO] CodeEngine:289 - Generated code: E:\UIT\HeThongNhung\DoAn\final\ENCODER\Core\Src\main.c
2025-11-22 01:12:44,355 [INFO] ProjectBuilder:3606 - Time for Copy HAL[1] : 89mS.
2025-11-22 01:12:44,358 [INFO] ProjectBuilder:5216 - Project Generator version: 4.7.0-B52
2025-11-22 01:12:44,420 [INFO] ConfigFileManager:1595 - The Die is : DIE413
2025-11-22 01:12:45,014 [INFO] ProjectBuilder:5496 - Time for Generating toolchain IDE Files: 656mS.
2025-11-22 01:12:45,016 [INFO] ProjectBuilder:3463 - Time for Copy CMSIS : 0mS.
2025-11-22 01:12:45,018 [INFO] ProjectBuilder:3463 - Time for Copy CMSIS : 0mS.
2025-11-22 01:14:01,262 [INFO] Gpio:278 - dependency for GPIO [SYS, TIM2]
2025-11-22 01:14:01,317 [INFO] NvicIntPanel:101 - NVIC parent = com.st.microxplorer.plugins.ip.nvic.MultiNvicIntPanel[,0,0,0x0,invalid,layout=javax.swing.BoxLayout,alignmentX=0.0,alignmentY=0.0,border=,flags=9,maximumSize=,minimumSize=,preferredSize=]
2025-11-22 01:14:03,508 [INFO] UtilMem:75 - End SaveConfig() Used Memory: 890957400 Bytes (1073741824)
2025-11-22 01:14:09,400 [INFO] UtilMem:75 - End SaveConfig() Used Memory: 919791192 Bytes (1073741824)
2025-11-22 01:14:11,292 [INFO] UtilMem:75 - End SaveConfig() Used Memory: 729042888 Bytes (1073741824)
2025-11-22 01:14:11,483 [INFO] BlockDiagram:2775 - set Specific Code input for plugin: TIM1_8
2025-11-22 01:14:11,483 [INFO] BlockDiagram:2775 - set Specific Code input for plugin: SYS
2025-11-22 01:14:11,483 [INFO] BlockDiagram:2775 - set Specific Code input for plugin: RCC
2025-11-22 01:14:11,483 [INFO] BlockDiagram:2775 - set Specific Code input for plugin: NVIC
2025-11-22 01:14:11,483 [INFO] BlockDiagram:2775 - set Specific Code input for plugin: GPIO
2025-11-22 01:14:11,484 [INFO] CodeGenerator:892 - code generatio: config db path: E:\STM32\STM32CubeIDE_1.18.1\STM32CubeIDE\plugins\com.st.stm32cube.common.mx_6.15.0.202507011659\\db\
2025-11-22 01:14:11,548 [INFO] CodeEngine:265 - oldGeneratedFile, E:\UIT\HeThongNhung\DoAn\final\ENCODER\MXTmpFiles\license.tmp_save
2025-11-22 01:14:11,685 [INFO] CodeEngine:289 - Generated code: E:\UIT\HeThongNhung\DoAn\final\ENCODER\MXTmpFiles\license.tmp
2025-11-22 01:14:11,704 [INFO] CodeEngine:265 - oldGeneratedFile, E:\UIT\HeThongNhung\DoAn\final\ENCODER\MXTmpFiles\gpio.tmp_save
2025-11-22 01:14:11,775 [INFO] CodeEngine:289 - Generated code: E:\UIT\HeThongNhung\DoAn\final\ENCODER\MXTmpFiles\gpio.tmp
2025-11-22 01:14:11,861 [INFO] CodeEngine:265 - oldGeneratedFile, E:\UIT\HeThongNhung\DoAn\final\ENCODER\Core\Src\stm32f4xx_it.c_save
2025-11-22 01:14:11,937 [INFO] CodeEngine:289 - Generated code: E:\UIT\HeThongNhung\DoAn\final\ENCODER\Core\Src\stm32f4xx_it.c
2025-11-22 01:14:11,940 [INFO] CodeEngine:265 - oldGeneratedFile, E:\UIT\HeThongNhung\DoAn\final\ENCODER\Core\Inc\stm32f4xx_it.h_save
2025-11-22 01:14:11,999 [INFO] CodeEngine:289 - Generated code: E:\UIT\HeThongNhung\DoAn\final\ENCODER\Core\Inc\stm32f4xx_it.h
2025-11-22 01:14:12,008 [INFO] CodeEngine:265 - oldGeneratedFile, E:\UIT\HeThongNhung\DoAn\final\ENCODER\Core\Src\stm32f4xx_hal_msp.c_save
2025-11-22 01:14:12,108 [INFO] CodeEngine:289 - Generated code: E:\UIT\HeThongNhung\DoAn\final\ENCODER\Core\Src\stm32f4xx_hal_msp.c
2025-11-22 01:14:12,112 [INFO] CodeEngine:265 - oldGeneratedFile, E:\UIT\HeThongNhung\DoAn\final\ENCODER\MXTmpFiles\system.tmp_save
2025-11-22 01:14:12,165 [INFO] CodeEngine:289 - Generated code: E:\UIT\HeThongNhung\DoAn\final\ENCODER\MXTmpFiles\system.tmp
2025-11-22 01:14:12,173 [INFO] CodeEngine:321 - oldGeneratedFile, E:\UIT\HeThongNhung\DoAn\final\ENCODER\Core\Inc\stm32f4xx_hal_conf.h_save
2025-11-22 01:14:12,235 [INFO] CodeEngine:345 - Generated code: E:\UIT\HeThongNhung\DoAn\final\ENCODER\Core\Inc\stm32f4xx_hal_conf.h
2025-11-22 01:14:12,253 [WARN] IPConfigManager:3811 - IP not found : TIM
2025-11-22 01:14:12,254 [WARN] CodeGenerator:4259 - IP not found : null
2025-11-22 01:14:12,260 [INFO] CodeEngine:265 - oldGeneratedFile, E:\UIT\HeThongNhung\DoAn\final\ENCODER\Core\Inc\main.h_save
2025-11-22 01:14:12,342 [INFO] CodeEngine:289 - Generated code: E:\UIT\HeThongNhung\DoAn\final\ENCODER\Core\Inc\main.h
2025-11-22 01:14:12,347 [INFO] CodeEngine:265 - oldGeneratedFile, E:\UIT\HeThongNhung\DoAn\final\ENCODER\Core\Src\main.c_save
2025-11-22 01:14:12,442 [INFO] CodeEngine:289 - Generated code: E:\UIT\HeThongNhung\DoAn\final\ENCODER\Core\Src\main.c
2025-11-22 01:14:12,728 [INFO] ProjectBuilder:3606 - Time for Copy HAL[1] : 133mS.
2025-11-22 01:14:12,733 [INFO] ProjectBuilder:5216 - Project Generator version: 4.7.0-B52
2025-11-22 01:14:12,809 [INFO] ConfigFileManager:1595 - The Die is : DIE413
2025-11-22 01:14:13,624 [INFO] ProjectBuilder:5496 - Time for Generating toolchain IDE Files: 890mS.
2025-11-22 01:14:13,625 [INFO] ProjectBuilder:3463 - Time for Copy CMSIS : 0mS.
2025-11-22 01:14:13,626 [INFO] ProjectBuilder:3463 - Time for Copy CMSIS : 0mS.
2025-11-22 01:27:21,714 [INFO] UtilMem:75 - End SaveConfig() Used Memory: 739965128 Bytes (1073741824)
2025-11-22 01:27:22,215 [INFO] UtilMem:75 - End SaveConfig() Used Memory: 780859592 Bytes (1073741824)
2025-11-22 01:27:23,125 [INFO] UtilMem:75 - End SaveConfig() Used Memory: 867891400 Bytes (1073741824)
2025-11-22 01:27:23,459 [INFO] BlockDiagram:2775 - set Specific Code input for plugin: TIM1_8
2025-11-22 01:27:23,459 [INFO] BlockDiagram:2775 - set Specific Code input for plugin: SYS
2025-11-22 01:27:23,459 [INFO] BlockDiagram:2775 - set Specific Code input for plugin: RCC
2025-11-22 01:27:23,459 [INFO] BlockDiagram:2775 - set Specific Code input for plugin: NVIC
2025-11-22 01:27:23,460 [INFO] BlockDiagram:2775 - set Specific Code input for plugin: GPIO
2025-11-22 01:27:23,461 [INFO] CodeGenerator:892 - code generatio: config db path: E:\STM32\STM32CubeIDE_1.18.1\STM32CubeIDE\plugins\com.st.stm32cube.common.mx_6.15.0.202507011659\\db\
2025-11-22 01:27:23,521 [INFO] CodeEngine:265 - oldGeneratedFile, E:\UIT\HeThongNhung\DoAn\final\ENCODER\MXTmpFiles\license.tmp_save
2025-11-22 01:27:23,682 [INFO] CodeEngine:289 - Generated code: E:\UIT\HeThongNhung\DoAn\final\ENCODER\MXTmpFiles\license.tmp
2025-11-22 01:27:23,703 [INFO] CodeEngine:265 - oldGeneratedFile, E:\UIT\HeThongNhung\DoAn\final\ENCODER\MXTmpFiles\gpio.tmp_save
2025-11-22 01:27:23,798 [INFO] CodeEngine:289 - Generated code: E:\UIT\HeThongNhung\DoAn\final\ENCODER\MXTmpFiles\gpio.tmp
2025-11-22 01:27:23,890 [INFO] CodeEngine:265 - oldGeneratedFile, E:\UIT\HeThongNhung\DoAn\final\ENCODER\Core\Src\stm32f4xx_it.c_save
2025-11-22 01:27:24,059 [INFO] CodeEngine:289 - Generated code: E:\UIT\HeThongNhung\DoAn\final\ENCODER\Core\Src\stm32f4xx_it.c
2025-11-22 01:27:24,064 [INFO] CodeEngine:265 - oldGeneratedFile, E:\UIT\HeThongNhung\DoAn\final\ENCODER\Core\Inc\stm32f4xx_it.h_save
2025-11-22 01:27:24,128 [INFO] CodeEngine:289 - Generated code: E:\UIT\HeThongNhung\DoAn\final\ENCODER\Core\Inc\stm32f4xx_it.h
2025-11-22 01:27:24,136 [INFO] CodeEngine:265 - oldGeneratedFile, E:\UIT\HeThongNhung\DoAn\final\ENCODER\Core\Src\stm32f4xx_hal_msp.c_save
2025-11-22 01:27:24,240 [INFO] CodeEngine:289 - Generated code: E:\UIT\HeThongNhung\DoAn\final\ENCODER\Core\Src\stm32f4xx_hal_msp.c
2025-11-22 01:27:24,243 [INFO] CodeEngine:265 - oldGeneratedFile, E:\UIT\HeThongNhung\DoAn\final\ENCODER\MXTmpFiles\system.tmp_save
2025-11-22 01:27:24,306 [INFO] CodeEngine:289 - Generated code: E:\UIT\HeThongNhung\DoAn\final\ENCODER\MXTmpFiles\system.tmp
2025-11-22 01:27:24,313 [INFO] CodeEngine:321 - oldGeneratedFile, E:\UIT\HeThongNhung\DoAn\final\ENCODER\Core\Inc\stm32f4xx_hal_conf.h_save
2025-11-22 01:27:24,384 [INFO] CodeEngine:345 - Generated code: E:\UIT\HeThongNhung\DoAn\final\ENCODER\Core\Inc\stm32f4xx_hal_conf.h
2025-11-22 01:27:24,403 [WARN] IPConfigManager:3811 - IP not found : TIM
2025-11-22 01:27:24,404 [WARN] CodeGenerator:4259 - IP not found : null
2025-11-22 01:27:24,410 [INFO] CodeEngine:265 - oldGeneratedFile, E:\UIT\HeThongNhung\DoAn\final\ENCODER\Core\Inc\main.h_save
2025-11-22 01:27:24,494 [INFO] CodeEngine:289 - Generated code: E:\UIT\HeThongNhung\DoAn\final\ENCODER\Core\Inc\main.h
2025-11-22 01:27:24,497 [INFO] CodeEngine:265 - oldGeneratedFile, E:\UIT\HeThongNhung\DoAn\final\ENCODER\Core\Src\main.c_save
2025-11-22 01:27:24,587 [INFO] CodeEngine:289 - Generated code: E:\UIT\HeThongNhung\DoAn\final\ENCODER\Core\Src\main.c
2025-11-22 01:27:24,778 [INFO] ProjectBuilder:3606 - Time for Copy HAL[1] : 78mS.
2025-11-22 01:27:24,779 [INFO] ProjectBuilder:5216 - Project Generator version: 4.7.0-B52
2025-11-22 01:27:24,841 [INFO] ConfigFileManager:1595 - The Die is : DIE413
2025-11-22 01:27:25,569 [INFO] ProjectBuilder:5496 - Time for Generating toolchain IDE Files: 790mS.
2025-11-22 01:27:25,570 [INFO] ProjectBuilder:3463 - Time for Copy CMSIS : 0mS.
2025-11-22 01:27:25,571 [INFO] ProjectBuilder:3463 - Time for Copy CMSIS : 0mS.
2025-11-22 01:29:05,299 [INFO] UtilMem:75 - End SaveConfig() Used Memory: 956451976 Bytes (1073741824)
2025-11-22 01:29:05,654 [INFO] UtilMem:75 - End SaveConfig() Used Memory: 996820104 Bytes (1073741824)
2025-11-22 01:29:06,498 [INFO] UtilMem:75 - End SaveConfig() Used Memory: 754827088 Bytes (1073741824)
2025-11-22 01:29:06,594 [INFO] BlockDiagram:2775 - set Specific Code input for plugin: TIM1_8
2025-11-22 01:29:06,594 [INFO] BlockDiagram:2775 - set Specific Code input for plugin: SYS
2025-11-22 01:29:06,594 [INFO] BlockDiagram:2775 - set Specific Code input for plugin: RCC
2025-11-22 01:29:06,594 [INFO] BlockDiagram:2775 - set Specific Code input for plugin: NVIC
2025-11-22 01:29:06,594 [INFO] BlockDiagram:2775 - set Specific Code input for plugin: GPIO
2025-11-22 01:29:06,595 [INFO] CodeGenerator:892 - code generatio: config db path: E:\STM32\STM32CubeIDE_1.18.1\STM32CubeIDE\plugins\com.st.stm32cube.common.mx_6.15.0.202507011659\\db\
2025-11-22 01:29:06,649 [INFO] CodeEngine:265 - oldGeneratedFile, E:\UIT\HeThongNhung\DoAn\final\ENCODER\MXTmpFiles\license.tmp_save
2025-11-22 01:29:06,799 [INFO] CodeEngine:289 - Generated code: E:\UIT\HeThongNhung\DoAn\final\ENCODER\MXTmpFiles\license.tmp
2025-11-22 01:29:06,815 [INFO] CodeEngine:265 - oldGeneratedFile, E:\UIT\HeThongNhung\DoAn\final\ENCODER\MXTmpFiles\gpio.tmp_save
2025-11-22 01:29:06,906 [INFO] CodeEngine:289 - Generated code: E:\UIT\HeThongNhung\DoAn\final\ENCODER\MXTmpFiles\gpio.tmp
2025-11-22 01:29:06,987 [INFO] CodeEngine:265 - oldGeneratedFile, E:\UIT\HeThongNhung\DoAn\final\ENCODER\Core\Src\stm32f4xx_it.c_save
2025-11-22 01:29:07,062 [INFO] CodeEngine:289 - Generated code: E:\UIT\HeThongNhung\DoAn\final\ENCODER\Core\Src\stm32f4xx_it.c
2025-11-22 01:29:07,065 [INFO] CodeEngine:265 - oldGeneratedFile, E:\UIT\HeThongNhung\DoAn\final\ENCODER\Core\Inc\stm32f4xx_it.h_save
2025-11-22 01:29:07,127 [INFO] CodeEngine:289 - Generated code: E:\UIT\HeThongNhung\DoAn\final\ENCODER\Core\Inc\stm32f4xx_it.h
2025-11-22 01:29:07,135 [INFO] CodeEngine:265 - oldGeneratedFile, E:\UIT\HeThongNhung\DoAn\final\ENCODER\Core\Src\stm32f4xx_hal_msp.c_save
2025-11-22 01:29:07,229 [INFO] CodeEngine:289 - Generated code: E:\UIT\HeThongNhung\DoAn\final\ENCODER\Core\Src\stm32f4xx_hal_msp.c
2025-11-22 01:29:07,231 [INFO] CodeEngine:265 - oldGeneratedFile, E:\UIT\HeThongNhung\DoAn\final\ENCODER\MXTmpFiles\system.tmp_save
2025-11-22 01:29:07,290 [INFO] CodeEngine:289 - Generated code: E:\UIT\HeThongNhung\DoAn\final\ENCODER\MXTmpFiles\system.tmp
2025-11-22 01:29:07,296 [INFO] CodeEngine:321 - oldGeneratedFile, E:\UIT\HeThongNhung\DoAn\final\ENCODER\Core\Inc\stm32f4xx_hal_conf.h_save
2025-11-22 01:29:07,365 [INFO] CodeEngine:345 - Generated code: E:\UIT\HeThongNhung\DoAn\final\ENCODER\Core\Inc\stm32f4xx_hal_conf.h
2025-11-22 01:29:07,383 [WARN] IPConfigManager:3811 - IP not found : TIM
2025-11-22 01:29:07,384 [WARN] CodeGenerator:4259 - IP not found : null
2025-11-22 01:29:07,389 [INFO] CodeEngine:265 - oldGeneratedFile, E:\UIT\HeThongNhung\DoAn\final\ENCODER\Core\Inc\main.h_save
2025-11-22 01:29:07,452 [INFO] CodeEngine:289 - Generated code: E:\UIT\HeThongNhung\DoAn\final\ENCODER\Core\Inc\main.h
2025-11-22 01:29:07,454 [INFO] CodeEngine:265 - oldGeneratedFile, E:\UIT\HeThongNhung\DoAn\final\ENCODER\Core\Src\main.c_save
2025-11-22 01:29:07,518 [INFO] CodeEngine:289 - Generated code: E:\UIT\HeThongNhung\DoAn\final\ENCODER\Core\Src\main.c
2025-11-22 01:29:07,745 [INFO] ProjectBuilder:3606 - Time for Copy HAL[1] : 84mS.
2025-11-22 01:29:07,747 [INFO] ProjectBuilder:5216 - Project Generator version: 4.7.0-B52
2025-11-22 01:29:07,815 [INFO] ConfigFileManager:1595 - The Die is : DIE413
2025-11-22 01:29:08,245 [INFO] ProjectBuilder:5496 - Time for Generating toolchain IDE Files: 498mS.
2025-11-22 01:29:08,245 [INFO] ProjectBuilder:3463 - Time for Copy CMSIS : 0mS.
2025-11-22 01:29:08,248 [INFO] ProjectBuilder:3463 - Time for Copy CMSIS : 0mS.
2025-11-22 01:31:17,498 [INFO] Gpio:278 - dependency for GPIO [SYS, TIM2]
2025-11-22 01:31:17,541 [INFO] NvicIntPanel:101 - NVIC parent = com.st.microxplorer.plugins.ip.nvic.MultiNvicIntPanel[,0,0,0x0,invalid,layout=javax.swing.BoxLayout,alignmentX=0.0,alignmentY=0.0,border=,flags=9,maximumSize=,minimumSize=,preferredSize=]
2025-11-22 01:31:27,501 [INFO] UtilMem:75 - End SaveConfig() Used Memory: 919117968 Bytes (1073741824)
2025-11-22 01:31:28,183 [INFO] UtilMem:75 - End SaveConfig() Used Memory: 709669752 Bytes (1073741824)
2025-11-22 01:31:28,929 [INFO] UtilMem:75 - End SaveConfig() Used Memory: 771009400 Bytes (1073741824)
2025-11-22 01:31:29,149 [INFO] BlockDiagram:2775 - set Specific Code input for plugin: TIM1_8
2025-11-22 01:31:29,150 [INFO] BlockDiagram:2775 - set Specific Code input for plugin: SYS
2025-11-22 01:31:29,150 [INFO] BlockDiagram:2775 - set Specific Code input for plugin: RCC
2025-11-22 01:31:29,150 [INFO] BlockDiagram:2775 - set Specific Code input for plugin: NVIC
2025-11-22 01:31:29,150 [INFO] BlockDiagram:2775 - set Specific Code input for plugin: GPIO
2025-11-22 01:31:29,151 [INFO] CodeGenerator:892 - code generatio: config db path: E:\STM32\STM32CubeIDE_1.18.1\STM32CubeIDE\plugins\com.st.stm32cube.common.mx_6.15.0.202507011659\\db\
2025-11-22 01:31:29,217 [INFO] CodeEngine:265 - oldGeneratedFile, E:\UIT\HeThongNhung\DoAn\final\ENCODER\MXTmpFiles\license.tmp_save
2025-11-22 01:31:29,369 [INFO] CodeEngine:289 - Generated code: E:\UIT\HeThongNhung\DoAn\final\ENCODER\MXTmpFiles\license.tmp
2025-11-22 01:31:29,385 [INFO] CodeEngine:265 - oldGeneratedFile, E:\UIT\HeThongNhung\DoAn\final\ENCODER\MXTmpFiles\gpio.tmp_save
2025-11-22 01:31:29,471 [INFO] CodeEngine:289 - Generated code: E:\UIT\HeThongNhung\DoAn\final\ENCODER\MXTmpFiles\gpio.tmp
2025-11-22 01:31:29,555 [INFO] CodeEngine:265 - oldGeneratedFile, E:\UIT\HeThongNhung\DoAn\final\ENCODER\Core\Src\stm32f4xx_it.c_save
2025-11-22 01:31:29,643 [INFO] CodeEngine:289 - Generated code: E:\UIT\HeThongNhung\DoAn\final\ENCODER\Core\Src\stm32f4xx_it.c
2025-11-22 01:31:29,648 [INFO] CodeEngine:265 - oldGeneratedFile, E:\UIT\HeThongNhung\DoAn\final\ENCODER\Core\Inc\stm32f4xx_it.h_save
2025-11-22 01:31:29,718 [INFO] CodeEngine:289 - Generated code: E:\UIT\HeThongNhung\DoAn\final\ENCODER\Core\Inc\stm32f4xx_it.h
2025-11-22 01:31:29,726 [INFO] CodeEngine:265 - oldGeneratedFile, E:\UIT\HeThongNhung\DoAn\final\ENCODER\Core\Src\stm32f4xx_hal_msp.c_save
2025-11-22 01:31:29,824 [INFO] CodeEngine:289 - Generated code: E:\UIT\HeThongNhung\DoAn\final\ENCODER\Core\Src\stm32f4xx_hal_msp.c
2025-11-22 01:31:29,827 [INFO] CodeEngine:265 - oldGeneratedFile, E:\UIT\HeThongNhung\DoAn\final\ENCODER\MXTmpFiles\system.tmp_save
2025-11-22 01:31:29,886 [INFO] CodeEngine:289 - Generated code: E:\UIT\HeThongNhung\DoAn\final\ENCODER\MXTmpFiles\system.tmp
2025-11-22 01:31:29,893 [INFO] CodeEngine:321 - oldGeneratedFile, E:\UIT\HeThongNhung\DoAn\final\ENCODER\Core\Inc\stm32f4xx_hal_conf.h_save
2025-11-22 01:31:29,961 [INFO] CodeEngine:345 - Generated code: E:\UIT\HeThongNhung\DoAn\final\ENCODER\Core\Inc\stm32f4xx_hal_conf.h
2025-11-22 01:31:29,978 [WARN] IPConfigManager:3811 - IP not found : TIM
2025-11-22 01:31:29,979 [WARN] CodeGenerator:4259 - IP not found : null
2025-11-22 01:31:29,982 [INFO] CodeEngine:265 - oldGeneratedFile, E:\UIT\HeThongNhung\DoAn\final\ENCODER\Core\Inc\main.h_save
2025-11-22 01:31:30,060 [INFO] CodeEngine:289 - Generated code: E:\UIT\HeThongNhung\DoAn\final\ENCODER\Core\Inc\main.h
2025-11-22 01:31:30,064 [INFO] CodeEngine:265 - oldGeneratedFile, E:\UIT\HeThongNhung\DoAn\final\ENCODER\Core\Src\main.c_save
2025-11-22 01:31:30,164 [INFO] CodeEngine:289 - Generated code: E:\UIT\HeThongNhung\DoAn\final\ENCODER\Core\Src\main.c
2025-11-22 01:31:30,351 [INFO] ProjectBuilder:3606 - Time for Copy HAL[1] : 91mS.
2025-11-22 01:31:30,353 [INFO] ProjectBuilder:5216 - Project Generator version: 4.7.0-B52
2025-11-22 01:31:30,406 [INFO] ConfigFileManager:1595 - The Die is : DIE413
2025-11-22 01:31:31,188 [INFO] ProjectBuilder:5496 - Time for Generating toolchain IDE Files: 834mS.
2025-11-22 01:31:31,189 [INFO] ProjectBuilder:3463 - Time for Copy CMSIS : 0mS.
2025-11-22 01:31:31,189 [INFO] ProjectBuilder:3463 - Time for Copy CMSIS : 0mS.
2025-11-22 01:32:34,900 [INFO] UtilMem:75 - End SaveConfig() Used Memory: 695038200 Bytes (1073741824)
2025-11-22 01:32:35,414 [INFO] UtilMem:75 - End SaveConfig() Used Memory: 734884088 Bytes (1073741824)
2025-11-22 01:32:36,296 [INFO] UtilMem:75 - End SaveConfig() Used Memory: 820345080 Bytes (1073741824)
2025-11-22 01:32:36,392 [INFO] BlockDiagram:2775 - set Specific Code input for plugin: TIM1_8
2025-11-22 01:32:36,392 [INFO] BlockDiagram:2775 - set Specific Code input for plugin: SYS
2025-11-22 01:32:36,392 [INFO] BlockDiagram:2775 - set Specific Code input for plugin: RCC
2025-11-22 01:32:36,392 [INFO] BlockDiagram:2775 - set Specific Code input for plugin: NVIC
2025-11-22 01:32:36,393 [INFO] BlockDiagram:2775 - set Specific Code input for plugin: GPIO
2025-11-22 01:32:36,393 [INFO] CodeGenerator:892 - code generatio: config db path: E:\STM32\STM32CubeIDE_1.18.1\STM32CubeIDE\plugins\com.st.stm32cube.common.mx_6.15.0.202507011659\\db\
2025-11-22 01:32:36,454 [INFO] CodeEngine:265 - oldGeneratedFile, E:\UIT\HeThongNhung\DoAn\final\ENCODER\MXTmpFiles\license.tmp_save
2025-11-22 01:32:36,501 [INFO] CodeEngine:289 - Generated code: E:\UIT\HeThongNhung\DoAn\final\ENCODER\MXTmpFiles\license.tmp
2025-11-22 01:32:36,518 [INFO] CodeEngine:265 - oldGeneratedFile, E:\UIT\HeThongNhung\DoAn\final\ENCODER\MXTmpFiles\gpio.tmp_save
2025-11-22 01:32:36,565 [INFO] CodeEngine:289 - Generated code: E:\UIT\HeThongNhung\DoAn\final\ENCODER\MXTmpFiles\gpio.tmp
2025-11-22 01:32:36,607 [INFO] CodeEngine:265 - oldGeneratedFile, E:\UIT\HeThongNhung\DoAn\final\ENCODER\Core\Src\stm32f4xx_it.c_save
2025-11-22 01:32:36,671 [INFO] CodeEngine:289 - Generated code: E:\UIT\HeThongNhung\DoAn\final\ENCODER\Core\Src\stm32f4xx_it.c
2025-11-22 01:32:36,678 [INFO] CodeEngine:265 - oldGeneratedFile, E:\UIT\HeThongNhung\DoAn\final\ENCODER\Core\Inc\stm32f4xx_it.h_save
2025-11-22 01:32:36,718 [INFO] CodeEngine:289 - Generated code: E:\UIT\HeThongNhung\DoAn\final\ENCODER\Core\Inc\stm32f4xx_it.h
2025-11-22 01:32:36,728 [INFO] CodeEngine:265 - oldGeneratedFile, E:\UIT\HeThongNhung\DoAn\final\ENCODER\Core\Src\stm32f4xx_hal_msp.c_save
2025-11-22 01:32:36,784 [INFO] CodeEngine:289 - Generated code: E:\UIT\HeThongNhung\DoAn\final\ENCODER\Core\Src\stm32f4xx_hal_msp.c
2025-11-22 01:32:36,787 [INFO] CodeEngine:265 - oldGeneratedFile, E:\UIT\HeThongNhung\DoAn\final\ENCODER\MXTmpFiles\system.tmp_save
2025-11-22 01:32:36,832 [INFO] CodeEngine:289 - Generated code: E:\UIT\HeThongNhung\DoAn\final\ENCODER\MXTmpFiles\system.tmp
2025-11-22 01:32:36,840 [INFO] CodeEngine:321 - oldGeneratedFile, E:\UIT\HeThongNhung\DoAn\final\ENCODER\Core\Inc\stm32f4xx_hal_conf.h_save
2025-11-22 01:32:36,887 [INFO] CodeEngine:345 - Generated code: E:\UIT\HeThongNhung\DoAn\final\ENCODER\Core\Inc\stm32f4xx_hal_conf.h
2025-11-22 01:32:36,899 [WARN] IPConfigManager:3811 - IP not found : TIM
2025-11-22 01:32:36,899 [WARN] CodeGenerator:4259 - IP not found : null
2025-11-22 01:32:36,904 [INFO] CodeEngine:265 - oldGeneratedFile, E:\UIT\HeThongNhung\DoAn\final\ENCODER\Core\Inc\main.h_save
2025-11-22 01:32:36,947 [INFO] CodeEngine:289 - Generated code: E:\UIT\HeThongNhung\DoAn\final\ENCODER\Core\Inc\main.h
2025-11-22 01:32:36,950 [INFO] CodeEngine:265 - oldGeneratedFile, E:\UIT\HeThongNhung\DoAn\final\ENCODER\Core\Src\main.c_save
2025-11-22 01:32:37,014 [INFO] CodeEngine:289 - Generated code: E:\UIT\HeThongNhung\DoAn\final\ENCODER\Core\Src\main.c
2025-11-22 01:32:37,316 [INFO] ProjectBuilder:3606 - Time for Copy HAL[1] : 138mS.
2025-11-22 01:32:37,320 [INFO] ProjectBuilder:5216 - Project Generator version: 4.7.0-B52
2025-11-22 01:32:37,377 [INFO] ConfigFileManager:1595 - The Die is : DIE413
2025-11-22 01:32:37,835 [INFO] ProjectBuilder:5496 - Time for Generating toolchain IDE Files: 515mS.
2025-11-22 01:32:37,835 [INFO] ProjectBuilder:3463 - Time for Copy CMSIS : 0mS.
2025-11-22 01:32:37,836 [INFO] ProjectBuilder:3463 - Time for Copy CMSIS : 0mS.
2025-11-22 01:37:49,133 [INFO] WebApp:194 - Connection lost
2025-11-22 01:37:49,440 [INFO] WebApp:191 - Connection restablished
2025-11-22 01:40:41,148 [INFO] Gpio:278 - dependency for GPIO [SYS, TIM2]
2025-11-22 01:40:41,202 [INFO] NvicIntPanel:101 - NVIC parent = com.st.microxplorer.plugins.ip.nvic.MultiNvicIntPanel[,0,0,0x0,invalid,layout=javax.swing.BoxLayout,alignmentX=0.0,alignmentY=0.0,border=,flags=9,maximumSize=,minimumSize=,preferredSize=]
2025-11-22 01:40:51,689 [INFO] UtilMem:75 - End SaveConfig() Used Memory: 956279136 Bytes (1073741824)
2025-11-22 01:40:52,159 [INFO] UtilMem:75 - End SaveConfig() Used Memory: 996125024 Bytes (1073741824)
2025-11-22 01:40:53,062 [INFO] UtilMem:75 - End SaveConfig() Used Memory: 756457920 Bytes (1073741824)
2025-11-22 01:40:53,431 [INFO] BlockDiagram:2775 - set Specific Code input for plugin: TIM1_8
2025-11-22 01:40:53,431 [INFO] BlockDiagram:2775 - set Specific Code input for plugin: SYS
2025-11-22 01:40:53,431 [INFO] BlockDiagram:2775 - set Specific Code input for plugin: RCC
2025-11-22 01:40:53,431 [INFO] BlockDiagram:2775 - set Specific Code input for plugin: NVIC
2025-11-22 01:40:53,432 [INFO] BlockDiagram:2775 - set Specific Code input for plugin: GPIO
2025-11-22 01:40:53,433 [INFO] CodeGenerator:892 - code generatio: config db path: E:\STM32\STM32CubeIDE_1.18.1\STM32CubeIDE\plugins\com.st.stm32cube.common.mx_6.15.0.202507011659\\db\
2025-11-22 01:40:53,526 [INFO] CodeEngine:265 - oldGeneratedFile, E:\UIT\HeThongNhung\DoAn\final\ENCODER\MXTmpFiles\license.tmp_save
2025-11-22 01:40:53,716 [INFO] CodeEngine:289 - Generated code: E:\UIT\HeThongNhung\DoAn\final\ENCODER\MXTmpFiles\license.tmp
2025-11-22 01:40:53,733 [INFO] CodeEngine:265 - oldGeneratedFile, E:\UIT\HeThongNhung\DoAn\final\ENCODER\MXTmpFiles\gpio.tmp_save
2025-11-22 01:40:53,839 [INFO] CodeEngine:289 - Generated code: E:\UIT\HeThongNhung\DoAn\final\ENCODER\MXTmpFiles\gpio.tmp
2025-11-22 01:40:53,918 [INFO] CodeEngine:265 - oldGeneratedFile, E:\UIT\HeThongNhung\DoAn\final\ENCODER\Core\Src\stm32f4xx_it.c_save
2025-11-22 01:40:54,102 [INFO] CodeEngine:289 - Generated code: E:\UIT\HeThongNhung\DoAn\final\ENCODER\Core\Src\stm32f4xx_it.c
2025-11-22 01:40:54,105 [INFO] CodeEngine:265 - oldGeneratedFile, E:\UIT\HeThongNhung\DoAn\final\ENCODER\Core\Inc\stm32f4xx_it.h_save
2025-11-22 01:40:54,177 [INFO] CodeEngine:289 - Generated code: E:\UIT\HeThongNhung\DoAn\final\ENCODER\Core\Inc\stm32f4xx_it.h
2025-11-22 01:40:54,184 [INFO] CodeEngine:265 - oldGeneratedFile, E:\UIT\HeThongNhung\DoAn\final\ENCODER\Core\Src\stm32f4xx_hal_msp.c_save
2025-11-22 01:40:54,306 [INFO] CodeEngine:289 - Generated code: E:\UIT\HeThongNhung\DoAn\final\ENCODER\Core\Src\stm32f4xx_hal_msp.c
2025-11-22 01:40:54,309 [INFO] CodeEngine:265 - oldGeneratedFile, E:\UIT\HeThongNhung\DoAn\final\ENCODER\MXTmpFiles\system.tmp_save
2025-11-22 01:40:54,374 [INFO] CodeEngine:289 - Generated code: E:\UIT\HeThongNhung\DoAn\final\ENCODER\MXTmpFiles\system.tmp
2025-11-22 01:40:54,382 [INFO] CodeEngine:321 - oldGeneratedFile, E:\UIT\HeThongNhung\DoAn\final\ENCODER\Core\Inc\stm32f4xx_hal_conf.h_save
2025-11-22 01:40:54,456 [INFO] CodeEngine:345 - Generated code: E:\UIT\HeThongNhung\DoAn\final\ENCODER\Core\Inc\stm32f4xx_hal_conf.h
2025-11-22 01:40:54,471 [WARN] IPConfigManager:3811 - IP not found : TIM
2025-11-22 01:40:54,472 [WARN] CodeGenerator:4259 - IP not found : null
2025-11-22 01:40:54,478 [INFO] CodeEngine:265 - oldGeneratedFile, E:\UIT\HeThongNhung\DoAn\final\ENCODER\Core\Inc\main.h_save
2025-11-22 01:40:54,561 [INFO] CodeEngine:289 - Generated code: E:\UIT\HeThongNhung\DoAn\final\ENCODER\Core\Inc\main.h
2025-11-22 01:40:54,564 [INFO] CodeEngine:265 - oldGeneratedFile, E:\UIT\HeThongNhung\DoAn\final\ENCODER\Core\Src\main.c_save
2025-11-22 01:40:54,642 [INFO] CodeEngine:289 - Generated code: E:\UIT\HeThongNhung\DoAn\final\ENCODER\Core\Src\main.c
2025-11-22 01:40:54,817 [INFO] ProjectBuilder:3606 - Time for Copy HAL[1] : 80mS.
2025-11-22 01:40:54,819 [INFO] ProjectBuilder:5216 - Project Generator version: 4.7.0-B52
2025-11-22 01:40:54,867 [INFO] ConfigFileManager:1595 - The Die is : DIE413
2025-11-22 01:40:55,508 [INFO] ProjectBuilder:5496 - Time for Generating toolchain IDE Files: 690mS.
2025-11-22 01:40:55,509 [INFO] ProjectBuilder:3463 - Time for Copy CMSIS : 0mS.
2025-11-22 01:40:55,511 [INFO] ProjectBuilder:3463 - Time for Copy CMSIS : 0mS.
