2025-11-29 00:26:34,802 [ERROR] LogOutputStream:75 - [STDERR_REDIRECT] 
2025-11-29 08:45:22,233 [INFO] Activator:176 - 


2025-11-29 08:45:22,235 [INFO] Activator:177 - !SESSION log4j initialized
2025-11-29 08:45:26,978 [INFO] LogOutputStream:77 - [STDOUT_REDIRECT] 
2025-11-29 08:45:28,142 [INFO] ApplicationProperties:184 - Using Application install path: E:\STM32\STM32CubeIDE_1.18.1\STM32CubeIDE\plugins\com.st.stm32cube.common.mx_6.15.0.202507011659
2025-11-29 08:45:28,168 [INFO] DbMcusXml:78 - Set database path to: E:\STM32\STM32CubeIDE_1.18.1\STM32CubeIDE\plugins\com.st.stm32cube.common.mx_6.15.0.202507011659\\db\/mcu/
2025-11-29 08:45:28,169 [INFO] ApiDb:274 - Set plugin database path to: E:\STM32\STM32CubeIDE_1.18.1\STM32CubeIDE\plugins\com.st.stm32cube.common.mx_6.15.0.202507011659\\db\/plugins/boardmanager/
2025-11-29 08:45:28,169 [WARN] ApiDb:259 - Overriding images path with different value:  => E:\STM32\STM32CubeIDE_1.18.1\STM32CubeIDE\plugins\com.st.stm32cube.common.mx_6.15.0.202507011659\\db\/plugins/mcufinder/images/
2025-11-29 08:45:28,179 [INFO] ApiDb:250 - Set database path to: C:\Users\ACER\.stmcufinder\plugins\mcufinder//mcu/
2025-11-29 08:45:28,182 [INFO] DbMcusAds:125 - Set database path to: C:\Users\ACER\.stmcufinder\plugins\mcufinder//mcu/
2025-11-29 08:45:28,186 [INFO] CrossReferenceDbSqlite:203 - Set database path to: C:\Users\ACER\.stmcufinder\plugins\mcufinder//mcu/cs/
2025-11-29 08:45:28,294 [INFO] RulesReader:64 - Compatibility file has been processed (317 Rules)
2025-11-29 08:45:28,361 [INFO] DbMcusXml:78 - Set database path to: E:\STM32\STM32CubeIDE_1.18.1\STM32CubeIDE\plugins\com.st.stm32cube.common.mx_6.15.0.202507011659\\db\/mcu/
2025-11-29 08:45:28,361 [INFO] ApiDb:274 - Set plugin database path to: E:\STM32\STM32CubeIDE_1.18.1\STM32CubeIDE\plugins\com.st.stm32cube.common.mx_6.15.0.202507011659\\db\/plugins/boardmanager/
2025-11-29 08:45:28,362 [INFO] ApiDb:261 - Set plugin images path to: E:\STM32\STM32CubeIDE_1.18.1\STM32CubeIDE\plugins\com.st.stm32cube.common.mx_6.15.0.202507011659\\db\/plugins/mcufinder/images/
2025-11-29 08:45:28,362 [WARN] DbFile:41 - Overriding database path with different value: C:\Users\ACER\.stmcufinder\plugins\mcufinder/ => C:\Users\ACER\.stmcufinder\plugins\mcufinder
2025-11-29 08:45:28,362 [INFO] ApiDb:250 - Set database path to: C:\Users\ACER\.stmcufinder\plugins\mcufinder//mcu/
2025-11-29 08:45:28,362 [WARN] DbFile:41 - Overriding database path with different value: C:\Users\ACER\.stmcufinder\plugins\mcufinder/ => C:\Users\ACER\.stmcufinder\plugins\mcufinder
2025-11-29 08:45:28,362 [INFO] DbMcusAds:125 - Set database path to: C:\Users\ACER\.stmcufinder\plugins\mcufinder//mcu/
2025-11-29 08:45:28,362 [WARN] DbFile:41 - Overriding database path with different value: C:\Users\ACER\.stmcufinder\plugins\mcufinder/ => C:\Users\ACER\.stmcufinder\plugins\mcufinder
2025-11-29 08:45:28,362 [WARN] DbFile:41 - Overriding database path with different value: C:\Users\ACER\.stmcufinder\plugins\mcufinder/ => C:\Users\ACER\.stmcufinder\plugins\mcufinder
2025-11-29 08:45:28,362 [INFO] CrossReferenceDbSqlite:203 - Set database path to: C:\Users\ACER\.stmcufinder\plugins\mcufinder//mcu/cs/
2025-11-29 08:45:28,446 [INFO] MainPanel:274 - HeapMemory: 268435456
2025-11-29 08:45:28,571 [INFO] DbMcusXml:78 - Set database path to: E:\STM32\STM32CubeIDE_1.18.1\STM32CubeIDE\plugins\com.st.stm32cube.common.mx_6.15.0.202507011659\\db\/mcu/
2025-11-29 08:45:28,571 [INFO] ApiDb:274 - Set plugin database path to: E:\STM32\STM32CubeIDE_1.18.1\STM32CubeIDE\plugins\com.st.stm32cube.common.mx_6.15.0.202507011659\\db\/plugins/boardmanager/
2025-11-29 08:45:28,571 [INFO] ApiDb:261 - Set plugin images path to: E:\STM32\STM32CubeIDE_1.18.1\STM32CubeIDE\plugins\com.st.stm32cube.common.mx_6.15.0.202507011659\\db\/plugins/mcufinder/images/
2025-11-29 08:45:28,571 [WARN] DbFile:41 - Overriding database path with different value: C:\Users\ACER\.stmcufinder\plugins\mcufinder/ => C:\Users\ACER\.stmcufinder\plugins\mcufinder
2025-11-29 08:45:28,571 [INFO] ApiDb:250 - Set database path to: C:\Users\ACER\.stmcufinder\plugins\mcufinder//mcu/
2025-11-29 08:45:28,571 [WARN] DbFile:41 - Overriding database path with different value: C:\Users\ACER\.stmcufinder\plugins\mcufinder/ => C:\Users\ACER\.stmcufinder\plugins\mcufinder
2025-11-29 08:45:28,571 [INFO] DbMcusAds:125 - Set database path to: C:\Users\ACER\.stmcufinder\plugins\mcufinder//mcu/
2025-11-29 08:45:28,571 [WARN] DbFile:41 - Overriding database path with different value: C:\Users\ACER\.stmcufinder\plugins\mcufinder/ => C:\Users\ACER\.stmcufinder\plugins\mcufinder
2025-11-29 08:45:28,571 [WARN] DbFile:41 - Overriding database path with different value: C:\Users\ACER\.stmcufinder\plugins\mcufinder/ => C:\Users\ACER\.stmcufinder\plugins\mcufinder
2025-11-29 08:45:28,571 [INFO] CrossReferenceDbSqlite:203 - Set database path to: C:\Users\ACER\.stmcufinder\plugins\mcufinder//mcu/cs/
2025-11-29 08:45:28,587 [INFO] ApplicationProperties:184 - Using Application install path: E:\STM32\STM32CubeIDE_1.18.1\STM32CubeIDE\plugins\com.st.stm32cube.common.mx_6.15.0.202507011659
2025-11-29 08:45:28,588 [INFO] PluginManage:196 - Search for loadable plugins [exclusion list=, ]
2025-11-29 08:45:28,589 [INFO] PluginManage:310 - Check plugin analytics
2025-11-29 08:45:28,753 [INFO] AnalyticsPlugin:253 - Accepted Software Licenses: 
2025-11-29 08:45:28,753 [INFO] AnalyticsPlugin:255 - Accepted CMSIS Pack Licenses: 
2025-11-29 08:45:28,753 [INFO] AnalyticsPlugin:257 - Accepted Firmware Licenses: FW.F4.1.28.0
2025-11-29 08:45:28,755 [INFO] PluginManage:359 - Loaded plugin analytics (category:tool,tabindex:-1)
2025-11-29 08:45:28,756 [INFO] PluginManage:310 - Check plugin cadmodel
2025-11-29 08:45:28,761 [INFO] CADModel:105 - Init CAD model plugin
2025-11-29 08:45:28,761 [INFO] PluginManage:359 - Loaded plugin cadmodel (category:power,tabindex:5)
2025-11-29 08:45:28,761 [INFO] PluginManage:310 - Check plugin clock
2025-11-29 08:45:28,769 [INFO] PluginManage:359 - Loaded plugin clock (category:base,tabindex:2)
2025-11-29 08:45:28,769 [INFO] PluginManage:310 - Check plugin ddr
2025-11-29 08:45:28,772 [INFO] PluginManage:359 - Loaded plugin ddr (category:tool,tabindex:6)
2025-11-29 08:45:28,772 [INFO] PluginManage:310 - Check plugin filemanager
2025-11-29 08:45:28,901 [INFO] PluginManage:359 - Loaded plugin filemanager (category:base,tabindex:10)
2025-11-29 08:45:28,901 [INFO] PluginManage:310 - Check plugin ipmanager
2025-11-29 08:45:28,907 [INFO] PluginManage:359 - Loaded plugin ipmanager (category:base,tabindex:5)
2025-11-29 08:45:28,907 [INFO] PluginManage:310 - Check plugin lpbam
2025-11-29 08:45:28,914 [INFO] PluginManage:359 - Loaded plugin lpbam (category:base,tabindex:0)
2025-11-29 08:45:28,914 [INFO] PluginManage:310 - Check plugin memorymap
2025-11-29 08:45:28,930 [INFO] PluginManage:359 - Loaded plugin memorymap (category:base,tabindex:4)
2025-11-29 08:45:28,930 [INFO] PluginManage:310 - Check plugin pinoutandconfiguration
2025-11-29 08:45:28,937 [INFO] PluginManage:359 - Loaded plugin pinoutandconfiguration (category:base,tabindex:1)
2025-11-29 08:45:28,938 [INFO] PluginManage:310 - Check plugin pinoutconfig
2025-11-29 08:45:29,031 [WARN] SupportedApi:132 - Cannot load RTOS API schema: s4s-elt-must-match.1: The content of 'definitions' must match (annotation?, (simpleType | complexType)?, (unique | key | keyref)*)). A problem was found starting at: attribute.
2025-11-29 08:45:29,184 [INFO] PluginManage:359 - Loaded plugin pinoutconfig (category:base,tabindex:0)
2025-11-29 08:45:29,184 [INFO] PluginManage:310 - Check plugin power
2025-11-29 08:45:29,195 [INFO] PluginManage:359 - Loaded plugin power (category:power,tabindex:4)
2025-11-29 08:45:29,196 [INFO] PluginManage:310 - Check plugin projectmanager
2025-11-29 08:45:29,209 [INFO] PluginManage:359 - Loaded plugin projectmanager (category:projectmanager,tabindex:4)
2025-11-29 08:45:29,209 [INFO] PluginManage:310 - Check plugin rif
2025-11-29 08:45:29,219 [INFO] PluginManage:359 - Loaded plugin rif (category:base,tabindex:3)
2025-11-29 08:45:29,219 [INFO] PluginManage:310 - Check plugin thirdparty
2025-11-29 08:45:29,327 [INFO] PluginManage:359 - Loaded plugin thirdparty (category:base,tabindex:-1)
2025-11-29 08:45:29,327 [INFO] PluginManage:310 - Check plugin tools
2025-11-29 08:45:29,327 [WARN] IntegrityCheckThread:84 - waiting for thirdparty lock release [integrity check]
2025-11-29 08:45:29,327 [INFO] IntegrityCheckThread:86 - entering critical section [integrity check]
2025-11-29 08:45:29,328 [INFO] ThirdPartyUpdaterWithRetryManager:70 - Updater plugin not ready yet. [1/15]
2025-11-29 08:45:29,329 [INFO] PluginManage:359 - Loaded plugin tools (category:base,tabindex:7)
2025-11-29 08:45:29,331 [INFO] PluginManage:310 - Check plugin tutovideos
2025-11-29 08:45:29,545 [INFO] PluginManage:359 - Loaded plugin tutovideos (category:base,tabindex:-1)
2025-11-29 08:45:29,545 [INFO] PluginManage:310 - Check plugin updater
2025-11-29 08:45:29,569 [INFO] PluginManage:359 - Loaded plugin updater (category:base,tabindex:12)
2025-11-29 08:45:29,569 [INFO] PluginManage:310 - Check plugin userauth
2025-11-29 08:45:29,573 [INFO] UserAuth:118 - Init User Auth plugin
2025-11-29 08:45:29,574 [INFO] PluginManage:359 - Loaded plugin userauth (category:base,tabindex:14)
2025-11-29 08:45:29,575 [INFO] PluginManage:283 - PluginManage : Loaded plugins [18]
2025-11-29 08:45:29,777 [INFO] PinOutPanel:1589 - setPackage(No Configuration,No Configuration)
2025-11-29 08:45:29,847 [INFO] CADModel:165 - CPN selected for project level
2025-11-29 08:45:29,847 [INFO] CADModel:114 - Register for checkConnection events
2025-11-29 08:45:29,868 [INFO] IPUIPlugin:80 - create IPUIPlugin
2025-11-29 08:45:29,869 [INFO] PluginManager:220 - loadIPPluginJar : add adc
2025-11-29 08:45:29,873 [INFO] IPUIPlugin:80 - create IPUIPlugin
2025-11-29 08:45:29,873 [INFO] PluginManager:220 - loadIPPluginJar : add aes
2025-11-29 08:45:29,876 [INFO] IPUIPlugin:80 - create IPUIPlugin
2025-11-29 08:45:29,876 [INFO] PluginManager:220 - loadIPPluginJar : add can
2025-11-29 08:45:29,878 [INFO] IPUIPlugin:80 - create IPUIPlugin
2025-11-29 08:45:29,878 [INFO] PluginManager:220 - loadIPPluginJar : add comp
2025-11-29 08:45:29,881 [INFO] IPUIPlugin:80 - create IPUIPlugin
2025-11-29 08:45:29,881 [INFO] PluginManager:220 - loadIPPluginJar : add cryp
2025-11-29 08:45:29,885 [INFO] IPUIPlugin:80 - create IPUIPlugin
2025-11-29 08:45:29,886 [INFO] PluginManager:220 - loadIPPluginJar : add ddr_ctrl_phy
2025-11-29 08:45:29,888 [INFO] IPUIPlugin:80 - create IPUIPlugin
2025-11-29 08:45:29,888 [INFO] PluginManager:220 - loadIPPluginJar : add dfsdm
2025-11-29 08:45:29,895 [INFO] IPUIPlugin:80 - create IPUIPlugin
2025-11-29 08:45:29,896 [INFO] PluginManager:220 - loadIPPluginJar : add dma
2025-11-29 08:45:29,899 [INFO] IPUIPlugin:80 - create IPUIPlugin
2025-11-29 08:45:29,899 [INFO] PluginManager:220 - loadIPPluginJar : add dma3
2025-11-29 08:45:29,902 [INFO] IPUIPlugin:80 - create IPUIPlugin
2025-11-29 08:45:29,902 [INFO] PluginManager:220 - loadIPPluginJar : add extmemmanager
2025-11-29 08:45:29,903 [INFO] IPUIPlugin:80 - create IPUIPlugin
2025-11-29 08:45:29,904 [INFO] PluginManager:220 - loadIPPluginJar : add fatfs
2025-11-29 08:45:29,908 [INFO] IPUIPlugin:80 - create IPUIPlugin
2025-11-29 08:45:29,908 [INFO] PluginManager:220 - loadIPPluginJar : add fmc
2025-11-29 08:45:29,915 [INFO] IPUIPlugin:80 - create IPUIPlugin
2025-11-29 08:45:29,916 [INFO] PluginManager:220 - loadIPPluginJar : add freertos
2025-11-29 08:45:29,917 [INFO] IPUIPlugin:80 - create IPUIPlugin
2025-11-29 08:45:29,918 [INFO] PluginManager:220 - loadIPPluginJar : add genericplugin
2025-11-29 08:45:29,919 [INFO] IPUIPlugin:80 - create IPUIPlugin
2025-11-29 08:45:29,921 [INFO] PluginManager:220 - loadIPPluginJar : add gfxmmu
2025-11-29 08:45:29,926 [INFO] IPUIPlugin:80 - create IPUIPlugin
2025-11-29 08:45:29,926 [INFO] PluginManager:220 - loadIPPluginJar : add gic
2025-11-29 08:45:29,932 [INFO] IPUIPlugin:80 - create IPUIPlugin
2025-11-29 08:45:29,932 [INFO] PluginManager:220 - loadIPPluginJar : add gpio
2025-11-29 08:45:29,935 [INFO] IPUIPlugin:80 - create IPUIPlugin
2025-11-29 08:45:29,936 [INFO] PluginManager:220 - loadIPPluginJar : add gtzc
2025-11-29 08:45:29,938 [INFO] IPUIPlugin:80 - create IPUIPlugin
2025-11-29 08:45:29,938 [INFO] PluginManager:220 - loadIPPluginJar : add hash
2025-11-29 08:45:29,942 [INFO] IPUIPlugin:80 - create IPUIPlugin
2025-11-29 08:45:29,942 [INFO] PluginManager:220 - loadIPPluginJar : add i2c
2025-11-29 08:45:29,945 [INFO] IPUIPlugin:80 - create IPUIPlugin
2025-11-29 08:45:29,945 [INFO] PluginManager:220 - loadIPPluginJar : add i2s
2025-11-29 08:45:29,948 [INFO] IPUIPlugin:80 - create IPUIPlugin
2025-11-29 08:45:29,948 [INFO] PluginManager:220 - loadIPPluginJar : add i3c
2025-11-29 08:45:29,951 [INFO] IPUIPlugin:80 - create IPUIPlugin
2025-11-29 08:45:29,951 [INFO] PluginManager:220 - loadIPPluginJar : add ipddr
2025-11-29 08:45:29,959 [INFO] IPUIPlugin:80 - create IPUIPlugin
2025-11-29 08:45:29,959 [INFO] PluginManager:220 - loadIPPluginJar : add linkedlist
2025-11-29 08:45:29,963 [INFO] IPUIPlugin:80 - create IPUIPlugin
2025-11-29 08:45:29,963 [INFO] PluginManager:220 - loadIPPluginJar : add lorawan
2025-11-29 08:45:29,965 [INFO] IPUIPlugin:80 - create IPUIPlugin
2025-11-29 08:45:29,965 [INFO] PluginManager:220 - loadIPPluginJar : add ltdc
2025-11-29 08:45:29,970 [INFO] IPUIPlugin:80 - create IPUIPlugin
2025-11-29 08:45:29,971 [INFO] PluginManager:220 - loadIPPluginJar : add mdma
2025-11-29 08:45:29,974 [INFO] IPUIPlugin:80 - create IPUIPlugin
2025-11-29 08:45:29,974 [INFO] PluginManager:220 - loadIPPluginJar : add nvic
2025-11-29 08:45:29,977 [INFO] IPUIPlugin:80 - create IPUIPlugin
2025-11-29 08:45:29,977 [INFO] PluginManager:220 - loadIPPluginJar : add opamp
2025-11-29 08:45:29,981 [INFO] IPUIPlugin:80 - create IPUIPlugin
2025-11-29 08:45:29,981 [INFO] PluginManager:220 - loadIPPluginJar : add openamp
2025-11-29 08:45:29,984 [INFO] IPUIPlugin:80 - create IPUIPlugin
2025-11-29 08:45:29,984 [INFO] PluginManager:220 - loadIPPluginJar : add pdm2pcm
2025-11-29 08:45:29,990 [INFO] IPUIPlugin:80 - create IPUIPlugin
2025-11-29 08:45:29,992 [INFO] PluginManager:220 - loadIPPluginJar : add plateformsettings
2025-11-29 08:45:29,994 [INFO] IPUIPlugin:80 - create IPUIPlugin
2025-11-29 08:45:29,995 [INFO] PluginManager:220 - loadIPPluginJar : add quadspi
2025-11-29 08:45:29,997 [INFO] IPUIPlugin:80 - create IPUIPlugin
2025-11-29 08:45:29,997 [INFO] PluginManager:220 - loadIPPluginJar : add radio
2025-11-29 08:45:30,001 [INFO] IPUIPlugin:80 - create IPUIPlugin
2025-11-29 08:45:30,001 [INFO] PluginManager:220 - loadIPPluginJar : add resmgrutility
2025-11-29 08:45:30,005 [INFO] IPUIPlugin:80 - create IPUIPlugin
2025-11-29 08:45:30,005 [INFO] PluginManager:220 - loadIPPluginJar : add sai
2025-11-29 08:45:30,007 [INFO] IPUIPlugin:80 - create IPUIPlugin
2025-11-29 08:45:30,007 [INFO] PluginManager:220 - loadIPPluginJar : add spi
2025-11-29 08:45:30,012 [INFO] IPUIPlugin:80 - create IPUIPlugin
2025-11-29 08:45:30,013 [INFO] PluginManager:220 - loadIPPluginJar : add stm32_wpan
2025-11-29 08:45:30,015 [INFO] IPUIPlugin:80 - create IPUIPlugin
2025-11-29 08:45:30,015 [INFO] PluginManager:220 - loadIPPluginJar : add tim
2025-11-29 08:45:30,018 [INFO] IPUIPlugin:80 - create IPUIPlugin
2025-11-29 08:45:30,018 [INFO] PluginManager:220 - loadIPPluginJar : add touchsensing
2025-11-29 08:45:30,020 [INFO] IPUIPlugin:80 - create IPUIPlugin
2025-11-29 08:45:30,020 [INFO] PluginManager:220 - loadIPPluginJar : add tracer_emb
2025-11-29 08:45:30,022 [INFO] IPUIPlugin:80 - create IPUIPlugin
2025-11-29 08:45:30,022 [INFO] PluginManager:220 - loadIPPluginJar : add ts
2025-11-29 08:45:30,024 [INFO] IPUIPlugin:80 - create IPUIPlugin
2025-11-29 08:45:30,024 [INFO] PluginManager:220 - loadIPPluginJar : add tsc
2025-11-29 08:45:30,026 [INFO] IPUIPlugin:80 - create IPUIPlugin
2025-11-29 08:45:30,026 [INFO] PluginManager:220 - loadIPPluginJar : add ucpd
2025-11-29 08:45:30,028 [INFO] IPUIPlugin:80 - create IPUIPlugin
2025-11-29 08:45:30,028 [INFO] PluginManager:220 - loadIPPluginJar : add usart
2025-11-29 08:45:30,031 [INFO] IPUIPlugin:80 - create IPUIPlugin
2025-11-29 08:45:30,031 [INFO] PluginManager:220 - loadIPPluginJar : add usbx
2025-11-29 08:45:30,142 [FATAL] Updater:351 - Updater called before beeing initialized
2025-11-29 08:45:30,173 [INFO] RulesReader:64 - Compatibility file has been processed (317 Rules)
2025-11-29 08:45:30,182 [INFO] RulesReader:64 - Compatibility file has been processed (317 Rules)
2025-11-29 08:45:30,189 [INFO] CADModel:165 - CPN selected for project level
2025-11-29 08:45:30,189 [INFO] CADModel:114 - Register for checkConnection events
2025-11-29 08:45:30,189 [FATAL] Updater:351 - Updater called before beeing initialized
2025-11-29 08:45:30,189 [ERROR] CADModel:125 - Updater not yet initialized, retry later 
2025-11-29 08:45:30,348 [FATAL] Updater:351 - Updater called before beeing initialized
2025-11-29 08:45:30,351 [INFO] CADModel:165 - CPN selected for project level
2025-11-29 08:45:30,351 [INFO] CADModel:114 - Register for checkConnection events
2025-11-29 08:45:30,351 [FATAL] Updater:351 - Updater called before beeing initialized
2025-11-29 08:45:30,351 [ERROR] CADModel:125 - Updater not yet initialized, retry later 
2025-11-29 08:45:30,354 [FATAL] Updater:351 - Updater called before beeing initialized
2025-11-29 08:45:30,441 [FATAL] Updater:351 - Updater called before beeing initialized
2025-11-29 08:45:30,443 [INFO] DbMcusAds:53 - JSON generation date=Tue Nov 25 21:08:32 ICT 2025 (1764079712287)
2025-11-29 08:45:30,443 [FATAL] Updater:351 - Updater called before beeing initialized
2025-11-29 08:45:30,480 [WARN] DetailPanel:346 - Failed to get advertising image, set to default
2025-11-29 08:45:30,545 [FATAL] Updater:351 - Updater called before beeing initialized
2025-11-29 08:45:30,546 [FATAL] Updater:351 - Updater called before beeing initialized
2025-11-29 08:45:30,546 [FATAL] Updater:351 - Updater called before beeing initialized
2025-11-29 08:45:30,546 [WARN] DetailPanel:346 - Failed to get advertising image, set to default
2025-11-29 08:45:30,546 [FATAL] Updater:351 - Updater called before beeing initialized
2025-11-29 08:45:30,592 [ERROR] Updater:1198 - MainUpdater not yet initialized. External WinMGr cannot be set.
2025-11-29 08:45:30,595 [INFO] Updater:1134 - Updater Version found : 6.15.0
2025-11-29 08:45:30,622 [INFO] ApplicationProperties:184 - Using Application install path: E:\STM32\STM32CubeIDE_1.18.1\STM32CubeIDE\plugins\com.st.stm32cube.common.mx_6.15.0.202507011659
2025-11-29 08:45:32,200 [ERROR] LogOutputStream:75 - [STDERR_REDIRECT] Nov 29, 2025 8:45:32 AM java.util.prefs.WindowsPreferences <init>
2025-11-29 08:45:32,202 [ERROR] LogOutputStream:75 - [STDERR_REDIRECT] WARNING: Could not open/create prefs root node Software\JavaSoft\Prefs at root 0xffffffff80000002. Windows RegCreateKeyEx(...) returned error code 5.
2025-11-29 08:45:32,203 [ERROR] LogOutputStream:75 - [STDERR_REDIRECT] 
2025-11-29 08:45:32,329 [INFO] ThirdPartyUpdaterWithRetryManager:70 - Updater plugin not ready yet. [2/15]
2025-11-29 08:45:32,506 [INFO] MainUpdater:2872 - connection check result : 10
2025-11-29 08:45:32,507 [INFO] MainUpdater:289 - Updater Check For Update Now.
2025-11-29 08:45:32,507 [INFO] MicroXplorer:498 - Change Database Version : DB.6.0.150
2025-11-29 08:45:32,518 [INFO] McuFinderGlobals:63 - Set McuFinder mode to 2 (CubeIDE integrated)
2025-11-29 08:45:32,519 [INFO] UserAuth:487 - Internet connection configuration mode: 1
2025-11-29 08:45:32,550 [INFO] JxBrowserEngine:152 - Initiate JxBrowser Engine with user profile folder
2025-11-29 08:45:32,671 [INFO] CheckServerUpdateThread:120 - End of CheckServer Thread
2025-11-29 08:45:33,705 [INFO] WebApp:169 - Instantiating new browser for Auth
2025-11-29 08:45:34,442 [INFO] WebApp:463 - Apply proxy settings
2025-11-29 08:45:34,442 [INFO] WebApp:548 - Chromium requires no authentication
2025-11-29 08:45:34,454 [INFO] WebApp:491 - Direct internet connection detected
2025-11-29 08:45:34,481 [INFO] WebApp:900 - Register for checkConnection events
2025-11-29 08:45:34,481 [INFO] WebApp:463 - Apply proxy settings
2025-11-29 08:45:34,481 [INFO] WebApp:548 - Chromium requires no authentication
2025-11-29 08:45:34,482 [INFO] WebApp:491 - Direct internet connection detected
2025-11-29 08:45:34,687 [INFO] WebApp:225 - Starting web application
2025-11-29 08:45:34,687 [INFO] WebApp:593 - Web application path used E:\STM32\STM32CubeIDE_1.18.1\STM32CubeIDE\plugins\com.st.stm32cube.common.mx_6.15.0.202507011659\db\plugins\mcufinder\reactClient1\index.html
2025-11-29 08:45:34,786 [INFO] WebApp:191 - Connection restablished
2025-11-29 08:45:34,879 [INFO] UserAuth:487 - Internet connection configuration mode: 1
2025-11-29 08:45:35,545 [WARN] PackLoader:240 - Cannot read IP mode file for STMicroelectronics.FP-SNS-MOTENVWB1.1.4.0
2025-11-29 08:45:35,555 [WARN] PackLoader:240 - Cannot read IP mode file for STMicroelectronics.FP-ATR-ASTRA1.2.0.2
2025-11-29 08:45:35,562 [WARN] PackLoader:240 - Cannot read IP mode file for STMicroelectronics.X-CUBE-SMBUS.2.1.0
2025-11-29 08:45:35,566 [WARN] PackLoader:240 - Cannot read IP mode file for NimaLTD.I-CUBE-SPIF.2.3.2
2025-11-29 08:45:35,619 [WARN] PackLoader:240 - Cannot read IP mode file for STMicroelectronics.X-CUBE-ST60.1.0.0
2025-11-29 08:45:35,636 [WARN] PackLoader:240 - Cannot read IP mode file for STMicroelectronics.X-CUBE-AZRTOS-F7.1.1.0
2025-11-29 08:45:35,642 [WARN] PackLoader:240 - Cannot read IP mode file for Cesanta.I-CUBE-Mongoose.7.19.0
2025-11-29 08:45:35,646 [WARN] PackLoader:240 - Cannot read IP mode file for STMicroelectronics.FP-SNS-MOTENV1.5.1.0
2025-11-29 08:45:35,661 [WARN] PackLoader:240 - Cannot read IP mode file for Infineon.AIROC-Wi-Fi-Bluetooth-STM32.1.7.0
2025-11-29 08:45:35,688 [WARN] PackLoader:240 - Cannot read IP mode file for Infineon.AIROC-Wi-Fi-Bluetooth-STM32.1.7.1
2025-11-29 08:45:35,706 [WARN] PackLoader:240 - Cannot read IP mode file for STMicroelectronics.X-CUBE-AZRTOS-H7.3.4.0
2025-11-29 08:45:35,712 [WARN] PackLoader:240 - Cannot read IP mode file for STMicroelectronics.X-CUBE-DISPLAY.3.0.0
2025-11-29 08:45:35,721 [WARN] PackLoader:240 - Cannot read IP mode file for STMicroelectronics.X-CUBE-NFC10.1.0.0
2025-11-29 08:45:35,729 [WARN] PackLoader:240 - Cannot read IP mode file for STMicroelectronics.X-CUBE-BLEMGR.4.0.0
2025-11-29 08:45:35,733 [WARN] PackLoader:240 - Cannot read IP mode file for STMicroelectronics.X-CUBE-ST60.1.1.0
2025-11-29 08:45:35,737 [WARN] PackLoader:240 - Cannot read IP mode file for emotas.I-CUBE-CANOPEN.1.3.0
2025-11-29 08:45:35,744 [WARN] PackLoader:240 - Cannot read IP mode file for STMicroelectronics.X-CUBE-GNSS1.7.1.0
2025-11-29 08:45:35,747 [WARN] ConditionMgr:438 - getConditionDescription Invalid condition id : Cortex-A Device cause : null
2025-11-29 08:45:35,764 [WARN] ConditionMgr:1044 - genDependencies : Invalid condition id : Cortex-A Device cause : null
2025-11-29 08:45:35,764 [WARN] ConditionMgr:1044 - genDependencies : Invalid condition id : Cortex-A Device cause : null
2025-11-29 08:45:35,765 [WARN] ConditionMgr:1044 - genDependencies : Invalid condition id : Cortex-A Device cause : null
2025-11-29 08:45:35,772 [WARN] PackLoader:240 - Cannot read IP mode file for STMicroelectronics.X-CUBE-AI.10.0.0
2025-11-29 08:45:35,780 [WARN] PackLoader:240 - Cannot read IP mode file for STMicroelectronics.FP-SNS-STBOX1.2.1.0
2025-11-29 08:45:35,786 [WARN] PackLoader:240 - Cannot read IP mode file for STMicroelectronics.FP-SNS-SMARTAG2.1.2.0
2025-11-29 08:45:35,791 [WARN] PackLoader:240 - Cannot read IP mode file for STMicroelectronics.FP-SNS-FLIGHT1.5.1.0
2025-11-29 08:45:35,799 [INFO] LogOutputStream:77 - [STDOUT_REDIRECT] 1 : Invalid condition id : UX_CORESTACK_Condition cause : null
2025-11-29 08:45:35,799 [INFO] LogOutputStream:77 - [STDOUT_REDIRECT] 1 : Invalid condition id : UX_CORESTACK_Condition cause : null
2025-11-29 08:45:35,800 [INFO] LogOutputStream:77 - [STDOUT_REDIRECT] 1 : Invalid condition id : UX_CORESTACK_Condition cause : null
2025-11-29 08:45:35,800 [INFO] LogOutputStream:77 - [STDOUT_REDIRECT] 1 : Invalid condition id : UX_CORESTACK_Condition cause : null
2025-11-29 08:45:35,801 [INFO] LogOutputStream:77 - [STDOUT_REDIRECT] 1 : Invalid condition id : UX_CORESTACK_Condition cause : null
2025-11-29 08:45:35,802 [WARN] PackLoader:240 - Cannot read IP mode file for STMicroelectronics.X-CUBE-AZRTOS-WL.2.0.0
2025-11-29 08:45:35,807 [WARN] PackLoader:240 - Cannot read IP mode file for STMicroelectronics.FP-SNS-MOTENV1.5.0.0
2025-11-29 08:45:35,820 [WARN] PackLoader:240 - Cannot read IP mode file for STMicroelectronics.X-CUBE-AZRTOS-H7RS.1.2.0
2025-11-29 08:45:35,829 [WARN] PackLoader:240 - Cannot read IP mode file for WES.I-CUBE-Cesium.1.3.0
2025-11-29 08:45:35,833 [WARN] PackLoader:240 - Cannot read IP mode file for STMicroelectronics.X-CUBE-BLE2.3.3.0
2025-11-29 08:45:35,844 [WARN] PackLoader:240 - Cannot read IP mode file for STMicroelectronics.X-CUBE-NFC9.1.0.0
2025-11-29 08:45:35,848 [WARN] PackLoader:240 - Cannot read IP mode file for wolfSSL.I-CUBE-wolfSSL.5.8.0
2025-11-29 08:45:35,851 [WARN] PackLoader:240 - Cannot read IP mode file for wolfSSL.I-CUBE-wolfSSL.5.8.2
2025-11-29 08:45:35,856 [WARN] PackLoader:240 - Cannot read IP mode file for STMicroelectronics.X-CUBE-BLE1.7.1.0
2025-11-29 08:45:35,858 [WARN] PackLoader:240 - Cannot read IP mode file for wolfSSL.I-CUBE-wolfMQTT.1.19.2
2025-11-29 08:45:35,865 [WARN] PackLoader:240 - Cannot read IP mode file for STMicroelectronics.X-CUBE-FREERTOS.1.4.0
2025-11-29 08:45:35,873 [WARN] PackLoader:240 - Cannot read IP mode file for STMicroelectronics.X-CUBE-EEPRMA1.5.2.0
2025-11-29 08:45:35,881 [WARN] PackLoader:240 - Cannot read IP mode file for STMicroelectronics.X-CUBE-ST67W61.1.1.0
2025-11-29 08:45:35,937 [WARN] PackLoader:240 - Cannot read IP mode file for STMicroelectronics.X-CUBE-MEMS1.12.0.0
2025-11-29 08:45:36,030 [WARN] PackLoader:240 - Cannot read IP mode file for STMicroelectronics.X-CUBE-MEMS1.11.2.0
2025-11-29 08:45:36,102 [WARN] PackLoader:240 - Cannot read IP mode file for STMicroelectronics.X-CUBE-AZRTOS-G0.1.1.0
2025-11-29 08:45:36,107 [WARN] PackLoader:240 - Cannot read IP mode file for STMicroelectronics.X-CUBE-SAFEA1.1.2.2
2025-11-29 08:45:36,110 [WARN] PackLoader:240 - Cannot read IP mode file for STMicroelectronics.X-CUBE-NFC4.3.0.0
2025-11-29 08:45:36,117 [WARN] PackLoader:240 - Cannot read IP mode file for EmbeddedOffice.I-CUBE-FS-RTOS.1.0.1
2025-11-29 08:45:36,120 [WARN] PackLoader:240 - Cannot read IP mode file for STMicroelectronics.X-CUBE-WB05N.2.0.0
2025-11-29 08:45:36,124 [WARN] PackLoader:240 - Cannot read IP mode file for wolfSSL.I-CUBE-wolfTPM.3.8.0
2025-11-29 08:45:36,127 [WARN] PackLoader:240 - Cannot read IP mode file for STMicroelectronics.X-CUBE-TCPP.4.2.0
2025-11-29 08:45:36,133 [WARN] PackLoader:240 - Cannot read IP mode file for RealThread.X-CUBE-RT-Thread_Nano.4.1.1
2025-11-29 08:45:36,136 [WARN] PackLoader:240 - Cannot read IP mode file for STMicroelectronics.FP-ATR-SIGFOX1.3.2.0
2025-11-29 08:45:36,140 [WARN] PackLoader:240 - Cannot read IP mode file for STMicroelectronics.X-CUBE-EEPRMA1.5.1.0
2025-11-29 08:45:36,149 [WARN] PackLoader:240 - Cannot read IP mode file for ITTIA_DB.I-CUBE-ITTIADB.8.9.0
2025-11-29 08:45:36,155 [WARN] PackLoader:240 - Cannot read IP mode file for STMicroelectronics.X-CUBE-ST67W61.1.0.0
2025-11-29 08:45:36,158 [WARN] PackLoader:240 - Cannot read IP mode file for STMicroelectronics.X-CUBE-AI.10.2.0
2025-11-29 08:45:36,169 [WARN] PackLoader:240 - Cannot read IP mode file for SEGGER.I-CUBE-embOS.1.3.1
2025-11-29 08:45:36,189 [WARN] PackLoader:240 - Cannot read IP mode file for STMicroelectronics.X-CUBE-ALGOBUILD.1.4.0
2025-11-29 08:45:36,211 [WARN] PackLoader:240 - Cannot read IP mode file for STMicroelectronics.X-CUBE-MEMS1.11.3.0
2025-11-29 08:45:36,293 [WARN] PackLoader:240 - Cannot read IP mode file for STMicroelectronics.X-CUBE-PM33A1.1.0.0
2025-11-29 08:45:36,307 [WARN] PackLoader:240 - Cannot read IP mode file for STMicroelectronics.X-CUBE-AZRTOS-F4.1.1.0
2025-11-29 08:45:36,313 [WARN] PackLoader:240 - Cannot read IP mode file for Avnet-IotConnect.X-CUBE-IoTC-DA16k-PMOD.1.0.0
2025-11-29 08:45:36,316 [WARN] PackLoader:240 - Cannot read IP mode file for STMicroelectronics.X-CUBE-ISPU.2.1.0
2025-11-29 08:45:36,335 [WARN] PackLoader:240 - Cannot read IP mode file for STMicroelectronics.X-CUBE-IPS.3.2.0
2025-11-29 08:45:36,352 [WARN] PackLoader:240 - Cannot read IP mode file for STMicroelectronics.X-CUBE-NFC12.1.0.0
2025-11-29 08:45:36,365 [WARN] PackLoader:240 - Cannot read IP mode file for STMicroelectronics.X-CUBE-AZRTOS-L5.2.0.0
2025-11-29 08:45:36,373 [WARN] PackLoader:240 - Cannot read IP mode file for STMicroelectronics.X-CUBE-NFC6.3.1.0
2025-11-29 08:45:36,376 [WARN] PackLoader:240 - Cannot read IP mode file for NimaLTD.I-CUBE-SPIF.2.0.1
2025-11-29 08:45:36,401 [WARN] PackLoader:240 - Cannot read IP mode file for STMicroelectronics.X-CUBE-FREERTOS.1.3.1
2025-11-29 08:45:36,404 [WARN] PackLoader:240 - Cannot read IP mode file for STMicroelectronics.X-CUBE-FREERTOS.1.3.0
2025-11-29 08:45:36,408 [WARN] PackLoader:240 - Cannot read IP mode file for STMicroelectronics.X-CUBE-NFC7.1.0.1
2025-11-29 08:45:36,412 [WARN] PackLoader:240 - Cannot read IP mode file for STMicroelectronics.X-CUBE-TOUCHGFX.4.26.0
2025-11-29 08:45:36,415 [WARN] PackLoader:240 - Cannot read IP mode file for STMicroelectronics.FP-SNS-STAIOTCFT.1.0.0
2025-11-29 08:45:36,419 [WARN] PackLoader:240 - Cannot read IP mode file for STMicroelectronics.X-CUBE-DPower.1.3.0
2025-11-29 08:45:36,429 [WARN] ConditionMgr:438 - getConditionDescription Invalid condition id : LAN8742 Phy interface Condition cause : null
2025-11-29 08:45:36,430 [WARN] PackLoader:240 - Cannot read IP mode file for STMicroelectronics.X-CUBE-AZRTOS-L4.2.0.0
2025-11-29 08:45:36,431 [WARN] ConditionMgr:1044 - genDependencies : Invalid condition id : LAN8742 Phy interface Condition cause : null
2025-11-29 08:45:36,431 [WARN] ConditionMgr:1044 - genDependencies : Invalid condition id : LAN8742 Phy interface Condition cause : null
2025-11-29 08:45:36,431 [WARN] ConditionMgr:1044 - genDependencies : Invalid condition id : LAN8742 Phy interface Condition cause : null
2025-11-29 08:45:36,437 [WARN] PackLoader:240 - Cannot read IP mode file for STMicroelectronics.X-CUBE-SFXS2LP1.4.0.0
2025-11-29 08:45:36,458 [WARN] PackLoader:240 - Cannot read IP mode file for STMicroelectronics.X-CUBE-AZRTOS-H7.3.3.0
2025-11-29 08:45:36,470 [WARN] PackLoader:240 - Cannot read IP mode file for STMicroelectronics.X-CUBE-BLEMGR.4.1.0
2025-11-29 08:45:36,479 [WARN] ConditionMgr:438 - getConditionDescription Invalid condition id : UX DEVICE CLASS RTOS Condition cause : null
2025-11-29 08:45:36,479 [WARN] ConditionMgr:438 - getConditionDescription Invalid condition id : UX DEVICE CLASS RTOS Condition cause : null
2025-11-29 08:45:36,481 [WARN] PackLoader:240 - Cannot read IP mode file for STMicroelectronics.X-CUBE-AZRTOS-WB.2.0.0
2025-11-29 08:45:36,481 [WARN] ConditionMgr:1044 - genDependencies : Invalid condition id : UX DEVICE CLASS RTOS Condition cause : null
2025-11-29 08:45:36,481 [WARN] ConditionMgr:1044 - genDependencies : Invalid condition id : UX DEVICE CLASS RTOS Condition cause : null
2025-11-29 08:45:36,481 [WARN] ConditionMgr:1044 - genDependencies : Invalid condition id : UX DEVICE CLASS RTOS Condition cause : null
2025-11-29 08:45:36,482 [WARN] ConditionMgr:1044 - genDependencies : Invalid condition id : UX DEVICE CLASS RTOS Condition cause : null
2025-11-29 08:45:36,482 [WARN] ConditionMgr:1044 - genDependencies : Invalid condition id : UX DEVICE CLASS RTOS Condition cause : null
2025-11-29 08:45:36,486 [WARN] PackLoader:240 - Cannot read IP mode file for STMicroelectronics.X-CUBE-GNSS1.7.0.1
2025-11-29 08:45:36,489 [WARN] PackLoader:240 - Cannot read IP mode file for STMicroelectronics.X-CUBE-TOUCHGFX.4.25.0
2025-11-29 08:45:36,493 [WARN] PackLoader:240 - Cannot read IP mode file for STMicroelectronics.FP-SNS-STBOX1.2.0.0
2025-11-29 08:45:36,496 [WARN] ConditionMgr:438 - getConditionDescription Invalid condition id : Cortex-A Device cause : null
2025-11-29 08:45:36,504 [WARN] ConditionMgr:1044 - genDependencies : Invalid condition id : Cortex-A Device cause : null
2025-11-29 08:45:36,504 [WARN] ConditionMgr:1044 - genDependencies : Invalid condition id : Cortex-A Device cause : null
2025-11-29 08:45:36,505 [WARN] ConditionMgr:1044 - genDependencies : Invalid condition id : Cortex-A Device cause : null
2025-11-29 08:45:36,511 [WARN] PackLoader:240 - Cannot read IP mode file for STMicroelectronics.X-CUBE-SUBG2.5.0.0
2025-11-29 08:45:36,521 [WARN] PackLoader:240 - Cannot read IP mode file for STMicroelectronics.X-CUBE-AZRTOS-H7RS.1.1.0
2025-11-29 08:45:36,526 [WARN] PackLoader:240 - Cannot read IP mode file for Cesanta.I-CUBE-Mongoose.7.13.0
2025-11-29 08:45:36,536 [WARN] PackLoader:240 - Cannot read IP mode file for STMicroelectronics.X-CUBE-AZRTOS-G4.2.0.0
2025-11-29 08:45:36,543 [WARN] PackLoader:240 - Cannot read IP mode file for wolfSSL.I-CUBE-wolfSSH.1.4.20
2025-11-29 08:45:36,546 [WARN] PackLoader:240 - Cannot read IP mode file for STMicroelectronics.X-CUBE-NFC7.2.0.0
2025-11-29 08:45:36,554 [WARN] PackLoader:240 - Cannot read IP mode file for STMicroelectronics.X-CUBE-IPS.3.1.0
2025-11-29 08:45:36,562 [WARN] PackLoader:240 - Cannot read IP mode file for STMicroelectronics.X-CUBE-ALS.1.0.2
2025-11-29 08:45:36,568 [WARN] PackLoader:240 - Cannot read IP mode file for STMicroelectronics.X-CUBE-STSE01.1.0.0
2025-11-29 08:45:36,574 [WARN] PackLoader:240 - Cannot read IP mode file for portGmbH.I-Cube-SoM-uGOAL.1.1.0
2025-11-29 08:45:36,582 [WARN] PackLoader:240 - Cannot read IP mode file for STMicroelectronics.X-CUBE-TOF1.3.4.3
2025-11-29 08:45:36,589 [INFO] ThirdParty:978 - Integrity check success = true
2025-11-29 08:45:36,590 [INFO] IntegrityCheckThread:100 - exiting critical section [integrity check]
2025-11-29 08:45:36,590 [INFO] IntegrityCheckThread:103 - End integrity checks thread
2025-11-29 09:10:32,966 [INFO] WebApp:194 - Connection lost
2025-11-29 09:10:33,250 [INFO] WebApp:191 - Connection restablished
2025-11-29 09:40:42,455 [INFO] WebApp:194 - Connection lost
2025-11-29 09:40:42,791 [INFO] WebApp:191 - Connection restablished
2025-11-29 10:10:52,440 [INFO] WebApp:194 - Connection lost
2025-11-29 10:10:52,742 [INFO] WebApp:191 - Connection restablished
2025-11-29 10:41:02,907 [INFO] WebApp:194 - Connection lost
2025-11-29 10:41:03,173 [INFO] WebApp:191 - Connection restablished
2025-11-29 11:11:16,393 [INFO] WebApp:194 - Connection lost
2025-11-29 11:11:16,670 [INFO] WebApp:191 - Connection restablished
2025-11-29 11:41:26,917 [INFO] WebApp:194 - Connection lost
2025-11-29 11:41:27,169 [INFO] WebApp:191 - Connection restablished
2025-11-29 12:11:36,885 [INFO] WebApp:194 - Connection lost
2025-11-29 12:11:37,152 [INFO] WebApp:191 - Connection restablished
2025-11-29 12:41:47,406 [INFO] WebApp:194 - Connection lost
2025-11-29 12:41:47,667 [INFO] WebApp:191 - Connection restablished
2025-11-29 13:11:57,386 [INFO] WebApp:194 - Connection lost
2025-11-29 13:11:57,737 [INFO] WebApp:191 - Connection restablished
2025-11-29 13:42:07,920 [INFO] WebApp:194 - Connection lost
2025-11-29 13:42:08,266 [INFO] WebApp:191 - Connection restablished
2025-11-29 14:12:18,392 [INFO] WebApp:194 - Connection lost
2025-11-29 14:12:18,651 [INFO] WebApp:191 - Connection restablished
2025-11-29 14:42:28,895 [INFO] WebApp:194 - Connection lost
2025-11-29 14:42:29,171 [INFO] WebApp:191 - Connection restablished
2025-11-29 15:12:42,417 [INFO] WebApp:194 - Connection lost
2025-11-29 15:12:42,705 [INFO] WebApp:191 - Connection restablished
2025-11-29 15:42:55,398 [INFO] WebApp:194 - Connection lost
2025-11-29 15:42:55,691 [INFO] WebApp:191 - Connection restablished
2025-11-29 16:13:08,970 [INFO] WebApp:194 - Connection lost
2025-11-29 16:13:09,340 [INFO] WebApp:191 - Connection restablished
2025-11-29 16:43:19,417 [INFO] WebApp:194 - Connection lost
2025-11-29 16:43:19,797 [INFO] WebApp:191 - Connection restablished
2025-11-29 16:44:30,323 [ERROR] LogOutputStream:75 - [STDERR_REDIRECT] 
